2024-12-03 06:05:26.993 [info] Log level: Info
2024-12-03 06:05:26.993 [info] VSCODE_MACHINE_ID: ddd9af09-f5a9-46b8-8ac6-d1cdcbcaca4e
2024-12-03 06:05:26.993 [info] VSCODE_SESSION_ID: 7e496b3c-5d59-4890-b345-2b6461e0fa811733205926650
2024-12-03 06:05:26.993 [info] VSCODE_VERSION: 1.95.3
2024-12-03 06:05:26.993 [info] VSCODE_APP_NAME: Gitpod Code
2024-12-03 06:05:26.993 [info] VSCODE_APP_HOST: Gitpod
2024-12-03 06:05:26.993 [info] VSCODE_UI_KIND: web
2024-12-03 06:05:26.993 [info] GITPOD_WORKSPACE_CONTEXT_URL: https://github.com/freeCodeCamp/boilerplate-project-american-british-english-translator/
2024-12-03 06:05:26.993 [info] GITPOD_INSTANCE_ID: cae4de66-b349-4188-be17-b0324c9cc3e8
2024-12-03 06:05:26.993 [info] GITPOD_WORKSPACE_URL: https://freecodecam-boilerplate-g6jmzinuh26.ws-us117.gitpod.io
2024-12-03 06:05:26.993 [info] Gitpod Web 3953e81
2024-12-03 06:05:26.993 [info] Reading sessions from keychain...
2024-12-03 06:05:27.011 [info] Getting sessions for all scopes...
2024-12-03 06:05:27.011 [info] Getting sessions for all scopes...
2024-12-03 06:05:27.011 [info] Getting GitHub sessions for all scopes...
2024-12-03 06:05:27.011 [info] Getting sessions for function:accessCodeSyncStorage...
2024-12-03 06:05:27.011 [info] Got stored sessions!
2024-12-03 06:05:27.011 [info] Verified session with the following scopes: function:accessCodeSyncStorage function:closePort function:controlAdmission function:deleteEnvVar function:generateNewGitpodToken function:getDefaultWorkspaceImage function:getGitpodTokenScopes function:getIDToken function:getLoggedInUser function:getOpenPorts function:getSupportedWorkspaceClasses function:getTeams function:getToken function:getWorkspace function:getWorkspaceEnvVars function:getWorkspaceOwner function:getWorkspaceTimeout function:getWorkspaceUsers function:guessGitTokenScopes function:isWorkspaceOwner function:openPort function:sendHeartBeat function:setEnvVar function:setWorkspaceTimeout function:stopWorkspace function:takeSnapshot function:trackEvent function:updateGitStatus function:waitForSnapshot resource:contentBlob::*::create/get resource:envVar::*/**::update resource:envVar::*/*::update resource:envVar::freeCodeCamp/boilerplate-project-american-british-english-translator::create/get/update/delete resource:gitpodToken::*::create resource:snapshot::ws-freecodecam-boilerplate-g6jmzinuh26::create resource:token::*::get resource:userStorage::*::create/get/update resource:workspace::freecodecam-boilerplate-g6jmzinuh26::get/update resource:workspaceInstance::cae4de66-b349-4188-be17-b0324c9cc3e8::get/update/delete
2024-12-03 06:05:27.012 [info] Got 1 verified sessions.
2024-12-03 06:05:27.012 [info] Got 1 sessions for all scopes...
2024-12-03 06:05:27.012 [info] Got 1 sessions for all scopes...
2024-12-03 06:05:27.012 [info] Got 1 sessions for function:accessCodeSyncStorage...
2024-12-03 06:05:27.162 [info] Got 1 GitHub sessions for all scopes...
2024-12-03 06:05:27.371 [info] Getting GitHub sessions for all scopes...
2024-12-03 06:05:27.371 [info] Getting sessions for all scopes...
2024-12-03 06:05:27.371 [info] Got 1 GitHub sessions for all scopes...
2024-12-03 06:05:27.371 [info] Got 1 sessions for all scopes...
2024-12-03 06:05:27.434 [info] Getting GitHub sessions for all scopes...
2024-12-03 06:05:27.434 [info] Got 1 GitHub sessions for all scopes...
2024-12-03 06:05:27.775 [info] Getting sessions for all scopes...
2024-12-03 06:05:27.775 [info] Getting GitHub sessions for all scopes...
2024-12-03 06:05:27.775 [info] Got 1 sessions for all scopes...
2024-12-03 06:05:27.775 [info] Got 1 GitHub sessions for all scopes...
2024-12-03 06:05:28.184 [info] Getting GitHub sessions for read:user,repo,user:email,workflow...
2024-12-03 06:05:28.184 [info] Got 1 GitHub sessions for read:user,repo,user:email,workflow...
2024-12-03 06:05:28.356 [info] Getting GitHub sessions for project,read:org,read:user,repo,user:email,workflow...
2024-12-03 06:05:28.356 [info] Got 0 GitHub sessions for project,read:org,read:user,repo,user:email,workflow...
2024-12-03 06:05:28.514 [info] Getting GitHub sessions for read:user,repo,user:email,workflow...
2024-12-03 06:05:28.514 [info] Got 1 GitHub sessions for read:user,repo,user:email,workflow...
2024-12-03 10:13:48.684 [error] cannot maintain connection to supervisor 13 INTERNAL: closed
2024-12-03 10:13:49.685 [error] cannot maintain connection to supervisor 13 INTERNAL: closed
2024-12-03 10:13:50.686 [error] cannot maintain connection to supervisor 13 INTERNAL: closed
2024-12-03 10:13:51.688 [error] cannot maintain connection to supervisor 13 INTERNAL: closed
2024-12-03 10:13:52.689 [error] cannot maintain connection to supervisor 13 INTERNAL: closed
2024-12-03 10:13:53.691 [error] cannot maintain connection to supervisor 13 INTERNAL: closed
2024-12-03 10:13:54.692 [error] cannot maintain connection to supervisor 13 INTERNAL: closed
2024-12-03 10:13:55.693 [error] cannot maintain connection to supervisor 13 INTERNAL: closed
2024-12-03 10:13:56.695 [error] cannot maintain connection to supervisor 13 INTERNAL: closed
2024-12-03 10:13:57.696 [error] cannot maintain connection to supervisor 13 INTERNAL: closed
2024-12-03 10:13:58.699 [error] cannot maintain connection to supervisor 13 INTERNAL: closed
2024-12-03 10:13:59.700 [error] cannot maintain connection to supervisor 13 INTERNAL: closed
2024-12-03 10:14:00.702 [error] cannot maintain connection to supervisor 13 INTERNAL: closed
2024-12-03 10:14:01.703 [error] cannot maintain connection to supervisor 13 INTERNAL: closed
