2024-12-05 18:11:01.215 [info] Log level: Info
2024-12-05 18:11:01.294 [info] VSCODE_MACHINE_ID: ddd9af09-f5a9-46b8-8ac6-d1cdcbcaca4e
2024-12-05 18:11:01.294 [info] VSCODE_SESSION_ID: b4dfcbac-13a2-4084-896a-a7d97959e65a1733422259037
2024-12-05 18:11:01.294 [info] VSCODE_VERSION: 1.95.3
2024-12-05 18:11:01.294 [info] VSCODE_APP_NAME: Gitpod Code
2024-12-05 18:11:01.294 [info] VSCODE_APP_HOST: Gitpod
2024-12-05 18:11:01.294 [info] VSCODE_UI_KIND: web
2024-12-05 18:11:01.294 [info] GITPOD_WORKSPACE_CONTEXT_URL: https://github.com/freeCodeCamp/boilerplate-project-american-british-english-translator/
2024-12-05 18:11:01.294 [info] GITPOD_INSTANCE_ID: d70a1848-9d6e-4066-9cef-f1d13a5c17ae
2024-12-05 18:11:01.294 [info] GITPOD_WORKSPACE_URL: https://freecodecam-boilerplate-g6jmzinuh26.ws-us117.gitpod.io
2024-12-05 18:11:01.302 [info] Gitpod Web 3953e81
2024-12-05 18:11:01.302 [info] Reading sessions from keychain...
2024-12-05 18:11:01.893 [info] Getting sessions for all scopes...
2024-12-05 18:11:01.893 [info] Getting sessions for all scopes...
2024-12-05 18:11:01.893 [info] Getting GitHub sessions for all scopes...
2024-12-05 18:11:01.893 [info] Got 1 GitHub sessions for all scopes...
2024-12-05 18:11:01.894 [info] Got stored sessions!
2024-12-05 18:11:01.894 [info] Verified session with the following scopes: function:accessCodeSyncStorage function:closePort function:controlAdmission function:deleteEnvVar function:generateNewGitpodToken function:getDefaultWorkspaceImage function:getGitpodTokenScopes function:getIDToken function:getLoggedInUser function:getOpenPorts function:getSupportedWorkspaceClasses function:getTeams function:getToken function:getWorkspace function:getWorkspaceEnvVars function:getWorkspaceOwner function:getWorkspaceTimeout function:getWorkspaceUsers function:guessGitTokenScopes function:isWorkspaceOwner function:openPort function:sendHeartBeat function:setEnvVar function:setWorkspaceTimeout function:stopWorkspace function:takeSnapshot function:trackEvent function:updateGitStatus function:waitForSnapshot resource:contentBlob::*::create/get resource:envVar::*/**::update resource:envVar::*/*::update resource:envVar::freeCodeCamp/boilerplate-project-american-british-english-translator::create/get/update/delete resource:gitpodToken::*::create resource:snapshot::ws-freecodecam-boilerplate-g6jmzinuh26::create resource:token::*::get resource:userStorage::*::create/get/update resource:workspace::freecodecam-boilerplate-g6jmzinuh26::get/update resource:workspaceInstance::d70a1848-9d6e-4066-9cef-f1d13a5c17ae::get/update/delete
2024-12-05 18:11:01.897 [info] Got 1 verified sessions.
2024-12-05 18:11:01.897 [info] Got 1 sessions for all scopes...
2024-12-05 18:11:01.897 [info] Got 1 sessions for all scopes...
2024-12-05 18:11:03.797 [info] Getting sessions for function:accessCodeSyncStorage...
2024-12-05 18:11:03.797 [info] Got 1 sessions for function:accessCodeSyncStorage...
2024-12-05 18:11:03.818 [info] Getting GitHub sessions for all scopes...
2024-12-05 18:11:03.818 [info] Getting GitHub sessions for all scopes...
2024-12-05 18:11:03.818 [info] Getting sessions for all scopes...
2024-12-05 18:11:03.818 [info] Got 1 GitHub sessions for all scopes...
2024-12-05 18:11:03.818 [info] Got 1 GitHub sessions for all scopes...
2024-12-05 18:11:03.818 [info] Got 1 sessions for all scopes...
2024-12-05 18:11:04.020 [info] Getting GitHub sessions for read:user,repo,user:email,workflow...
2024-12-05 18:11:04.020 [info] Got 1 GitHub sessions for read:user,repo,user:email,workflow...
2024-12-05 18:11:04.197 [info] Getting sessions for all scopes...
2024-12-05 18:11:04.198 [info] Getting GitHub sessions for all scopes...
2024-12-05 18:11:04.198 [info] Got 1 sessions for all scopes...
2024-12-05 18:11:04.198 [info] Got 1 GitHub sessions for all scopes...
2024-12-05 18:11:04.383 [info] Getting GitHub sessions for project,read:org,read:user,repo,user:email,workflow...
2024-12-05 18:11:04.383 [info] Got 0 GitHub sessions for project,read:org,read:user,repo,user:email,workflow...
2024-12-05 18:11:04.681 [info] Getting GitHub sessions for read:user,repo,user:email,workflow...
2024-12-05 18:11:04.681 [info] Got 1 GitHub sessions for read:user,repo,user:email,workflow...
2024-12-05 19:30:36.580 [error] cannot maintain connection to supervisor 13 INTERNAL: closed
2024-12-05 19:30:37.581 [error] cannot maintain connection to supervisor 13 INTERNAL: closed
2024-12-05 19:30:38.582 [error] cannot maintain connection to supervisor 13 INTERNAL: closed
2024-12-05 19:30:39.584 [error] cannot maintain connection to supervisor 13 INTERNAL: closed
2024-12-05 19:30:40.586 [error] cannot maintain connection to supervisor 13 INTERNAL: closed
2024-12-05 19:30:41.588 [error] cannot maintain connection to supervisor 13 INTERNAL: closed
2024-12-05 19:30:42.590 [error] cannot maintain connection to supervisor 13 INTERNAL: closed
2024-12-05 19:30:43.593 [error] cannot maintain connection to supervisor 13 INTERNAL: closed
2024-12-05 19:30:44.594 [error] cannot maintain connection to supervisor 13 INTERNAL: closed
2024-12-05 19:30:45.596 [error] cannot maintain connection to supervisor 13 INTERNAL: closed
2024-12-05 19:30:46.598 [error] cannot maintain connection to supervisor 13 INTERNAL: closed
2024-12-05 19:30:47.599 [error] cannot maintain connection to supervisor 13 INTERNAL: closed
2024-12-05 19:30:48.600 [error] cannot maintain connection to supervisor 13 INTERNAL: closed
2024-12-05 19:30:49.602 [error] cannot maintain connection to supervisor 13 INTERNAL: closed
