2024-12-04 11:30:02.243 [info] Log level: Info
2024-12-04 11:30:02.268 [info] VSCODE_MACHINE_ID: ddd9af09-f5a9-46b8-8ac6-d1cdcbcaca4e
2024-12-04 11:30:02.268 [info] VSCODE_SESSION_ID: 78189c5b-33fa-49d7-9b33-f654e6a706141733311798604
2024-12-04 11:30:02.268 [info] VSCODE_VERSION: 1.95.3
2024-12-04 11:30:02.268 [info] VSCODE_APP_NAME: Gitpod Code
2024-12-04 11:30:02.268 [info] VSCODE_APP_HOST: Gitpod
2024-12-04 11:30:02.268 [info] VSCODE_UI_KIND: web
2024-12-04 11:30:02.268 [info] GITPOD_WORKSPACE_CONTEXT_URL: https://github.com/freeCodeCamp/boilerplate-project-american-british-english-translator/
2024-12-04 11:30:02.268 [info] GITPOD_INSTANCE_ID: ce36088e-758a-4dc6-88af-ddf428a76434
2024-12-04 11:30:02.268 [info] GITPOD_WORKSPACE_URL: https://freecodecam-boilerplate-g6jmzinuh26.ws-us117.gitpod.io
2024-12-04 11:30:02.339 [info] Gitpod Web 3953e81
2024-12-04 11:30:02.339 [info] Reading sessions from keychain...
2024-12-04 11:30:03.130 [info] Getting sessions for all scopes...
2024-12-04 11:30:03.130 [info] Getting sessions for all scopes...
2024-12-04 11:30:03.130 [info] Getting GitHub sessions for all scopes...
2024-12-04 11:30:03.130 [info] Getting sessions for function:accessCodeSyncStorage...
2024-12-04 11:30:03.132 [info] Got stored sessions!
2024-12-04 11:30:03.132 [info] Verified session with the following scopes: function:accessCodeSyncStorage function:closePort function:controlAdmission function:deleteEnvVar function:generateNewGitpodToken function:getDefaultWorkspaceImage function:getGitpodTokenScopes function:getIDToken function:getLoggedInUser function:getOpenPorts function:getSupportedWorkspaceClasses function:getTeams function:getToken function:getWorkspace function:getWorkspaceEnvVars function:getWorkspaceOwner function:getWorkspaceTimeout function:getWorkspaceUsers function:guessGitTokenScopes function:isWorkspaceOwner function:openPort function:sendHeartBeat function:setEnvVar function:setWorkspaceTimeout function:stopWorkspace function:takeSnapshot function:trackEvent function:updateGitStatus function:waitForSnapshot resource:contentBlob::*::create/get resource:envVar::*/**::update resource:envVar::*/*::update resource:envVar::freeCodeCamp/boilerplate-project-american-british-english-translator::create/get/update/delete resource:gitpodToken::*::create resource:snapshot::ws-freecodecam-boilerplate-g6jmzinuh26::create resource:token::*::get resource:userStorage::*::create/get/update resource:workspace::freecodecam-boilerplate-g6jmzinuh26::get/update resource:workspaceInstance::ce36088e-758a-4dc6-88af-ddf428a76434::get/update/delete
2024-12-04 11:30:03.133 [info] Got 1 verified sessions.
2024-12-04 11:30:03.133 [info] Got 1 sessions for all scopes...
2024-12-04 11:30:03.133 [info] Got 1 sessions for all scopes...
2024-12-04 11:30:03.133 [info] Got 1 sessions for function:accessCodeSyncStorage...
2024-12-04 11:30:03.735 [info] Got 1 GitHub sessions for all scopes...
2024-12-04 11:30:04.444 [info] Getting GitHub sessions for all scopes...
2024-12-04 11:30:04.444 [info] Getting sessions for all scopes...
2024-12-04 11:30:04.444 [info] Got 1 GitHub sessions for all scopes...
2024-12-04 11:30:04.445 [info] Got 1 sessions for all scopes...
2024-12-04 11:30:04.844 [info] Getting GitHub sessions for all scopes...
2024-12-04 11:30:04.844 [info] Got 1 GitHub sessions for all scopes...
2024-12-04 11:30:06.483 [info] Getting GitHub sessions for read:user,repo,user:email,workflow...
2024-12-04 11:30:06.483 [info] Got 1 GitHub sessions for read:user,repo,user:email,workflow...
2024-12-04 11:30:07.234 [info] Getting GitHub sessions for project,read:org,read:user,repo,user:email,workflow...
2024-12-04 11:30:07.234 [info] Got 0 GitHub sessions for project,read:org,read:user,repo,user:email,workflow...
2024-12-04 11:30:07.633 [info] Getting GitHub sessions for read:user,repo,user:email,workflow...
2024-12-04 11:30:07.633 [info] Got 1 GitHub sessions for read:user,repo,user:email,workflow...
2024-12-04 13:20:50.929 [error] cannot maintain connection to supervisor 13 INTERNAL: closed
2024-12-04 13:20:51.930 [error] cannot maintain connection to supervisor 13 INTERNAL: closed
2024-12-04 13:20:52.932 [error] cannot maintain connection to supervisor 13 INTERNAL: closed
2024-12-04 13:20:53.933 [error] cannot maintain connection to supervisor 13 INTERNAL: closed
2024-12-04 13:20:54.935 [error] cannot maintain connection to supervisor 13 INTERNAL: closed
2024-12-04 13:20:55.938 [error] cannot maintain connection to supervisor 13 INTERNAL: closed
2024-12-04 13:20:56.939 [error] cannot maintain connection to supervisor 13 INTERNAL: closed
2024-12-04 13:20:57.942 [error] cannot maintain connection to supervisor 13 INTERNAL: closed
2024-12-04 13:20:58.943 [error] cannot maintain connection to supervisor 13 INTERNAL: closed
2024-12-04 13:20:59.945 [error] cannot maintain connection to supervisor 13 INTERNAL: closed
2024-12-04 13:21:00.947 [error] cannot maintain connection to supervisor 13 INTERNAL: closed
2024-12-04 13:21:01.949 [error] cannot maintain connection to supervisor 13 INTERNAL: closed
2024-12-04 13:21:02.951 [error] cannot maintain connection to supervisor 13 INTERNAL: closed
2024-12-04 13:21:03.952 [error] cannot maintain connection to supervisor 13 INTERNAL: closed
