2024-12-05 17:35:37.829 [info] [main] Log level: Info
2024-12-05 17:35:37.829 [info] [main] Validating found git in: "git"
2024-12-05 17:35:37.829 [info] [main] Using git "2.47.0" from "git"
2024-12-05 17:35:37.829 [info] [Model][doInitialScan] Initial repository scan started
2024-12-05 17:35:37.829 [info] > git rev-parse --show-toplevel [107ms]
2024-12-05 17:35:37.829 [info] > git rev-parse --git-dir --git-common-dir [96ms]
2024-12-05 17:35:37.829 [info] [Model][openRepository] Opened repository: /workspace/boilerplate-project-american-british-english-translator
2024-12-05 17:35:37.829 [info] > git rev-parse --show-toplevel [101ms]
2024-12-05 17:35:37.829 [info] > git config --get commit.template [105ms]
2024-12-05 17:35:37.829 [info] > git rev-parse --show-toplevel [11ms]
2024-12-05 17:35:37.829 [info] > git for-each-ref --format=%(refname)%00%(upstream:short)%00%(objectname)%00%(upstream:track)%00%(upstream:remotename)%00%(upstream:remoteref) refs/heads/main refs/remotes/main [9ms]
2024-12-05 17:35:37.829 [warning] [Git][revParse] Unable to read file: ENOENT: no such file or directory, open '/workspace/boilerplate-project-american-british-english-translator/.git/refs/remotes/origin/main'
2024-12-05 17:35:37.829 [info] > git rev-parse --show-toplevel [7ms]
2024-12-05 17:35:37.829 [info] > git rev-parse refs/remotes/origin/main [9ms]
2024-12-05 17:35:37.829 [info] > git status -z -uall [51ms]
2024-12-05 17:35:37.829 [info] > git rev-parse --show-toplevel [58ms]
2024-12-05 17:35:37.829 [info] > git for-each-ref --sort -committerdate --format %(refname) %(objectname) %(*objectname) [12ms]
2024-12-05 17:35:37.829 [info] > git for-each-ref --format=%(refname)%00%(upstream:short)%00%(objectname)%00%(upstream:track)%00%(upstream:remotename)%00%(upstream:remoteref) refs/heads/main refs/remotes/main [8ms]
2024-12-05 17:35:37.829 [info] > git rev-parse --show-toplevel [29ms]
2024-12-05 17:35:37.829 [info] > git config --get commit.template [18ms]
2024-12-05 17:35:37.829 [info] > git config --local branch.main.vscode-merge-base [9ms]
2024-12-05 17:35:37.829 [info] > git rev-parse --show-toplevel [63ms]
2024-12-05 17:35:37.829 [info] [Model][doInitialScan] Initial repository scan completed - repositories (1), closed repositories (0), parent repositories (0), unsafe repositories (0)
2024-12-05 17:35:37.829 [info] > git for-each-ref --format=%(refname)%00%(upstream:short)%00%(objectname)%00%(upstream:track)%00%(upstream:remotename)%00%(upstream:remoteref) refs/heads/main refs/remotes/main [15ms]
2024-12-05 17:35:37.829 [info] > git for-each-ref --format=%(refname)%00%(upstream:short)%00%(objectname)%00%(upstream:track)%00%(upstream:remotename)%00%(upstream:remoteref) refs/heads/origin/main refs/remotes/origin/main [62ms]
2024-12-05 17:35:37.829 [warning] [Git][revParse] Unable to read file: ENOENT: no such file or directory, open '/workspace/boilerplate-project-american-british-english-translator/.git/refs/remotes/origin/main'
2024-12-05 17:35:37.829 [info] > git merge-base refs/heads/main refs/remotes/origin/main [17ms]
2024-12-05 17:35:37.829 [info] > git rev-parse refs/remotes/origin/main [6ms]
2024-12-05 17:35:37.829 [info] > git status -z -uall [4ms]
2024-12-05 17:35:37.829 [info] > git diff --name-status -z --diff-filter=ADMR 999fb93e3cd9a83a6888ad8f91834ea587ab2c51...refs/remotes/origin/main [9ms]
2024-12-05 17:35:37.830 [info] > git for-each-ref --sort -committerdate --format %(refname) %(objectname) %(*objectname) [2ms]
2024-12-05 17:35:38.339 [info] > git check-ignore -v -z --stdin [3ms]
2024-12-05 17:35:38.873 [info] > git show --textconv :routes/api.js [8ms]
2024-12-05 17:35:38.874 [info] > git ls-files --stage -- /workspace/boilerplate-project-american-british-english-translator/routes/api.js [3ms]
2024-12-05 17:35:38.885 [info] > git cat-file -s 2cd7778f546c1c346c39d003964c592a7f893232 [6ms]
2024-12-05 17:35:40.195 [info] > git config --local branch.main.github-pr-owner-number [208ms]
2024-12-05 17:35:40.195 [warning] [Git][config] git config failed: Failed to execute git
2024-12-05 17:35:43.132 [info] > git show --textconv :.env [5ms]
2024-12-05 17:35:43.134 [info] > git ls-files --stage -- /workspace/boilerplate-project-american-british-english-translator/.env [3ms]
2024-12-05 17:35:45.579 [info] > git show --textconv :routes/api.js [5ms]
2024-12-05 17:35:45.581 [info] > git ls-files --stage -- /workspace/boilerplate-project-american-british-english-translator/routes/api.js [2ms]
2024-12-05 17:35:45.590 [info] > git cat-file -s 2cd7778f546c1c346c39d003964c592a7f893232 [4ms]
2024-12-05 17:35:46.853 [info] > git config --get commit.template [5ms]
2024-12-05 17:35:46.855 [info] > git for-each-ref --format=%(refname)%00%(upstream:short)%00%(objectname)%00%(upstream:track)%00%(upstream:remotename)%00%(upstream:remoteref) refs/heads/main refs/remotes/main [2ms]
2024-12-05 17:35:46.859 [warning] [Git][revParse] Unable to read file: ENOENT: no such file or directory, open '/workspace/boilerplate-project-american-british-english-translator/.git/refs/remotes/origin/main'
2024-12-05 17:35:46.861 [info] > git rev-parse refs/remotes/origin/main [2ms]
2024-12-05 17:35:46.877 [info] > git status -z -uall [10ms]
2024-12-05 17:35:46.878 [info] > git for-each-ref --sort -committerdate --format %(refname) %(objectname) %(*objectname) [2ms]
2024-12-05 17:36:54.208 [info] > git config --get commit.template [7ms]
2024-12-05 17:36:54.209 [info] > git for-each-ref --format=%(refname)%00%(upstream:short)%00%(objectname)%00%(upstream:track)%00%(upstream:remotename)%00%(upstream:remoteref) refs/heads/main refs/remotes/main [2ms]
2024-12-05 17:36:54.215 [warning] [Git][revParse] Unable to read file: ENOENT: no such file or directory, open '/workspace/boilerplate-project-american-british-english-translator/.git/refs/remotes/origin/main'
2024-12-05 17:36:54.217 [info] > git rev-parse refs/remotes/origin/main [3ms]
2024-12-05 17:36:54.230 [info] > git status -z -uall [8ms]
2024-12-05 17:36:54.230 [info] > git for-each-ref --sort -committerdate --format %(refname) %(objectname) %(*objectname) [3ms]
2024-12-05 17:37:08.390 [info] > git config --get commit.template [5ms]
2024-12-05 17:37:08.391 [info] > git for-each-ref --format=%(refname)%00%(upstream:short)%00%(objectname)%00%(upstream:track)%00%(upstream:remotename)%00%(upstream:remoteref) refs/heads/main refs/remotes/main [3ms]
2024-12-05 17:37:08.396 [warning] [Git][revParse] Unable to read file: ENOENT: no such file or directory, open '/workspace/boilerplate-project-american-british-english-translator/.git/refs/remotes/origin/main'
2024-12-05 17:37:08.398 [info] > git rev-parse refs/remotes/origin/main [1ms]
2024-12-05 17:37:08.408 [info] > git status -z -uall [7ms]
2024-12-05 17:37:08.410 [info] > git for-each-ref --sort -committerdate --format %(refname) %(objectname) %(*objectname) [3ms]
2024-12-05 17:37:13.426 [info] > git config --get commit.template [6ms]
2024-12-05 17:37:13.428 [info] > git for-each-ref --format=%(refname)%00%(upstream:short)%00%(objectname)%00%(upstream:track)%00%(upstream:remotename)%00%(upstream:remoteref) refs/heads/main refs/remotes/main [3ms]
2024-12-05 17:37:13.433 [warning] [Git][revParse] Unable to read file: ENOENT: no such file or directory, open '/workspace/boilerplate-project-american-british-english-translator/.git/refs/remotes/origin/main'
2024-12-05 17:37:13.435 [info] > git rev-parse refs/remotes/origin/main [2ms]
2024-12-05 17:37:13.445 [info] > git status -z -uall [5ms]
2024-12-05 17:37:13.447 [info] > git for-each-ref --sort -committerdate --format %(refname) %(objectname) %(*objectname) [2ms]
2024-12-05 17:40:39.229 [info] > git config --get commit.template [5ms]
2024-12-05 17:40:39.230 [info] > git for-each-ref --format=%(refname)%00%(upstream:short)%00%(objectname)%00%(upstream:track)%00%(upstream:remotename)%00%(upstream:remoteref) refs/heads/main refs/remotes/main [2ms]
2024-12-05 17:40:39.263 [warning] [Git][revParse] Unable to read file: ENOENT: no such file or directory, open '/workspace/boilerplate-project-american-british-english-translator/.git/refs/remotes/origin/main'
2024-12-05 17:40:39.265 [info] > git rev-parse refs/remotes/origin/main [2ms]
2024-12-05 17:40:39.274 [info] > git status -z -uall [4ms]
2024-12-05 17:40:39.277 [info] > git for-each-ref --sort -committerdate --format %(refname) %(objectname) %(*objectname) [3ms]
2024-12-05 17:40:44.291 [info] > git config --get commit.template [6ms]
2024-12-05 17:40:44.292 [info] > git for-each-ref --format=%(refname)%00%(upstream:short)%00%(objectname)%00%(upstream:track)%00%(upstream:remotename)%00%(upstream:remoteref) refs/heads/main refs/remotes/main [2ms]
2024-12-05 17:40:44.297 [warning] [Git][revParse] Unable to read file: ENOENT: no such file or directory, open '/workspace/boilerplate-project-american-british-english-translator/.git/refs/remotes/origin/main'
2024-12-05 17:40:44.299 [info] > git rev-parse refs/remotes/origin/main [2ms]
2024-12-05 17:40:44.309 [info] > git status -z -uall [5ms]
2024-12-05 17:40:44.310 [info] > git for-each-ref --sort -committerdate --format %(refname) %(objectname) %(*objectname) [2ms]
2024-12-05 17:40:49.322 [info] > git config --get commit.template [5ms]
2024-12-05 17:40:49.324 [info] > git for-each-ref --format=%(refname)%00%(upstream:short)%00%(objectname)%00%(upstream:track)%00%(upstream:remotename)%00%(upstream:remoteref) refs/heads/main refs/remotes/main [2ms]
2024-12-05 17:40:49.327 [warning] [Git][revParse] Unable to read file: ENOENT: no such file or directory, open '/workspace/boilerplate-project-american-british-english-translator/.git/refs/remotes/origin/main'
2024-12-05 17:40:49.329 [info] > git rev-parse refs/remotes/origin/main [2ms]
2024-12-05 17:40:49.337 [info] > git status -z -uall [5ms]
2024-12-05 17:40:49.339 [info] > git for-each-ref --sort -committerdate --format %(refname) %(objectname) %(*objectname) [2ms]
2024-12-05 17:40:58.921 [info] > git config --get commit.template [7ms]
2024-12-05 17:40:58.923 [info] > git for-each-ref --format=%(refname)%00%(upstream:short)%00%(objectname)%00%(upstream:track)%00%(upstream:remotename)%00%(upstream:remoteref) refs/heads/main refs/remotes/main [2ms]
2024-12-05 17:40:58.928 [warning] [Git][revParse] Unable to read file: ENOENT: no such file or directory, open '/workspace/boilerplate-project-american-british-english-translator/.git/refs/remotes/origin/main'
2024-12-05 17:40:58.930 [info] > git rev-parse refs/remotes/origin/main [2ms]
2024-12-05 17:40:58.938 [info] > git status -z -uall [4ms]
2024-12-05 17:40:58.940 [info] > git for-each-ref --sort -committerdate --format %(refname) %(objectname) %(*objectname) [2ms]
2024-12-05 17:41:03.951 [info] > git config --get commit.template [4ms]
2024-12-05 17:41:03.952 [info] > git for-each-ref --format=%(refname)%00%(upstream:short)%00%(objectname)%00%(upstream:track)%00%(upstream:remotename)%00%(upstream:remoteref) refs/heads/main refs/remotes/main [1ms]
2024-12-05 17:41:03.956 [warning] [Git][revParse] Unable to read file: ENOENT: no such file or directory, open '/workspace/boilerplate-project-american-british-english-translator/.git/refs/remotes/origin/main'
2024-12-05 17:41:03.957 [info] > git rev-parse refs/remotes/origin/main [1ms]
2024-12-05 17:41:03.965 [info] > git status -z -uall [4ms]
2024-12-05 17:41:03.966 [info] > git for-each-ref --sort -committerdate --format %(refname) %(objectname) %(*objectname) [2ms]
2024-12-05 17:45:05.153 [info] > git config --get commit.template [4ms]
2024-12-05 17:45:05.155 [info] > git for-each-ref --format=%(refname)%00%(upstream:short)%00%(objectname)%00%(upstream:track)%00%(upstream:remotename)%00%(upstream:remoteref) refs/heads/main refs/remotes/main [2ms]
2024-12-05 17:45:05.158 [warning] [Git][revParse] Unable to read file: ENOENT: no such file or directory, open '/workspace/boilerplate-project-american-british-english-translator/.git/refs/remotes/origin/main'
2024-12-05 17:45:05.159 [info] > git rev-parse refs/remotes/origin/main [1ms]
2024-12-05 17:45:05.167 [info] > git status -z -uall [4ms]
2024-12-05 17:45:05.168 [info] > git for-each-ref --sort -committerdate --format %(refname) %(objectname) %(*objectname) [2ms]
2024-12-05 17:45:10.181 [info] > git config --get commit.template [4ms]
2024-12-05 17:45:10.182 [info] > git for-each-ref --format=%(refname)%00%(upstream:short)%00%(objectname)%00%(upstream:track)%00%(upstream:remotename)%00%(upstream:remoteref) refs/heads/main refs/remotes/main [2ms]
2024-12-05 17:45:10.186 [warning] [Git][revParse] Unable to read file: ENOENT: no such file or directory, open '/workspace/boilerplate-project-american-british-english-translator/.git/refs/remotes/origin/main'
2024-12-05 17:45:10.188 [info] > git rev-parse refs/remotes/origin/main [2ms]
2024-12-05 17:45:10.197 [info] > git status -z -uall [5ms]
2024-12-05 17:45:10.199 [info] > git for-each-ref --sort -committerdate --format %(refname) %(objectname) %(*objectname) [3ms]
2024-12-05 17:46:29.128 [info] > git config --get commit.template [4ms]
2024-12-05 17:46:29.129 [info] > git for-each-ref --format=%(refname)%00%(upstream:short)%00%(objectname)%00%(upstream:track)%00%(upstream:remotename)%00%(upstream:remoteref) refs/heads/main refs/remotes/main [2ms]
2024-12-05 17:46:29.133 [warning] [Git][revParse] Unable to read file: ENOENT: no such file or directory, open '/workspace/boilerplate-project-american-british-english-translator/.git/refs/remotes/origin/main'
2024-12-05 17:46:29.134 [info] > git rev-parse refs/remotes/origin/main [1ms]
2024-12-05 17:46:29.142 [info] > git status -z -uall [4ms]
2024-12-05 17:46:29.143 [info] > git for-each-ref --sort -committerdate --format %(refname) %(objectname) %(*objectname) [2ms]
2024-12-05 17:46:38.664 [info] > git config --get commit.template [6ms]
2024-12-05 17:46:38.665 [info] > git for-each-ref --format=%(refname)%00%(upstream:short)%00%(objectname)%00%(upstream:track)%00%(upstream:remotename)%00%(upstream:remoteref) refs/heads/main refs/remotes/main [2ms]
2024-12-05 17:46:38.669 [warning] [Git][revParse] Unable to read file: ENOENT: no such file or directory, open '/workspace/boilerplate-project-american-british-english-translator/.git/refs/remotes/origin/main'
2024-12-05 17:46:38.671 [info] > git rev-parse refs/remotes/origin/main [2ms]
2024-12-05 17:46:38.679 [info] > git status -z -uall [4ms]
2024-12-05 17:46:38.681 [info] > git for-each-ref --sort -committerdate --format %(refname) %(objectname) %(*objectname) [2ms]
2024-12-05 17:46:43.694 [info] > git config --get commit.template [5ms]
2024-12-05 17:46:43.696 [info] > git for-each-ref --format=%(refname)%00%(upstream:short)%00%(objectname)%00%(upstream:track)%00%(upstream:remotename)%00%(upstream:remoteref) refs/heads/main refs/remotes/main [3ms]
2024-12-05 17:46:43.699 [warning] [Git][revParse] Unable to read file: ENOENT: no such file or directory, open '/workspace/boilerplate-project-american-british-english-translator/.git/refs/remotes/origin/main'
2024-12-05 17:46:43.701 [info] > git rev-parse refs/remotes/origin/main [2ms]
2024-12-05 17:46:43.708 [info] > git status -z -uall [4ms]
2024-12-05 17:46:43.710 [info] > git for-each-ref --sort -committerdate --format %(refname) %(objectname) %(*objectname) [2ms]
2024-12-05 17:46:48.722 [info] > git config --get commit.template [5ms]
2024-12-05 17:46:48.723 [info] > git for-each-ref --format=%(refname)%00%(upstream:short)%00%(objectname)%00%(upstream:track)%00%(upstream:remotename)%00%(upstream:remoteref) refs/heads/main refs/remotes/main [2ms]
2024-12-05 17:46:48.729 [warning] [Git][revParse] Unable to read file: ENOENT: no such file or directory, open '/workspace/boilerplate-project-american-british-english-translator/.git/refs/remotes/origin/main'
2024-12-05 17:46:48.730 [info] > git rev-parse refs/remotes/origin/main [1ms]
2024-12-05 17:46:48.741 [info] > git status -z -uall [6ms]
2024-12-05 17:46:48.743 [info] > git for-each-ref --sort -committerdate --format %(refname) %(objectname) %(*objectname) [3ms]
2024-12-05 17:47:19.089 [info] > git config --get commit.template [7ms]
2024-12-05 17:47:19.091 [info] > git for-each-ref --format=%(refname)%00%(upstream:short)%00%(objectname)%00%(upstream:track)%00%(upstream:remotename)%00%(upstream:remoteref) refs/heads/main refs/remotes/main [3ms]
2024-12-05 17:47:19.095 [warning] [Git][revParse] Unable to read file: ENOENT: no such file or directory, open '/workspace/boilerplate-project-american-british-english-translator/.git/refs/remotes/origin/main'
2024-12-05 17:47:19.097 [info] > git rev-parse refs/remotes/origin/main [2ms]
2024-12-05 17:47:19.107 [info] > git status -z -uall [5ms]
2024-12-05 17:47:19.109 [info] > git for-each-ref --sort -committerdate --format %(refname) %(objectname) %(*objectname) [3ms]
2024-12-05 17:47:29.670 [info] > git config --get commit.template [6ms]
2024-12-05 17:47:29.671 [info] > git for-each-ref --format=%(refname)%00%(upstream:short)%00%(objectname)%00%(upstream:track)%00%(upstream:remotename)%00%(upstream:remoteref) refs/heads/main refs/remotes/main [2ms]
2024-12-05 17:47:29.676 [warning] [Git][revParse] Unable to read file: ENOENT: no such file or directory, open '/workspace/boilerplate-project-american-british-english-translator/.git/refs/remotes/origin/main'
2024-12-05 17:47:29.677 [info] > git rev-parse refs/remotes/origin/main [2ms]
2024-12-05 17:47:29.687 [info] > git status -z -uall [6ms]
2024-12-05 17:47:29.689 [info] > git for-each-ref --sort -committerdate --format %(refname) %(objectname) %(*objectname) [3ms]
2024-12-05 17:48:07.134 [info] > git config --get commit.template [4ms]
2024-12-05 17:48:07.135 [info] > git for-each-ref --format=%(refname)%00%(upstream:short)%00%(objectname)%00%(upstream:track)%00%(upstream:remotename)%00%(upstream:remoteref) refs/heads/main refs/remotes/main [2ms]
2024-12-05 17:48:07.140 [warning] [Git][revParse] Unable to read file: ENOENT: no such file or directory, open '/workspace/boilerplate-project-american-british-english-translator/.git/refs/remotes/origin/main'
2024-12-05 17:48:07.142 [info] > git rev-parse refs/remotes/origin/main [2ms]
2024-12-05 17:48:07.151 [info] > git status -z -uall [5ms]
2024-12-05 17:48:07.153 [info] > git for-each-ref --sort -committerdate --format %(refname) %(objectname) %(*objectname) [2ms]
2024-12-05 17:48:36.369 [info] > git config --get commit.template [4ms]
2024-12-05 17:48:36.370 [info] > git for-each-ref --format=%(refname)%00%(upstream:short)%00%(objectname)%00%(upstream:track)%00%(upstream:remotename)%00%(upstream:remoteref) refs/heads/main refs/remotes/main [2ms]
2024-12-05 17:48:36.374 [warning] [Git][revParse] Unable to read file: ENOENT: no such file or directory, open '/workspace/boilerplate-project-american-british-english-translator/.git/refs/remotes/origin/main'
2024-12-05 17:48:36.375 [info] > git rev-parse refs/remotes/origin/main [2ms]
2024-12-05 17:48:36.383 [info] > git status -z -uall [4ms]
2024-12-05 17:48:36.385 [info] > git for-each-ref --sort -committerdate --format %(refname) %(objectname) %(*objectname) [2ms]
2024-12-05 17:48:41.397 [info] > git config --get commit.template [5ms]
2024-12-05 17:48:41.398 [info] > git for-each-ref --format=%(refname)%00%(upstream:short)%00%(objectname)%00%(upstream:track)%00%(upstream:remotename)%00%(upstream:remoteref) refs/heads/main refs/remotes/main [2ms]
2024-12-05 17:48:41.402 [warning] [Git][revParse] Unable to read file: ENOENT: no such file or directory, open '/workspace/boilerplate-project-american-british-english-translator/.git/refs/remotes/origin/main'
2024-12-05 17:48:41.404 [info] > git rev-parse refs/remotes/origin/main [2ms]
2024-12-05 17:48:41.412 [info] > git status -z -uall [4ms]
2024-12-05 17:48:41.413 [info] > git for-each-ref --sort -committerdate --format %(refname) %(objectname) %(*objectname) [2ms]
2024-12-05 17:49:07.825 [info] > git config --get commit.template [5ms]
2024-12-05 17:49:07.826 [info] > git for-each-ref --format=%(refname)%00%(upstream:short)%00%(objectname)%00%(upstream:track)%00%(upstream:remotename)%00%(upstream:remoteref) refs/heads/main refs/remotes/main [2ms]
2024-12-05 17:49:07.830 [warning] [Git][revParse] Unable to read file: ENOENT: no such file or directory, open '/workspace/boilerplate-project-american-british-english-translator/.git/refs/remotes/origin/main'
2024-12-05 17:49:07.831 [info] > git rev-parse refs/remotes/origin/main [1ms]
2024-12-05 17:49:07.840 [info] > git status -z -uall [5ms]
2024-12-05 17:49:07.842 [info] > git for-each-ref --sort -committerdate --format %(refname) %(objectname) %(*objectname) [3ms]
2024-12-05 17:49:26.504 [info] > git show --textconv :components/american-to-british-titles.js [6ms]
2024-12-05 17:49:26.505 [info] > git ls-files --stage -- /workspace/boilerplate-project-american-british-english-translator/components/american-to-british-titles.js [2ms]
2024-12-05 17:49:26.512 [info] > git cat-file -s 59b47176a0173d66f22470abd47fa24b674e08fb [3ms]
2024-12-05 17:49:40.819 [info] > git show --textconv :components/translator.js [5ms]
2024-12-05 17:49:40.820 [info] > git ls-files --stage -- /workspace/boilerplate-project-american-british-english-translator/components/translator.js [1ms]
2024-12-05 17:49:40.827 [info] > git cat-file -s 75f7ccb798ff159911da18a1251d19cca90c29cf [2ms]
2024-12-05 17:49:43.928 [info] > git show --textconv :routes/api.js [6ms]
2024-12-05 17:49:43.929 [info] > git ls-files --stage -- /workspace/boilerplate-project-american-british-english-translator/routes/api.js [2ms]
2024-12-05 17:49:43.938 [info] > git cat-file -s 2cd7778f546c1c346c39d003964c592a7f893232 [3ms]
2024-12-05 17:50:54.103 [info] > git config --get commit.template [8ms]
2024-12-05 17:50:54.105 [info] > git for-each-ref --format=%(refname)%00%(upstream:short)%00%(objectname)%00%(upstream:track)%00%(upstream:remotename)%00%(upstream:remoteref) refs/heads/main refs/remotes/main [3ms]
2024-12-05 17:50:54.111 [warning] [Git][revParse] Unable to read file: ENOENT: no such file or directory, open '/workspace/boilerplate-project-american-british-english-translator/.git/refs/remotes/origin/main'
2024-12-05 17:50:54.113 [info] > git rev-parse refs/remotes/origin/main [2ms]
2024-12-05 17:50:54.129 [info] > git status -z -uall [9ms]
2024-12-05 17:50:54.130 [info] > git for-each-ref --sort -committerdate --format %(refname) %(objectname) %(*objectname) [3ms]
2024-12-05 17:51:16.801 [info] > git config --get commit.template [5ms]
2024-12-05 17:51:16.802 [info] > git for-each-ref --format=%(refname)%00%(upstream:short)%00%(objectname)%00%(upstream:track)%00%(upstream:remotename)%00%(upstream:remoteref) refs/heads/main refs/remotes/main [2ms]
2024-12-05 17:51:16.806 [warning] [Git][revParse] Unable to read file: ENOENT: no such file or directory, open '/workspace/boilerplate-project-american-british-english-translator/.git/refs/remotes/origin/main'
2024-12-05 17:51:16.807 [info] > git rev-parse refs/remotes/origin/main [1ms]
2024-12-05 17:51:16.815 [info] > git status -z -uall [4ms]
2024-12-05 17:51:16.817 [info] > git for-each-ref --sort -committerdate --format %(refname) %(objectname) %(*objectname) [3ms]
2024-12-05 17:51:21.827 [info] > git config --get commit.template [4ms]
2024-12-05 17:51:21.828 [info] > git for-each-ref --format=%(refname)%00%(upstream:short)%00%(objectname)%00%(upstream:track)%00%(upstream:remotename)%00%(upstream:remoteref) refs/heads/main refs/remotes/main [2ms]
2024-12-05 17:51:21.832 [warning] [Git][revParse] Unable to read file: ENOENT: no such file or directory, open '/workspace/boilerplate-project-american-british-english-translator/.git/refs/remotes/origin/main'
2024-12-05 17:51:21.833 [info] > git rev-parse refs/remotes/origin/main [1ms]
2024-12-05 17:51:21.840 [info] > git status -z -uall [4ms]
2024-12-05 17:51:21.842 [info] > git for-each-ref --sort -committerdate --format %(refname) %(objectname) %(*objectname) [2ms]
2024-12-05 17:51:26.853 [info] > git config --get commit.template [5ms]
2024-12-05 17:51:26.854 [info] > git for-each-ref --format=%(refname)%00%(upstream:short)%00%(objectname)%00%(upstream:track)%00%(upstream:remotename)%00%(upstream:remoteref) refs/heads/main refs/remotes/main [2ms]
2024-12-05 17:51:26.859 [warning] [Git][revParse] Unable to read file: ENOENT: no such file or directory, open '/workspace/boilerplate-project-american-british-english-translator/.git/refs/remotes/origin/main'
2024-12-05 17:51:26.860 [info] > git rev-parse refs/remotes/origin/main [1ms]
2024-12-05 17:51:26.869 [info] > git status -z -uall [5ms]
2024-12-05 17:51:26.870 [info] > git for-each-ref --sort -committerdate --format %(refname) %(objectname) %(*objectname) [2ms]
2024-12-05 17:51:33.022 [info] > git config --get commit.template [6ms]
2024-12-05 17:51:33.024 [info] > git for-each-ref --format=%(refname)%00%(upstream:short)%00%(objectname)%00%(upstream:track)%00%(upstream:remotename)%00%(upstream:remoteref) refs/heads/main refs/remotes/main [3ms]
2024-12-05 17:51:33.028 [warning] [Git][revParse] Unable to read file: ENOENT: no such file or directory, open '/workspace/boilerplate-project-american-british-english-translator/.git/refs/remotes/origin/main'
2024-12-05 17:51:33.031 [info] > git rev-parse refs/remotes/origin/main [2ms]
2024-12-05 17:51:33.042 [info] > git status -z -uall [6ms]
2024-12-05 17:51:33.044 [info] > git for-each-ref --sort -committerdate --format %(refname) %(objectname) %(*objectname) [3ms]
2024-12-05 17:51:44.400 [info] > git config --get commit.template [4ms]
2024-12-05 17:51:44.401 [info] > git for-each-ref --format=%(refname)%00%(upstream:short)%00%(objectname)%00%(upstream:track)%00%(upstream:remotename)%00%(upstream:remoteref) refs/heads/main refs/remotes/main [2ms]
2024-12-05 17:51:44.405 [warning] [Git][revParse] Unable to read file: ENOENT: no such file or directory, open '/workspace/boilerplate-project-american-british-english-translator/.git/refs/remotes/origin/main'
2024-12-05 17:51:44.407 [info] > git rev-parse refs/remotes/origin/main [1ms]
2024-12-05 17:51:44.414 [info] > git status -z -uall [3ms]
2024-12-05 17:51:44.416 [info] > git for-each-ref --sort -committerdate --format %(refname) %(objectname) %(*objectname) [2ms]
2024-12-05 17:52:21.078 [info] > git config --get commit.template [5ms]
2024-12-05 17:52:21.079 [info] > git for-each-ref --format=%(refname)%00%(upstream:short)%00%(objectname)%00%(upstream:track)%00%(upstream:remotename)%00%(upstream:remoteref) refs/heads/main refs/remotes/main [2ms]
2024-12-05 17:52:21.083 [warning] [Git][revParse] Unable to read file: ENOENT: no such file or directory, open '/workspace/boilerplate-project-american-british-english-translator/.git/refs/remotes/origin/main'
2024-12-05 17:52:21.085 [info] > git rev-parse refs/remotes/origin/main [2ms]
2024-12-05 17:52:21.093 [info] > git status -z -uall [4ms]
2024-12-05 17:52:21.094 [info] > git for-each-ref --sort -committerdate --format %(refname) %(objectname) %(*objectname) [2ms]
2024-12-05 17:52:27.606 [info] > git config --get commit.template [6ms]
2024-12-05 17:52:27.609 [info] > git for-each-ref --format=%(refname)%00%(upstream:short)%00%(objectname)%00%(upstream:track)%00%(upstream:remotename)%00%(upstream:remoteref) refs/heads/main refs/remotes/main [3ms]
2024-12-05 17:52:27.614 [warning] [Git][revParse] Unable to read file: ENOENT: no such file or directory, open '/workspace/boilerplate-project-american-british-english-translator/.git/refs/remotes/origin/main'
2024-12-05 17:52:27.616 [info] > git rev-parse refs/remotes/origin/main [2ms]
2024-12-05 17:52:27.626 [info] > git status -z -uall [6ms]
2024-12-05 17:52:27.628 [info] > git for-each-ref --sort -committerdate --format %(refname) %(objectname) %(*objectname) [3ms]
2024-12-05 17:52:59.973 [info] > git config --get commit.template [5ms]
2024-12-05 17:52:59.975 [info] > git for-each-ref --format=%(refname)%00%(upstream:short)%00%(objectname)%00%(upstream:track)%00%(upstream:remotename)%00%(upstream:remoteref) refs/heads/main refs/remotes/main [3ms]
2024-12-05 17:52:59.978 [warning] [Git][revParse] Unable to read file: ENOENT: no such file or directory, open '/workspace/boilerplate-project-american-british-english-translator/.git/refs/remotes/origin/main'
2024-12-05 17:52:59.980 [info] > git rev-parse refs/remotes/origin/main [2ms]
2024-12-05 17:52:59.987 [info] > git status -z -uall [4ms]
2024-12-05 17:52:59.988 [info] > git for-each-ref --sort -committerdate --format %(refname) %(objectname) %(*objectname) [2ms]
2024-12-05 17:53:05.818 [info] > git config --get commit.template [5ms]
2024-12-05 17:53:05.819 [info] > git for-each-ref --format=%(refname)%00%(upstream:short)%00%(objectname)%00%(upstream:track)%00%(upstream:remotename)%00%(upstream:remoteref) refs/heads/main refs/remotes/main [2ms]
2024-12-05 17:53:05.823 [warning] [Git][revParse] Unable to read file: ENOENT: no such file or directory, open '/workspace/boilerplate-project-american-british-english-translator/.git/refs/remotes/origin/main'
2024-12-05 17:53:05.825 [info] > git rev-parse refs/remotes/origin/main [2ms]
2024-12-05 17:53:05.833 [info] > git status -z -uall [4ms]
2024-12-05 17:53:05.834 [info] > git for-each-ref --sort -committerdate --format %(refname) %(objectname) %(*objectname) [2ms]
2024-12-05 17:53:10.847 [info] > git config --get commit.template [5ms]
2024-12-05 17:53:10.848 [info] > git for-each-ref --format=%(refname)%00%(upstream:short)%00%(objectname)%00%(upstream:track)%00%(upstream:remotename)%00%(upstream:remoteref) refs/heads/main refs/remotes/main [2ms]
2024-12-05 17:53:10.852 [warning] [Git][revParse] Unable to read file: ENOENT: no such file or directory, open '/workspace/boilerplate-project-american-british-english-translator/.git/refs/remotes/origin/main'
2024-12-05 17:53:10.854 [info] > git rev-parse refs/remotes/origin/main [2ms]
2024-12-05 17:53:10.862 [info] > git status -z -uall [4ms]
2024-12-05 17:53:10.864 [info] > git for-each-ref --sort -committerdate --format %(refname) %(objectname) %(*objectname) [2ms]
2024-12-05 17:53:16.591 [info] > git config --get commit.template [5ms]
2024-12-05 17:53:16.593 [info] > git for-each-ref --format=%(refname)%00%(upstream:short)%00%(objectname)%00%(upstream:track)%00%(upstream:remotename)%00%(upstream:remoteref) refs/heads/main refs/remotes/main [2ms]
2024-12-05 17:53:16.597 [warning] [Git][revParse] Unable to read file: ENOENT: no such file or directory, open '/workspace/boilerplate-project-american-british-english-translator/.git/refs/remotes/origin/main'
2024-12-05 17:53:16.598 [info] > git rev-parse refs/remotes/origin/main [1ms]
2024-12-05 17:53:16.607 [info] > git status -z -uall [5ms]
2024-12-05 17:53:16.609 [info] > git for-each-ref --sort -committerdate --format %(refname) %(objectname) %(*objectname) [3ms]
2024-12-05 17:53:35.959 [info] > git show --textconv :components/american-to-british-titles.js [5ms]
2024-12-05 17:53:35.960 [info] > git ls-files --stage -- /workspace/boilerplate-project-american-british-english-translator/components/american-to-british-titles.js [2ms]
2024-12-05 17:53:35.965 [info] > git cat-file -s 59b47176a0173d66f22470abd47fa24b674e08fb [2ms]
2024-12-05 17:53:37.333 [info] > git show --textconv :components/translator.js [6ms]
2024-12-05 17:53:37.334 [info] > git ls-files --stage -- /workspace/boilerplate-project-american-british-english-translator/components/translator.js [2ms]
2024-12-05 17:53:37.340 [info] > git cat-file -s 75f7ccb798ff159911da18a1251d19cca90c29cf [2ms]
2024-12-05 17:53:44.141 [info] > git show --textconv :routes/api.js [4ms]
2024-12-05 17:53:44.142 [info] > git ls-files --stage -- /workspace/boilerplate-project-american-british-english-translator/routes/api.js [2ms]
2024-12-05 17:53:44.147 [info] > git cat-file -s 2cd7778f546c1c346c39d003964c592a7f893232 [2ms]
2024-12-05 17:54:03.936 [info] > git config --get commit.template [5ms]
2024-12-05 17:54:03.938 [info] > git for-each-ref --format=%(refname)%00%(upstream:short)%00%(objectname)%00%(upstream:track)%00%(upstream:remotename)%00%(upstream:remoteref) refs/heads/main refs/remotes/main [3ms]
2024-12-05 17:54:03.941 [warning] [Git][revParse] Unable to read file: ENOENT: no such file or directory, open '/workspace/boilerplate-project-american-british-english-translator/.git/refs/remotes/origin/main'
2024-12-05 17:54:03.942 [info] > git rev-parse refs/remotes/origin/main [1ms]
2024-12-05 17:54:03.950 [info] > git status -z -uall [4ms]
2024-12-05 17:54:03.952 [info] > git for-each-ref --sort -committerdate --format %(refname) %(objectname) %(*objectname) [2ms]
2024-12-05 17:54:15.706 [info] > git config --get commit.template [5ms]
2024-12-05 17:54:15.708 [info] > git for-each-ref --format=%(refname)%00%(upstream:short)%00%(objectname)%00%(upstream:track)%00%(upstream:remotename)%00%(upstream:remoteref) refs/heads/main refs/remotes/main [2ms]
2024-12-05 17:54:15.712 [warning] [Git][revParse] Unable to read file: ENOENT: no such file or directory, open '/workspace/boilerplate-project-american-british-english-translator/.git/refs/remotes/origin/main'
2024-12-05 17:54:15.714 [info] > git rev-parse refs/remotes/origin/main [2ms]
2024-12-05 17:54:15.723 [info] > git status -z -uall [5ms]
2024-12-05 17:54:15.725 [info] > git for-each-ref --sort -committerdate --format %(refname) %(objectname) %(*objectname) [2ms]
2024-12-05 17:54:39.094 [info] > git config --get commit.template [4ms]
2024-12-05 17:54:39.096 [info] > git for-each-ref --format=%(refname)%00%(upstream:short)%00%(objectname)%00%(upstream:track)%00%(upstream:remotename)%00%(upstream:remoteref) refs/heads/main refs/remotes/main [2ms]
2024-12-05 17:54:39.100 [warning] [Git][revParse] Unable to read file: ENOENT: no such file or directory, open '/workspace/boilerplate-project-american-british-english-translator/.git/refs/remotes/origin/main'
2024-12-05 17:54:39.102 [info] > git rev-parse refs/remotes/origin/main [2ms]
2024-12-05 17:54:39.113 [info] > git status -z -uall [6ms]
2024-12-05 17:54:39.114 [info] > git for-each-ref --sort -committerdate --format %(refname) %(objectname) %(*objectname) [2ms]
2024-12-05 17:56:12.665 [info] > git config --get commit.template [4ms]
2024-12-05 17:56:12.667 [info] > git for-each-ref --format=%(refname)%00%(upstream:short)%00%(objectname)%00%(upstream:track)%00%(upstream:remotename)%00%(upstream:remoteref) refs/heads/main refs/remotes/main [2ms]
2024-12-05 17:56:12.670 [warning] [Git][revParse] Unable to read file: ENOENT: no such file or directory, open '/workspace/boilerplate-project-american-british-english-translator/.git/refs/remotes/origin/main'
2024-12-05 17:56:12.671 [info] > git rev-parse refs/remotes/origin/main [1ms]
2024-12-05 17:56:12.678 [info] > git status -z -uall [4ms]
2024-12-05 17:56:12.680 [info] > git for-each-ref --sort -committerdate --format %(refname) %(objectname) %(*objectname) [2ms]
2024-12-05 17:56:17.691 [info] > git config --get commit.template [5ms]
2024-12-05 17:56:17.693 [info] > git for-each-ref --format=%(refname)%00%(upstream:short)%00%(objectname)%00%(upstream:track)%00%(upstream:remotename)%00%(upstream:remoteref) refs/heads/main refs/remotes/main [2ms]
2024-12-05 17:56:17.697 [warning] [Git][revParse] Unable to read file: ENOENT: no such file or directory, open '/workspace/boilerplate-project-american-british-english-translator/.git/refs/remotes/origin/main'
2024-12-05 17:56:17.698 [info] > git rev-parse refs/remotes/origin/main [1ms]
2024-12-05 17:56:17.706 [info] > git status -z -uall [4ms]
2024-12-05 17:56:17.708 [info] > git for-each-ref --sort -committerdate --format %(refname) %(objectname) %(*objectname) [2ms]
2024-12-05 17:56:57.221 [info] > git config --get commit.template [5ms]
2024-12-05 17:56:57.223 [info] > git for-each-ref --format=%(refname)%00%(upstream:short)%00%(objectname)%00%(upstream:track)%00%(upstream:remotename)%00%(upstream:remoteref) refs/heads/main refs/remotes/main [3ms]
2024-12-05 17:56:57.227 [warning] [Git][revParse] Unable to read file: ENOENT: no such file or directory, open '/workspace/boilerplate-project-american-british-english-translator/.git/refs/remotes/origin/main'
2024-12-05 17:56:57.228 [info] > git rev-parse refs/remotes/origin/main [1ms]
2024-12-05 17:56:57.235 [info] > git status -z -uall [3ms]
2024-12-05 17:56:57.237 [info] > git for-each-ref --sort -committerdate --format %(refname) %(objectname) %(*objectname) [2ms]
2024-12-05 17:57:12.073 [info] > git config --get commit.template [6ms]
2024-12-05 17:57:12.075 [info] > git for-each-ref --format=%(refname)%00%(upstream:short)%00%(objectname)%00%(upstream:track)%00%(upstream:remotename)%00%(upstream:remoteref) refs/heads/main refs/remotes/main [2ms]
2024-12-05 17:57:12.079 [warning] [Git][revParse] Unable to read file: ENOENT: no such file or directory, open '/workspace/boilerplate-project-american-british-english-translator/.git/refs/remotes/origin/main'
2024-12-05 17:57:12.081 [info] > git rev-parse refs/remotes/origin/main [2ms]
2024-12-05 17:57:12.089 [info] > git status -z -uall [4ms]
2024-12-05 17:57:12.091 [info] > git for-each-ref --sort -committerdate --format %(refname) %(objectname) %(*objectname) [2ms]
2024-12-05 17:59:05.431 [info] > git config --get commit.template [5ms]
2024-12-05 17:59:05.432 [info] > git for-each-ref --format=%(refname)%00%(upstream:short)%00%(objectname)%00%(upstream:track)%00%(upstream:remotename)%00%(upstream:remoteref) refs/heads/main refs/remotes/main [2ms]
2024-12-05 17:59:05.436 [warning] [Git][revParse] Unable to read file: ENOENT: no such file or directory, open '/workspace/boilerplate-project-american-british-english-translator/.git/refs/remotes/origin/main'
2024-12-05 17:59:05.437 [info] > git rev-parse refs/remotes/origin/main [1ms]
2024-12-05 17:59:05.446 [info] > git status -z -uall [5ms]
2024-12-05 17:59:05.448 [info] > git for-each-ref --sort -committerdate --format %(refname) %(objectname) %(*objectname) [2ms]
2024-12-05 17:59:33.205 [info] > git config --get commit.template [5ms]
2024-12-05 17:59:33.207 [info] > git for-each-ref --format=%(refname)%00%(upstream:short)%00%(objectname)%00%(upstream:track)%00%(upstream:remotename)%00%(upstream:remoteref) refs/heads/main refs/remotes/main [2ms]
2024-12-05 17:59:33.210 [warning] [Git][revParse] Unable to read file: ENOENT: no such file or directory, open '/workspace/boilerplate-project-american-british-english-translator/.git/refs/remotes/origin/main'
2024-12-05 17:59:33.212 [info] > git rev-parse refs/remotes/origin/main [2ms]
2024-12-05 17:59:33.222 [info] > git status -z -uall [5ms]
2024-12-05 17:59:33.224 [info] > git for-each-ref --sort -committerdate --format %(refname) %(objectname) %(*objectname) [3ms]
2024-12-05 18:00:06.580 [info] > git config --get commit.template [5ms]
2024-12-05 18:00:06.582 [info] > git for-each-ref --format=%(refname)%00%(upstream:short)%00%(objectname)%00%(upstream:track)%00%(upstream:remotename)%00%(upstream:remoteref) refs/heads/main refs/remotes/main [3ms]
2024-12-05 18:00:06.586 [warning] [Git][revParse] Unable to read file: ENOENT: no such file or directory, open '/workspace/boilerplate-project-american-british-english-translator/.git/refs/remotes/origin/main'
2024-12-05 18:00:06.587 [info] > git rev-parse refs/remotes/origin/main [2ms]
2024-12-05 18:00:06.595 [info] > git status -z -uall [4ms]
2024-12-05 18:00:06.597 [info] > git for-each-ref --sort -committerdate --format %(refname) %(objectname) %(*objectname) [2ms]
2024-12-05 18:00:19.354 [info] > git config --get commit.template [5ms]
2024-12-05 18:00:19.355 [info] > git for-each-ref --format=%(refname)%00%(upstream:short)%00%(objectname)%00%(upstream:track)%00%(upstream:remotename)%00%(upstream:remoteref) refs/heads/main refs/remotes/main [2ms]
2024-12-05 18:00:19.360 [warning] [Git][revParse] Unable to read file: ENOENT: no such file or directory, open '/workspace/boilerplate-project-american-british-english-translator/.git/refs/remotes/origin/main'
2024-12-05 18:00:19.361 [info] > git rev-parse refs/remotes/origin/main [2ms]
2024-12-05 18:00:19.369 [info] > git status -z -uall [4ms]
2024-12-05 18:00:19.371 [info] > git for-each-ref --sort -committerdate --format %(refname) %(objectname) %(*objectname) [2ms]
2024-12-05 18:00:29.385 [info] > git config --get commit.template [4ms]
2024-12-05 18:00:29.387 [info] > git for-each-ref --format=%(refname)%00%(upstream:short)%00%(objectname)%00%(upstream:track)%00%(upstream:remotename)%00%(upstream:remoteref) refs/heads/main refs/remotes/main [2ms]
2024-12-05 18:00:29.391 [warning] [Git][revParse] Unable to read file: ENOENT: no such file or directory, open '/workspace/boilerplate-project-american-british-english-translator/.git/refs/remotes/origin/main'
2024-12-05 18:00:29.392 [info] > git rev-parse refs/remotes/origin/main [1ms]
2024-12-05 18:00:29.401 [info] > git status -z -uall [5ms]
2024-12-05 18:00:29.403 [info] > git for-each-ref --sort -committerdate --format %(refname) %(objectname) %(*objectname) [2ms]
2024-12-05 18:00:42.074 [info] > git config --get commit.template [6ms]
2024-12-05 18:00:42.075 [info] > git for-each-ref --format=%(refname)%00%(upstream:short)%00%(objectname)%00%(upstream:track)%00%(upstream:remotename)%00%(upstream:remoteref) refs/heads/main refs/remotes/main [2ms]
2024-12-05 18:00:42.081 [warning] [Git][revParse] Unable to read file: ENOENT: no such file or directory, open '/workspace/boilerplate-project-american-british-english-translator/.git/refs/remotes/origin/main'
2024-12-05 18:00:42.083 [info] > git rev-parse refs/remotes/origin/main [2ms]
2024-12-05 18:00:42.096 [info] > git status -z -uall [6ms]
2024-12-05 18:00:42.099 [info] > git for-each-ref --sort -committerdate --format %(refname) %(objectname) %(*objectname) [3ms]
2024-12-05 18:00:51.512 [info] > git config --get commit.template [6ms]
2024-12-05 18:00:51.514 [info] > git for-each-ref --format=%(refname)%00%(upstream:short)%00%(objectname)%00%(upstream:track)%00%(upstream:remotename)%00%(upstream:remoteref) refs/heads/main refs/remotes/main [3ms]
2024-12-05 18:00:51.517 [warning] [Git][revParse] Unable to read file: ENOENT: no such file or directory, open '/workspace/boilerplate-project-american-british-english-translator/.git/refs/remotes/origin/main'
2024-12-05 18:00:51.519 [info] > git rev-parse refs/remotes/origin/main [2ms]
2024-12-05 18:00:51.527 [info] > git status -z -uall [5ms]
2024-12-05 18:00:51.528 [info] > git for-each-ref --sort -committerdate --format %(refname) %(objectname) %(*objectname) [2ms]
2024-12-05 18:00:56.544 [info] > git config --get commit.template [6ms]
2024-12-05 18:00:56.546 [info] > git for-each-ref --format=%(refname)%00%(upstream:short)%00%(objectname)%00%(upstream:track)%00%(upstream:remotename)%00%(upstream:remoteref) refs/heads/main refs/remotes/main [2ms]
2024-12-05 18:00:56.551 [warning] [Git][revParse] Unable to read file: ENOENT: no such file or directory, open '/workspace/boilerplate-project-american-british-english-translator/.git/refs/remotes/origin/main'
2024-12-05 18:00:56.552 [info] > git rev-parse refs/remotes/origin/main [1ms]
2024-12-05 18:00:56.563 [info] > git status -z -uall [5ms]
2024-12-05 18:00:56.564 [info] > git for-each-ref --sort -committerdate --format %(refname) %(objectname) %(*objectname) [2ms]
2024-12-05 18:01:01.811 [info] > git config --get commit.template [5ms]
2024-12-05 18:01:01.813 [info] > git for-each-ref --format=%(refname)%00%(upstream:short)%00%(objectname)%00%(upstream:track)%00%(upstream:remotename)%00%(upstream:remoteref) refs/heads/main refs/remotes/main [2ms]
2024-12-05 18:01:01.817 [warning] [Git][revParse] Unable to read file: ENOENT: no such file or directory, open '/workspace/boilerplate-project-american-british-english-translator/.git/refs/remotes/origin/main'
2024-12-05 18:01:01.819 [info] > git rev-parse refs/remotes/origin/main [2ms]
2024-12-05 18:01:01.827 [info] > git status -z -uall [5ms]
2024-12-05 18:01:01.829 [info] > git for-each-ref --sort -committerdate --format %(refname) %(objectname) %(*objectname) [3ms]
2024-12-05 18:01:13.149 [info] > git config --get commit.template [4ms]
2024-12-05 18:01:13.150 [info] > git for-each-ref --format=%(refname)%00%(upstream:short)%00%(objectname)%00%(upstream:track)%00%(upstream:remotename)%00%(upstream:remoteref) refs/heads/main refs/remotes/main [2ms]
2024-12-05 18:01:13.154 [warning] [Git][revParse] Unable to read file: ENOENT: no such file or directory, open '/workspace/boilerplate-project-american-british-english-translator/.git/refs/remotes/origin/main'
2024-12-05 18:01:13.156 [info] > git rev-parse refs/remotes/origin/main [2ms]
2024-12-05 18:01:13.163 [info] > git status -z -uall [4ms]
2024-12-05 18:01:13.165 [info] > git for-each-ref --sort -committerdate --format %(refname) %(objectname) %(*objectname) [2ms]
2024-12-05 18:01:18.845 [info] > git config --get commit.template [4ms]
2024-12-05 18:01:18.846 [info] > git for-each-ref --format=%(refname)%00%(upstream:short)%00%(objectname)%00%(upstream:track)%00%(upstream:remotename)%00%(upstream:remoteref) refs/heads/main refs/remotes/main [1ms]
2024-12-05 18:01:18.850 [warning] [Git][revParse] Unable to read file: ENOENT: no such file or directory, open '/workspace/boilerplate-project-american-british-english-translator/.git/refs/remotes/origin/main'
2024-12-05 18:01:18.851 [info] > git rev-parse refs/remotes/origin/main [1ms]
2024-12-05 18:01:18.860 [info] > git status -z -uall [5ms]
2024-12-05 18:01:18.861 [info] > git for-each-ref --sort -committerdate --format %(refname) %(objectname) %(*objectname) [2ms]
2024-12-05 18:02:38.933 [info] > git config --get commit.template [4ms]
2024-12-05 18:02:38.934 [info] > git for-each-ref --format=%(refname)%00%(upstream:short)%00%(objectname)%00%(upstream:track)%00%(upstream:remotename)%00%(upstream:remoteref) refs/heads/main refs/remotes/main [1ms]
2024-12-05 18:02:38.939 [warning] [Git][revParse] Unable to read file: ENOENT: no such file or directory, open '/workspace/boilerplate-project-american-british-english-translator/.git/refs/remotes/origin/main'
2024-12-05 18:02:38.941 [info] > git rev-parse refs/remotes/origin/main [2ms]
2024-12-05 18:02:38.949 [info] > git status -z -uall [4ms]
2024-12-05 18:02:38.951 [info] > git for-each-ref --sort -committerdate --format %(refname) %(objectname) %(*objectname) [2ms]
