2024-11-28 02:05:54.782 [info] [main] Log level: Info
2024-11-28 02:05:54.782 [info] [main] Validating found git in: "git"
2024-11-28 02:05:54.782 [info] [main] Using git "2.47.0" from "git"
2024-11-28 02:05:54.782 [info] [Model][doInitialScan] Initial repository scan started
2024-11-28 02:05:54.782 [info] > git rev-parse --show-toplevel [3ms]
2024-11-28 02:05:54.782 [info] > git rev-parse --git-dir --git-common-dir [2ms]
2024-11-28 02:05:54.782 [info] [Model][openRepository] Opened repository: /workspace/boilerplate-project-american-british-english-translator
2024-11-28 02:05:54.782 [info] > git rev-parse --show-toplevel [2ms]
2024-11-28 02:05:54.782 [info] > git config --get commit.template [10ms]
2024-11-28 02:05:54.782 [info] > git for-each-ref --format=%(refname)%00%(upstream:short)%00%(objectname)%00%(upstream:track)%00%(upstream:remotename)%00%(upstream:remoteref) refs/heads/main refs/remotes/main [3ms]
2024-11-28 02:05:54.782 [info] > git rev-parse --show-toplevel [10ms]
2024-11-28 02:05:54.782 [warning] [Git][revParse] Unable to read file: ENOENT: no such file or directory, open '/workspace/boilerplate-project-american-british-english-translator/.git/refs/remotes/origin/main'
2024-11-28 02:05:54.782 [info] > git rev-parse refs/remotes/origin/main [5ms]
2024-11-28 02:05:54.782 [info] > git status -z -uall [9ms]
2024-11-28 02:05:54.782 [info] > git rev-parse --show-toplevel [87ms]
2024-11-28 02:05:54.782 [info] > git for-each-ref --sort -committerdate --format %(refname) %(objectname) %(*objectname) [9ms]
2024-11-28 02:05:54.782 [info] > git for-each-ref --format=%(refname)%00%(upstream:short)%00%(objectname)%00%(upstream:track)%00%(upstream:remotename)%00%(upstream:remoteref) refs/heads/main refs/remotes/main [81ms]
2024-11-28 02:05:54.782 [info] > git rev-parse --show-toplevel [101ms]
2024-11-28 02:05:54.782 [info] > git config --get commit.template [86ms]
2024-11-28 02:05:54.782 [info] > git config --local branch.main.vscode-merge-base [9ms]
2024-11-28 02:05:54.782 [warning] [Git][config] git config failed: Failed to execute git
2024-11-28 02:05:54.782 [info] > git rev-parse --show-toplevel [83ms]
2024-11-28 02:05:54.782 [info] [Model][doInitialScan] Initial repository scan completed - repositories (1), closed repositories (0), parent repositories (0), unsafe repositories (0)
2024-11-28 02:05:54.782 [info] > git reflog main --grep-reflog=branch: Created from *. [76ms]
2024-11-28 02:05:54.782 [info] > git for-each-ref --format=%(refname)%00%(upstream:short)%00%(objectname)%00%(upstream:track)%00%(upstream:remotename)%00%(upstream:remoteref) refs/heads/main refs/remotes/main [8ms]
2024-11-28 02:05:54.782 [warning] [Git][revParse] Unable to read file: ENOENT: no such file or directory, open '/workspace/boilerplate-project-american-british-english-translator/.git/refs/remotes/origin/main'
2024-11-28 02:05:54.782 [info] > git symbolic-ref --short refs/remotes/origin/HEAD [6ms]
2024-11-28 02:05:54.782 [info] > git rev-parse refs/remotes/origin/main [5ms]
2024-11-28 02:05:54.782 [info] > git status -z -uall [6ms]
2024-11-28 02:05:54.782 [info] > git for-each-ref --format=%(refname)%00%(upstream:short)%00%(objectname)%00%(upstream:track)%00%(upstream:remotename)%00%(upstream:remoteref) refs/heads/origin/main refs/remotes/origin/main [11ms]
2024-11-28 02:05:54.782 [info] > git for-each-ref --sort -committerdate --format %(refname) %(objectname) %(*objectname) [172ms]
2024-11-28 02:05:54.782 [info] > git config --local branch.main.vscode-merge-base origin/main [178ms]
2024-11-28 02:05:54.782 [info] > git for-each-ref --format=%(refname)%00%(upstream:short)%00%(objectname)%00%(upstream:track)%00%(upstream:remotename)%00%(upstream:remoteref) refs/heads/main refs/remotes/main [12ms]
2024-11-28 02:05:54.782 [info] > git config --get commit.template [80ms]
2024-11-28 02:05:54.782 [info] > git config --local branch.main.vscode-merge-base [10ms]
2024-11-28 02:05:54.782 [info] > git for-each-ref --format=%(refname)%00%(upstream:short)%00%(objectname)%00%(upstream:track)%00%(upstream:remotename)%00%(upstream:remoteref) refs/heads/origin/main refs/remotes/origin/main [93ms]
2024-11-28 02:05:54.782 [info] > git merge-base refs/heads/main refs/remotes/origin/main [16ms]
2024-11-28 02:05:54.782 [info] > git for-each-ref --format=%(refname)%00%(upstream:short)%00%(objectname)%00%(upstream:track)%00%(upstream:remotename)%00%(upstream:remoteref) refs/heads/main refs/remotes/main [115ms]
2024-11-28 02:05:54.782 [warning] [Git][revParse] Unable to read file: ENOENT: no such file or directory, open '/workspace/boilerplate-project-american-british-english-translator/.git/refs/remotes/origin/main'
2024-11-28 02:05:54.782 [info] > git diff --name-status -z --diff-filter=ADMR 999fb93e3cd9a83a6888ad8f91834ea587ab2c51...refs/remotes/origin/main [8ms]
2024-11-28 02:05:54.782 [info] > git rev-parse refs/remotes/origin/main [165ms]
2024-11-28 02:05:54.782 [info] > git status -z -uall [401ms]
2024-11-28 02:05:54.782 [info] > git for-each-ref --sort -committerdate --format %(refname) %(objectname) %(*objectname) [398ms]
2024-11-28 02:05:55.300 [info] > git check-ignore -v -z --stdin [3ms]
2024-11-28 02:05:57.708 [info] > git config --local branch.main.github-pr-owner-number [320ms]
2024-11-28 02:05:57.708 [warning] [Git][config] git config failed: Failed to execute git
2024-11-28 02:06:01.385 [info] > git config --get commit.template [6ms]
2024-11-28 02:06:01.387 [info] > git for-each-ref --format=%(refname)%00%(upstream:short)%00%(objectname)%00%(upstream:track)%00%(upstream:remotename)%00%(upstream:remoteref) refs/heads/main refs/remotes/main [2ms]
2024-11-28 02:06:01.391 [warning] [Git][revParse] Unable to read file: ENOENT: no such file or directory, open '/workspace/boilerplate-project-american-british-english-translator/.git/refs/remotes/origin/main'
2024-11-28 02:06:01.397 [info] > git rev-parse refs/remotes/origin/main [6ms]
2024-11-28 02:06:01.408 [info] > git status -z -uall [5ms]
2024-11-28 02:06:01.410 [info] > git for-each-ref --sort -committerdate --format %(refname) %(objectname) %(*objectname) [3ms]
2024-11-28 02:06:06.423 [info] > git config --get commit.template [5ms]
2024-11-28 02:06:06.425 [info] > git for-each-ref --format=%(refname)%00%(upstream:short)%00%(objectname)%00%(upstream:track)%00%(upstream:remotename)%00%(upstream:remoteref) refs/heads/main refs/remotes/main [2ms]
2024-11-28 02:06:06.429 [warning] [Git][revParse] Unable to read file: ENOENT: no such file or directory, open '/workspace/boilerplate-project-american-british-english-translator/.git/refs/remotes/origin/main'
2024-11-28 02:06:06.432 [info] > git rev-parse refs/remotes/origin/main [2ms]
2024-11-28 02:06:06.442 [info] > git status -z -uall [6ms]
2024-11-28 02:06:06.443 [info] > git for-each-ref --sort -committerdate --format %(refname) %(objectname) %(*objectname) [2ms]
2024-11-28 02:06:09.740 [info] > git check-ignore -v -z --stdin [2ms]
2024-11-28 02:06:13.288 [info] > git show --textconv :components/translator.js [7ms]
2024-11-28 02:06:13.289 [info] > git ls-files --stage -- /workspace/boilerplate-project-american-british-english-translator/components/translator.js [2ms]
2024-11-28 02:06:13.296 [info] > git cat-file -s 75f7ccb798ff159911da18a1251d19cca90c29cf [2ms]
2024-11-28 02:07:02.049 [info] > git config --get commit.template [5ms]
2024-11-28 02:07:02.051 [info] > git for-each-ref --format=%(refname)%00%(upstream:short)%00%(objectname)%00%(upstream:track)%00%(upstream:remotename)%00%(upstream:remoteref) refs/heads/main refs/remotes/main [2ms]
2024-11-28 02:07:02.055 [warning] [Git][revParse] Unable to read file: ENOENT: no such file or directory, open '/workspace/boilerplate-project-american-british-english-translator/.git/refs/remotes/origin/main'
2024-11-28 02:07:02.057 [info] > git rev-parse refs/remotes/origin/main [2ms]
2024-11-28 02:07:02.068 [info] > git status -z -uall [7ms]
2024-11-28 02:07:02.069 [info] > git for-each-ref --sort -committerdate --format %(refname) %(objectname) %(*objectname) [2ms]
2024-11-28 02:07:07.084 [info] > git config --get commit.template [6ms]
2024-11-28 02:07:07.086 [info] > git for-each-ref --format=%(refname)%00%(upstream:short)%00%(objectname)%00%(upstream:track)%00%(upstream:remotename)%00%(upstream:remoteref) refs/heads/main refs/remotes/main [2ms]
2024-11-28 02:07:07.090 [warning] [Git][revParse] Unable to read file: ENOENT: no such file or directory, open '/workspace/boilerplate-project-american-british-english-translator/.git/refs/remotes/origin/main'
2024-11-28 02:07:07.092 [info] > git rev-parse refs/remotes/origin/main [2ms]
2024-11-28 02:07:07.101 [info] > git status -z -uall [5ms]
2024-11-28 02:07:07.103 [info] > git for-each-ref --sort -committerdate --format %(refname) %(objectname) %(*objectname) [3ms]
2024-11-28 02:07:11.486 [info] > git ls-files --stage -- /workspace/boilerplate-project-american-british-english-translator/components/translator.js [2ms]
2024-11-28 02:07:11.492 [info] > git cat-file -s 75f7ccb798ff159911da18a1251d19cca90c29cf [2ms]
2024-11-28 02:07:11.546 [info] > git show --textconv :components/translator.js [2ms]
2024-11-28 02:07:12.116 [info] > git config --get commit.template [6ms]
2024-11-28 02:07:12.118 [info] > git for-each-ref --format=%(refname)%00%(upstream:short)%00%(objectname)%00%(upstream:track)%00%(upstream:remotename)%00%(upstream:remoteref) refs/heads/main refs/remotes/main [2ms]
2024-11-28 02:07:12.122 [warning] [Git][revParse] Unable to read file: ENOENT: no such file or directory, open '/workspace/boilerplate-project-american-british-english-translator/.git/refs/remotes/origin/main'
2024-11-28 02:07:12.124 [info] > git rev-parse refs/remotes/origin/main [1ms]
2024-11-28 02:07:12.133 [info] > git status -z -uall [6ms]
2024-11-28 02:07:12.135 [info] > git for-each-ref --sort -committerdate --format %(refname) %(objectname) %(*objectname) [3ms]
2024-11-28 02:10:34.828 [info] > git check-ignore -v -z --stdin [2ms]
2024-11-28 02:10:37.770 [info] > git check-ignore -v -z --stdin [2ms]
2024-11-28 02:10:40.822 [info] > git check-ignore -v -z --stdin [2ms]
2024-11-28 02:10:41.452 [info] > git check-ignore -v -z --stdin [2ms]
2024-11-28 02:10:44.898 [info] > git check-ignore -v -z --stdin [2ms]
2024-11-28 02:10:47.862 [info] > git check-ignore -v -z --stdin [2ms]
2024-11-28 02:11:36.288 [info] > git check-ignore -v -z --stdin [2ms]
2024-11-28 02:11:58.398 [info] > git show --textconv :components/american-only.js [5ms]
2024-11-28 02:11:58.401 [info] > git ls-files --stage -- /workspace/boilerplate-project-american-british-english-translator/components/american-only.js [3ms]
2024-11-28 02:11:58.408 [info] > git cat-file -s 4c2d667e074b55b34caa174584abc648675af521 [4ms]
2024-11-28 02:12:08.753 [info] > git show --textconv :components/american-to-british-spelling.js [4ms]
2024-11-28 02:12:08.754 [info] > git ls-files --stage -- /workspace/boilerplate-project-american-british-english-translator/components/american-to-british-spelling.js [1ms]
2024-11-28 02:12:08.760 [info] > git cat-file -s a0f53a21835a5f27f5fd96fbd86475e79b0130ab [2ms]
2024-11-28 02:12:15.000 [info] > git show --textconv :components/american-to-british-titles.js [5ms]
2024-11-28 02:12:15.001 [info] > git ls-files --stage -- /workspace/boilerplate-project-american-british-english-translator/components/american-to-british-titles.js [2ms]
2024-11-28 02:12:15.007 [info] > git cat-file -s 59b47176a0173d66f22470abd47fa24b674e08fb [2ms]
2024-11-28 02:16:37.923 [info] > git show --textconv :components/translator.js [4ms]
2024-11-28 02:16:37.924 [info] > git ls-files --stage -- /workspace/boilerplate-project-american-british-english-translator/components/translator.js [1ms]
2024-11-28 02:16:37.930 [info] > git cat-file -s 75f7ccb798ff159911da18a1251d19cca90c29cf [2ms]
2024-11-28 02:16:41.493 [info] > git show --textconv :components/british-only.js [5ms]
2024-11-28 02:16:41.494 [info] > git ls-files --stage -- /workspace/boilerplate-project-american-british-english-translator/components/british-only.js [2ms]
2024-11-28 02:16:41.500 [info] > git cat-file -s 853686bf81ef3bc9a7b31dae051badb03ed9cbf2 [1ms]
2024-11-28 02:17:05.734 [info] > git config --get commit.template [5ms]
2024-11-28 02:17:05.735 [info] > git for-each-ref --format=%(refname)%00%(upstream:short)%00%(objectname)%00%(upstream:track)%00%(upstream:remotename)%00%(upstream:remoteref) refs/heads/main refs/remotes/main [2ms]
2024-11-28 02:17:05.738 [warning] [Git][revParse] Unable to read file: ENOENT: no such file or directory, open '/workspace/boilerplate-project-american-british-english-translator/.git/refs/remotes/origin/main'
2024-11-28 02:17:05.740 [info] > git rev-parse refs/remotes/origin/main [2ms]
2024-11-28 02:17:05.750 [info] > git status -z -uall [6ms]
2024-11-28 02:17:05.750 [info] > git for-each-ref --sort -committerdate --format %(refname) %(objectname) %(*objectname) [2ms]
2024-11-28 02:17:10.208 [info] > git show --textconv :components/american-only.js [5ms]
2024-11-28 02:17:10.210 [info] > git ls-files --stage -- /workspace/boilerplate-project-american-british-english-translator/components/american-only.js [1ms]
2024-11-28 02:17:10.216 [info] > git cat-file -s 4c2d667e074b55b34caa174584abc648675af521 [2ms]
2024-11-28 02:17:10.763 [info] > git config --get commit.template [6ms]
2024-11-28 02:17:10.764 [info] > git for-each-ref --format=%(refname)%00%(upstream:short)%00%(objectname)%00%(upstream:track)%00%(upstream:remotename)%00%(upstream:remoteref) refs/heads/main refs/remotes/main [2ms]
2024-11-28 02:17:10.769 [warning] [Git][revParse] Unable to read file: ENOENT: no such file or directory, open '/workspace/boilerplate-project-american-british-english-translator/.git/refs/remotes/origin/main'
2024-11-28 02:17:10.771 [info] > git rev-parse refs/remotes/origin/main [2ms]
2024-11-28 02:17:10.779 [info] > git status -z -uall [4ms]
2024-11-28 02:17:10.781 [info] > git for-each-ref --sort -committerdate --format %(refname) %(objectname) %(*objectname) [2ms]
2024-11-28 02:18:05.894 [info] > git config --get commit.template [5ms]
2024-11-28 02:18:05.895 [info] > git for-each-ref --format=%(refname)%00%(upstream:short)%00%(objectname)%00%(upstream:track)%00%(upstream:remotename)%00%(upstream:remoteref) refs/heads/main refs/remotes/main [2ms]
2024-11-28 02:18:05.899 [warning] [Git][revParse] Unable to read file: ENOENT: no such file or directory, open '/workspace/boilerplate-project-american-british-english-translator/.git/refs/remotes/origin/main'
2024-11-28 02:18:05.901 [info] > git rev-parse refs/remotes/origin/main [2ms]
2024-11-28 02:18:05.910 [info] > git status -z -uall [5ms]
2024-11-28 02:18:05.912 [info] > git for-each-ref --sort -committerdate --format %(refname) %(objectname) %(*objectname) [2ms]
2024-11-28 02:18:10.924 [info] > git config --get commit.template [5ms]
2024-11-28 02:18:10.924 [info] > git for-each-ref --format=%(refname)%00%(upstream:short)%00%(objectname)%00%(upstream:track)%00%(upstream:remotename)%00%(upstream:remoteref) refs/heads/main refs/remotes/main [1ms]
2024-11-28 02:18:10.929 [warning] [Git][revParse] Unable to read file: ENOENT: no such file or directory, open '/workspace/boilerplate-project-american-british-english-translator/.git/refs/remotes/origin/main'
2024-11-28 02:18:10.930 [info] > git rev-parse refs/remotes/origin/main [1ms]
2024-11-28 02:18:10.939 [info] > git status -z -uall [6ms]
2024-11-28 02:18:10.941 [info] > git for-each-ref --sort -committerdate --format %(refname) %(objectname) %(*objectname) [2ms]
2024-11-28 02:18:20.879 [info] > git config --get commit.template [5ms]
2024-11-28 02:18:20.880 [info] > git for-each-ref --format=%(refname)%00%(upstream:short)%00%(objectname)%00%(upstream:track)%00%(upstream:remotename)%00%(upstream:remoteref) refs/heads/main refs/remotes/main [2ms]
2024-11-28 02:18:20.884 [warning] [Git][revParse] Unable to read file: ENOENT: no such file or directory, open '/workspace/boilerplate-project-american-british-english-translator/.git/refs/remotes/origin/main'
2024-11-28 02:18:20.886 [info] > git rev-parse refs/remotes/origin/main [2ms]
2024-11-28 02:18:20.896 [info] > git status -z -uall [6ms]
2024-11-28 02:18:20.898 [info] > git for-each-ref --sort -committerdate --format %(refname) %(objectname) %(*objectname) [2ms]
2024-11-28 02:18:34.540 [info] > git config --get commit.template [5ms]
2024-11-28 02:18:34.541 [info] > git for-each-ref --format=%(refname)%00%(upstream:short)%00%(objectname)%00%(upstream:track)%00%(upstream:remotename)%00%(upstream:remoteref) refs/heads/main refs/remotes/main [2ms]
2024-11-28 02:18:34.545 [warning] [Git][revParse] Unable to read file: ENOENT: no such file or directory, open '/workspace/boilerplate-project-american-british-english-translator/.git/refs/remotes/origin/main'
2024-11-28 02:18:34.547 [info] > git rev-parse refs/remotes/origin/main [2ms]
2024-11-28 02:18:34.577 [info] > git for-each-ref --sort -committerdate --format %(refname) %(objectname) %(*objectname) [2ms]
2024-11-28 02:18:34.578 [info] > git status -z -uall [28ms]
2024-11-28 02:18:34.670 [info] > git show --textconv :components/american-to-british-spelling.js [4ms]
2024-11-28 02:18:34.672 [info] > git ls-files --stage -- /workspace/boilerplate-project-american-british-english-translator/components/american-to-british-spelling.js [2ms]
2024-11-28 02:18:34.677 [info] > git cat-file -s a0f53a21835a5f27f5fd96fbd86475e79b0130ab [2ms]
2024-11-28 02:22:46.131 [info] > git config --get commit.template [4ms]
2024-11-28 02:22:46.132 [info] > git for-each-ref --format=%(refname)%00%(upstream:short)%00%(objectname)%00%(upstream:track)%00%(upstream:remotename)%00%(upstream:remoteref) refs/heads/main refs/remotes/main [2ms]
2024-11-28 02:22:46.136 [warning] [Git][revParse] Unable to read file: ENOENT: no such file or directory, open '/workspace/boilerplate-project-american-british-english-translator/.git/refs/remotes/origin/main'
2024-11-28 02:22:46.138 [info] > git rev-parse refs/remotes/origin/main [2ms]
2024-11-28 02:22:46.148 [info] > git status -z -uall [6ms]
2024-11-28 02:22:46.148 [info] > git for-each-ref --sort -committerdate --format %(refname) %(objectname) %(*objectname) [2ms]
2024-11-28 02:22:51.161 [info] > git config --get commit.template [5ms]
2024-11-28 02:22:51.162 [info] > git for-each-ref --format=%(refname)%00%(upstream:short)%00%(objectname)%00%(upstream:track)%00%(upstream:remotename)%00%(upstream:remoteref) refs/heads/main refs/remotes/main [2ms]
2024-11-28 02:22:51.167 [warning] [Git][revParse] Unable to read file: ENOENT: no such file or directory, open '/workspace/boilerplate-project-american-british-english-translator/.git/refs/remotes/origin/main'
2024-11-28 02:22:51.169 [info] > git rev-parse refs/remotes/origin/main [1ms]
2024-11-28 02:22:51.179 [info] > git status -z -uall [6ms]
2024-11-28 02:22:51.181 [info] > git for-each-ref --sort -committerdate --format %(refname) %(objectname) %(*objectname) [2ms]
2024-11-28 02:22:58.306 [info] > git config --get commit.template [5ms]
2024-11-28 02:22:58.307 [info] > git for-each-ref --format=%(refname)%00%(upstream:short)%00%(objectname)%00%(upstream:track)%00%(upstream:remotename)%00%(upstream:remoteref) refs/heads/main refs/remotes/main [2ms]
2024-11-28 02:22:58.311 [warning] [Git][revParse] Unable to read file: ENOENT: no such file or directory, open '/workspace/boilerplate-project-american-british-english-translator/.git/refs/remotes/origin/main'
2024-11-28 02:22:58.312 [info] > git rev-parse refs/remotes/origin/main [1ms]
2024-11-28 02:22:58.321 [info] > git status -z -uall [4ms]
2024-11-28 02:22:58.323 [info] > git for-each-ref --sort -committerdate --format %(refname) %(objectname) %(*objectname) [2ms]
2024-11-28 02:24:17.786 [info] > git config --get commit.template [6ms]
2024-11-28 02:24:17.787 [info] > git for-each-ref --format=%(refname)%00%(upstream:short)%00%(objectname)%00%(upstream:track)%00%(upstream:remotename)%00%(upstream:remoteref) refs/heads/main refs/remotes/main [2ms]
2024-11-28 02:24:17.792 [warning] [Git][revParse] Unable to read file: ENOENT: no such file or directory, open '/workspace/boilerplate-project-american-british-english-translator/.git/refs/remotes/origin/main'
2024-11-28 02:24:17.794 [info] > git rev-parse refs/remotes/origin/main [2ms]
2024-11-28 02:24:17.805 [info] > git status -z -uall [6ms]
2024-11-28 02:24:17.807 [info] > git for-each-ref --sort -committerdate --format %(refname) %(objectname) %(*objectname) [3ms]
2024-11-28 02:24:31.390 [info] > git check-ignore -v -z --stdin [2ms]
2024-11-28 02:24:31.980 [info] > git show --textconv :public/index.js [5ms]
2024-11-28 02:24:31.981 [info] > git ls-files --stage -- /workspace/boilerplate-project-american-british-english-translator/public/index.js [2ms]
2024-11-28 02:24:31.987 [info] > git cat-file -s 6387aecbfc58bd6f6722958e95cdea7e7e5f7a89 [2ms]
2024-11-28 02:24:34.503 [info] > git show --textconv :components/translator.js [4ms]
2024-11-28 02:24:34.505 [info] > git ls-files --stage -- /workspace/boilerplate-project-american-british-english-translator/components/translator.js [2ms]
2024-11-28 02:24:34.510 [info] > git cat-file -s 75f7ccb798ff159911da18a1251d19cca90c29cf [2ms]
2024-11-28 02:24:36.270 [info] > git check-ignore -v -z --stdin [1ms]
2024-11-28 02:24:36.979 [info] > git show --textconv :routes/api.js [6ms]
2024-11-28 02:24:36.980 [info] > git ls-files --stage -- /workspace/boilerplate-project-american-british-english-translator/routes/api.js [2ms]
2024-11-28 02:24:36.986 [info] > git cat-file -s 2cd7778f546c1c346c39d003964c592a7f893232 [2ms]
2024-11-28 02:24:42.076 [info] > git check-ignore -v -z --stdin [2ms]
2024-11-28 02:24:43.220 [info] > git check-ignore -v -z --stdin [2ms]
2024-11-28 02:24:48.460 [info] > git show --textconv :components/american-to-british-titles.js [5ms]
2024-11-28 02:24:48.461 [info] > git ls-files --stage -- /workspace/boilerplate-project-american-british-english-translator/components/american-to-british-titles.js [1ms]
2024-11-28 02:24:48.468 [info] > git cat-file -s 59b47176a0173d66f22470abd47fa24b674e08fb [2ms]
2024-11-28 02:24:56.544 [info] > git show --textconv :components/american-only.js [5ms]
2024-11-28 02:24:56.545 [info] > git ls-files --stage -- /workspace/boilerplate-project-american-british-english-translator/components/american-only.js [2ms]
2024-11-28 02:24:56.553 [info] > git cat-file -s 4c2d667e074b55b34caa174584abc648675af521 [3ms]
2024-11-28 02:27:35.708 [info] > git config --get commit.template [5ms]
2024-11-28 02:27:35.709 [info] > git for-each-ref --format=%(refname)%00%(upstream:short)%00%(objectname)%00%(upstream:track)%00%(upstream:remotename)%00%(upstream:remoteref) refs/heads/main refs/remotes/main [2ms]
2024-11-28 02:27:35.713 [warning] [Git][revParse] Unable to read file: ENOENT: no such file or directory, open '/workspace/boilerplate-project-american-british-english-translator/.git/refs/remotes/origin/main'
2024-11-28 02:27:35.715 [info] > git rev-parse refs/remotes/origin/main [2ms]
2024-11-28 02:27:35.725 [info] > git status -z -uall [6ms]
2024-11-28 02:27:35.726 [info] > git for-each-ref --sort -committerdate --format %(refname) %(objectname) %(*objectname) [2ms]
2024-11-28 02:27:36.687 [info] > git show --textconv :views/index.html [6ms]
2024-11-28 02:27:36.689 [info] > git ls-files --stage -- /workspace/boilerplate-project-american-british-english-translator/views/index.html [2ms]
2024-11-28 02:27:36.696 [info] > git cat-file -s d1557722346d829f62d62312efa8a675fafa22f2 [3ms]
2024-11-28 02:28:16.953 [info] > git show --textconv :components/translator.js [4ms]
2024-11-28 02:28:16.954 [info] > git ls-files --stage -- /workspace/boilerplate-project-american-british-english-translator/components/translator.js [1ms]
2024-11-28 02:28:16.960 [info] > git cat-file -s 75f7ccb798ff159911da18a1251d19cca90c29cf [2ms]
2024-11-28 02:39:05.353 [info] > git config --get commit.template [6ms]
2024-11-28 02:39:05.355 [info] > git for-each-ref --format=%(refname)%00%(upstream:short)%00%(objectname)%00%(upstream:track)%00%(upstream:remotename)%00%(upstream:remoteref) refs/heads/main refs/remotes/main [2ms]
2024-11-28 02:39:05.360 [warning] [Git][revParse] Unable to read file: ENOENT: no such file or directory, open '/workspace/boilerplate-project-american-british-english-translator/.git/refs/remotes/origin/main'
2024-11-28 02:39:05.361 [info] > git rev-parse refs/remotes/origin/main [2ms]
2024-11-28 02:39:05.372 [info] > git status -z -uall [6ms]
2024-11-28 02:39:05.374 [info] > git for-each-ref --sort -committerdate --format %(refname) %(objectname) %(*objectname) [2ms]
2024-11-28 02:39:05.743 [info] > git show --textconv :components/american-to-british-spelling.js [5ms]
2024-11-28 02:39:05.743 [info] > git ls-files --stage -- /workspace/boilerplate-project-american-british-english-translator/components/american-to-british-spelling.js [2ms]
2024-11-28 02:39:05.750 [info] > git cat-file -s a0f53a21835a5f27f5fd96fbd86475e79b0130ab [3ms]
2024-11-28 02:40:00.185 [info] > git show --textconv :components/translator.js [4ms]
2024-11-28 02:40:00.186 [info] > git ls-files --stage -- /workspace/boilerplate-project-american-british-english-translator/components/translator.js [1ms]
2024-11-28 02:40:00.192 [info] > git cat-file -s 75f7ccb798ff159911da18a1251d19cca90c29cf [1ms]
2024-11-28 02:45:10.342 [info] > git show --textconv :routes/api.js [5ms]
2024-11-28 02:45:10.343 [info] > git ls-files --stage -- /workspace/boilerplate-project-american-british-english-translator/routes/api.js [2ms]
2024-11-28 02:45:10.350 [info] > git cat-file -s 2cd7778f546c1c346c39d003964c592a7f893232 [2ms]
2024-11-28 02:49:59.198 [info] > git show --textconv :components/translator.js [5ms]
2024-11-28 02:49:59.200 [info] > git ls-files --stage -- /workspace/boilerplate-project-american-british-english-translator/components/translator.js [2ms]
2024-11-28 02:49:59.207 [info] > git cat-file -s 75f7ccb798ff159911da18a1251d19cca90c29cf [1ms]
2024-11-28 02:50:07.787 [info] > git show --textconv :routes/api.js [6ms]
2024-11-28 02:50:07.788 [info] > git ls-files --stage -- /workspace/boilerplate-project-american-british-english-translator/routes/api.js [2ms]
2024-11-28 02:50:07.794 [info] > git cat-file -s 2cd7778f546c1c346c39d003964c592a7f893232 [2ms]
2024-11-28 02:50:21.740 [info] > git config --get commit.template [6ms]
2024-11-28 02:50:21.742 [info] > git for-each-ref --format=%(refname)%00%(upstream:short)%00%(objectname)%00%(upstream:track)%00%(upstream:remotename)%00%(upstream:remoteref) refs/heads/main refs/remotes/main [3ms]
2024-11-28 02:50:21.747 [warning] [Git][revParse] Unable to read file: ENOENT: no such file or directory, open '/workspace/boilerplate-project-american-british-english-translator/.git/refs/remotes/origin/main'
2024-11-28 02:50:21.750 [info] > git rev-parse refs/remotes/origin/main [3ms]
2024-11-28 02:50:21.760 [info] > git status -z -uall [5ms]
2024-11-28 02:50:21.762 [info] > git for-each-ref --sort -committerdate --format %(refname) %(objectname) %(*objectname) [2ms]
2024-11-28 02:50:26.775 [info] > git config --get commit.template [5ms]
2024-11-28 02:50:26.777 [info] > git for-each-ref --format=%(refname)%00%(upstream:short)%00%(objectname)%00%(upstream:track)%00%(upstream:remotename)%00%(upstream:remoteref) refs/heads/main refs/remotes/main [2ms]
2024-11-28 02:50:26.782 [warning] [Git][revParse] Unable to read file: ENOENT: no such file or directory, open '/workspace/boilerplate-project-american-british-english-translator/.git/refs/remotes/origin/main'
2024-11-28 02:50:26.783 [info] > git rev-parse refs/remotes/origin/main [1ms]
2024-11-28 02:50:26.793 [info] > git status -z -uall [5ms]
2024-11-28 02:50:26.795 [info] > git for-each-ref --sort -committerdate --format %(refname) %(objectname) %(*objectname) [3ms]
2024-11-28 02:50:34.472 [info] > git config --get commit.template [5ms]
2024-11-28 02:50:34.474 [info] > git for-each-ref --format=%(refname)%00%(upstream:short)%00%(objectname)%00%(upstream:track)%00%(upstream:remotename)%00%(upstream:remoteref) refs/heads/main refs/remotes/main [2ms]
2024-11-28 02:50:34.478 [warning] [Git][revParse] Unable to read file: ENOENT: no such file or directory, open '/workspace/boilerplate-project-american-british-english-translator/.git/refs/remotes/origin/main'
2024-11-28 02:50:34.480 [info] > git rev-parse refs/remotes/origin/main [2ms]
2024-11-28 02:50:34.489 [info] > git status -z -uall [5ms]
2024-11-28 02:50:34.490 [info] > git for-each-ref --sort -committerdate --format %(refname) %(objectname) %(*objectname) [2ms]
2024-11-28 02:51:09.184 [info] > git config --get commit.template [6ms]
2024-11-28 02:51:09.186 [info] > git for-each-ref --format=%(refname)%00%(upstream:short)%00%(objectname)%00%(upstream:track)%00%(upstream:remotename)%00%(upstream:remoteref) refs/heads/main refs/remotes/main [3ms]
2024-11-28 02:51:09.190 [warning] [Git][revParse] Unable to read file: ENOENT: no such file or directory, open '/workspace/boilerplate-project-american-british-english-translator/.git/refs/remotes/origin/main'
2024-11-28 02:51:09.192 [info] > git rev-parse refs/remotes/origin/main [2ms]
2024-11-28 02:51:09.201 [info] > git status -z -uall [5ms]
2024-11-28 02:51:09.202 [info] > git for-each-ref --sort -committerdate --format %(refname) %(objectname) %(*objectname) [2ms]
2024-11-28 02:51:53.945 [info] > git config --get commit.template [7ms]
2024-11-28 02:51:53.946 [info] > git for-each-ref --format=%(refname)%00%(upstream:short)%00%(objectname)%00%(upstream:track)%00%(upstream:remotename)%00%(upstream:remoteref) refs/heads/main refs/remotes/main [2ms]
2024-11-28 02:51:53.952 [warning] [Git][revParse] Unable to read file: ENOENT: no such file or directory, open '/workspace/boilerplate-project-american-british-english-translator/.git/refs/remotes/origin/main'
2024-11-28 02:51:53.954 [info] > git rev-parse refs/remotes/origin/main [2ms]
2024-11-28 02:51:53.966 [info] > git status -z -uall [8ms]
2024-11-28 02:51:53.968 [info] > git for-each-ref --sort -committerdate --format %(refname) %(objectname) %(*objectname) [3ms]
2024-11-28 02:51:58.981 [info] > git config --get commit.template [5ms]
2024-11-28 02:51:58.983 [info] > git for-each-ref --format=%(refname)%00%(upstream:short)%00%(objectname)%00%(upstream:track)%00%(upstream:remotename)%00%(upstream:remoteref) refs/heads/main refs/remotes/main [2ms]
2024-11-28 02:51:58.988 [warning] [Git][revParse] Unable to read file: ENOENT: no such file or directory, open '/workspace/boilerplate-project-american-british-english-translator/.git/refs/remotes/origin/main'
2024-11-28 02:51:58.990 [info] > git rev-parse refs/remotes/origin/main [2ms]
2024-11-28 02:51:59.001 [info] > git status -z -uall [7ms]
2024-11-28 02:51:59.003 [info] > git for-each-ref --sort -committerdate --format %(refname) %(objectname) %(*objectname) [3ms]
2024-11-28 02:52:04.017 [info] > git config --get commit.template [5ms]
2024-11-28 02:52:04.018 [info] > git for-each-ref --format=%(refname)%00%(upstream:short)%00%(objectname)%00%(upstream:track)%00%(upstream:remotename)%00%(upstream:remoteref) refs/heads/main refs/remotes/main [2ms]
2024-11-28 02:52:04.022 [warning] [Git][revParse] Unable to read file: ENOENT: no such file or directory, open '/workspace/boilerplate-project-american-british-english-translator/.git/refs/remotes/origin/main'
2024-11-28 02:52:04.024 [info] > git rev-parse refs/remotes/origin/main [2ms]
2024-11-28 02:52:04.035 [info] > git status -z -uall [6ms]
2024-11-28 02:52:04.036 [info] > git for-each-ref --sort -committerdate --format %(refname) %(objectname) %(*objectname) [2ms]
2024-11-28 02:52:09.048 [info] > git config --get commit.template [5ms]
2024-11-28 02:52:09.049 [info] > git for-each-ref --format=%(refname)%00%(upstream:short)%00%(objectname)%00%(upstream:track)%00%(upstream:remotename)%00%(upstream:remoteref) refs/heads/main refs/remotes/main [2ms]
2024-11-28 02:52:09.053 [warning] [Git][revParse] Unable to read file: ENOENT: no such file or directory, open '/workspace/boilerplate-project-american-british-english-translator/.git/refs/remotes/origin/main'
2024-11-28 02:52:09.055 [info] > git rev-parse refs/remotes/origin/main [2ms]
2024-11-28 02:52:09.063 [info] > git status -z -uall [4ms]
2024-11-28 02:52:09.065 [info] > git for-each-ref --sort -committerdate --format %(refname) %(objectname) %(*objectname) [2ms]
2024-11-28 02:52:19.998 [info] > git config --get commit.template [7ms]
2024-11-28 02:52:19.999 [info] > git for-each-ref --format=%(refname)%00%(upstream:short)%00%(objectname)%00%(upstream:track)%00%(upstream:remotename)%00%(upstream:remoteref) refs/heads/main refs/remotes/main [2ms]
2024-11-28 02:52:20.005 [warning] [Git][revParse] Unable to read file: ENOENT: no such file or directory, open '/workspace/boilerplate-project-american-british-english-translator/.git/refs/remotes/origin/main'
2024-11-28 02:52:20.007 [info] > git rev-parse refs/remotes/origin/main [3ms]
2024-11-28 02:52:20.083 [info] > git status -z -uall [6ms]
2024-11-28 02:52:20.085 [info] > git for-each-ref --sort -committerdate --format %(refname) %(objectname) %(*objectname) [3ms]
2024-11-28 02:54:43.541 [info] > git config --get commit.template [7ms]
2024-11-28 02:54:43.542 [info] > git for-each-ref --format=%(refname)%00%(upstream:short)%00%(objectname)%00%(upstream:track)%00%(upstream:remotename)%00%(upstream:remoteref) refs/heads/main refs/remotes/main [2ms]
2024-11-28 02:54:43.547 [warning] [Git][revParse] Unable to read file: ENOENT: no such file or directory, open '/workspace/boilerplate-project-american-british-english-translator/.git/refs/remotes/origin/main'
2024-11-28 02:54:43.549 [info] > git rev-parse refs/remotes/origin/main [1ms]
2024-11-28 02:54:43.557 [info] > git status -z -uall [4ms]
2024-11-28 02:54:43.559 [info] > git for-each-ref --sort -committerdate --format %(refname) %(objectname) %(*objectname) [2ms]
2024-11-28 02:54:44.892 [info] > git show --textconv :components/translator.js [5ms]
2024-11-28 02:54:44.894 [info] > git ls-files --stage -- /workspace/boilerplate-project-american-british-english-translator/components/translator.js [2ms]
2024-11-28 02:54:44.900 [info] > git cat-file -s 75f7ccb798ff159911da18a1251d19cca90c29cf [2ms]
2024-11-28 02:54:51.940 [info] > git config --get commit.template [6ms]
2024-11-28 02:54:51.942 [info] > git for-each-ref --format=%(refname)%00%(upstream:short)%00%(objectname)%00%(upstream:track)%00%(upstream:remotename)%00%(upstream:remoteref) refs/heads/main refs/remotes/main [3ms]
2024-11-28 02:54:51.946 [warning] [Git][revParse] Unable to read file: ENOENT: no such file or directory, open '/workspace/boilerplate-project-american-british-english-translator/.git/refs/remotes/origin/main'
2024-11-28 02:54:51.948 [info] > git rev-parse refs/remotes/origin/main [2ms]
2024-11-28 02:54:51.957 [info] > git status -z -uall [5ms]
2024-11-28 02:54:51.959 [info] > git for-each-ref --sort -committerdate --format %(refname) %(objectname) %(*objectname) [2ms]
2024-11-28 02:54:57.458 [info] > git config --get commit.template [6ms]
2024-11-28 02:54:57.458 [info] > git for-each-ref --format=%(refname)%00%(upstream:short)%00%(objectname)%00%(upstream:track)%00%(upstream:remotename)%00%(upstream:remoteref) refs/heads/main refs/remotes/main [4ms]
2024-11-28 02:54:57.463 [warning] [Git][revParse] Unable to read file: ENOENT: no such file or directory, open '/workspace/boilerplate-project-american-british-english-translator/.git/refs/remotes/origin/main'
2024-11-28 02:54:57.465 [info] > git rev-parse refs/remotes/origin/main [2ms]
2024-11-28 02:54:57.474 [info] > git status -z -uall [5ms]
2024-11-28 02:54:57.475 [info] > git for-each-ref --sort -committerdate --format %(refname) %(objectname) %(*objectname) [2ms]
2024-11-28 02:55:02.488 [info] > git config --get commit.template [6ms]
2024-11-28 02:55:02.490 [info] > git for-each-ref --format=%(refname)%00%(upstream:short)%00%(objectname)%00%(upstream:track)%00%(upstream:remotename)%00%(upstream:remoteref) refs/heads/main refs/remotes/main [2ms]
2024-11-28 02:55:02.495 [warning] [Git][revParse] Unable to read file: ENOENT: no such file or directory, open '/workspace/boilerplate-project-american-british-english-translator/.git/refs/remotes/origin/main'
2024-11-28 02:55:02.497 [info] > git rev-parse refs/remotes/origin/main [2ms]
2024-11-28 02:55:02.508 [info] > git status -z -uall [6ms]
2024-11-28 02:55:02.509 [info] > git for-each-ref --sort -committerdate --format %(refname) %(objectname) %(*objectname) [2ms]
2024-11-28 02:55:07.973 [info] > git config --get commit.template [5ms]
2024-11-28 02:55:07.975 [info] > git for-each-ref --format=%(refname)%00%(upstream:short)%00%(objectname)%00%(upstream:track)%00%(upstream:remotename)%00%(upstream:remoteref) refs/heads/main refs/remotes/main [2ms]
2024-11-28 02:55:07.979 [warning] [Git][revParse] Unable to read file: ENOENT: no such file or directory, open '/workspace/boilerplate-project-american-british-english-translator/.git/refs/remotes/origin/main'
2024-11-28 02:55:07.981 [info] > git rev-parse refs/remotes/origin/main [2ms]
2024-11-28 02:55:07.990 [info] > git status -z -uall [5ms]
2024-11-28 02:55:07.993 [info] > git for-each-ref --sort -committerdate --format %(refname) %(objectname) %(*objectname) [3ms]
2024-11-28 02:55:13.005 [info] > git config --get commit.template [5ms]
2024-11-28 02:55:13.008 [info] > git for-each-ref --format=%(refname)%00%(upstream:short)%00%(objectname)%00%(upstream:track)%00%(upstream:remotename)%00%(upstream:remoteref) refs/heads/main refs/remotes/main [3ms]
2024-11-28 02:55:13.013 [warning] [Git][revParse] Unable to read file: ENOENT: no such file or directory, open '/workspace/boilerplate-project-american-british-english-translator/.git/refs/remotes/origin/main'
2024-11-28 02:55:13.015 [info] > git rev-parse refs/remotes/origin/main [2ms]
2024-11-28 02:55:13.027 [info] > git status -z -uall [6ms]
2024-11-28 02:55:13.029 [info] > git for-each-ref --sort -committerdate --format %(refname) %(objectname) %(*objectname) [3ms]
2024-11-28 02:55:23.732 [info] > git config --get commit.template [6ms]
2024-11-28 02:55:23.735 [info] > git for-each-ref --format=%(refname)%00%(upstream:short)%00%(objectname)%00%(upstream:track)%00%(upstream:remotename)%00%(upstream:remoteref) refs/heads/main refs/remotes/main [3ms]
2024-11-28 02:55:23.740 [warning] [Git][revParse] Unable to read file: ENOENT: no such file or directory, open '/workspace/boilerplate-project-american-british-english-translator/.git/refs/remotes/origin/main'
2024-11-28 02:55:23.742 [info] > git rev-parse refs/remotes/origin/main [2ms]
2024-11-28 02:55:23.752 [info] > git status -z -uall [5ms]
2024-11-28 02:55:23.754 [info] > git for-each-ref --sort -committerdate --format %(refname) %(objectname) %(*objectname) [2ms]
2024-11-28 02:55:33.021 [info] > git config --get commit.template [7ms]
2024-11-28 02:55:33.023 [info] > git for-each-ref --format=%(refname)%00%(upstream:short)%00%(objectname)%00%(upstream:track)%00%(upstream:remotename)%00%(upstream:remoteref) refs/heads/main refs/remotes/main [3ms]
2024-11-28 02:55:33.026 [warning] [Git][revParse] Unable to read file: ENOENT: no such file or directory, open '/workspace/boilerplate-project-american-british-english-translator/.git/refs/remotes/origin/main'
2024-11-28 02:55:33.028 [info] > git rev-parse refs/remotes/origin/main [2ms]
2024-11-28 02:55:33.038 [info] > git status -z -uall [5ms]
2024-11-28 02:55:33.040 [info] > git for-each-ref --sort -committerdate --format %(refname) %(objectname) %(*objectname) [2ms]
2024-11-28 02:55:36.275 [info] > git show --textconv :routes/api.js [5ms]
2024-11-28 02:55:36.276 [info] > git ls-files --stage -- /workspace/boilerplate-project-american-british-english-translator/routes/api.js [1ms]
2024-11-28 02:55:36.282 [info] > git cat-file -s 2cd7778f546c1c346c39d003964c592a7f893232 [2ms]
2024-11-28 02:55:42.998 [info] > git show --textconv :components/american-to-british-spelling.js [6ms]
2024-11-28 02:55:43.000 [info] > git ls-files --stage -- /workspace/boilerplate-project-american-british-english-translator/components/american-to-british-spelling.js [2ms]
2024-11-28 02:55:43.008 [info] > git cat-file -s a0f53a21835a5f27f5fd96fbd86475e79b0130ab [2ms]
2024-11-28 02:56:03.388 [info] > git show --textconv :components/american-only.js [4ms]
2024-11-28 02:56:03.391 [info] > git ls-files --stage -- /workspace/boilerplate-project-american-british-english-translator/components/american-only.js [2ms]
2024-11-28 02:56:03.397 [info] > git cat-file -s 4c2d667e074b55b34caa174584abc648675af521 [2ms]
2024-11-28 02:57:17.119 [info] > git config --get commit.template [7ms]
2024-11-28 02:57:17.121 [info] > git for-each-ref --format=%(refname)%00%(upstream:short)%00%(objectname)%00%(upstream:track)%00%(upstream:remotename)%00%(upstream:remoteref) refs/heads/main refs/remotes/main [3ms]
2024-11-28 02:57:17.126 [warning] [Git][revParse] Unable to read file: ENOENT: no such file or directory, open '/workspace/boilerplate-project-american-british-english-translator/.git/refs/remotes/origin/main'
2024-11-28 02:57:17.128 [info] > git rev-parse refs/remotes/origin/main [2ms]
2024-11-28 02:57:17.140 [info] > git status -z -uall [7ms]
2024-11-28 02:57:17.141 [info] > git for-each-ref --sort -committerdate --format %(refname) %(objectname) %(*objectname) [2ms]
2024-11-28 02:57:22.155 [info] > git config --get commit.template [6ms]
2024-11-28 02:57:22.156 [info] > git for-each-ref --format=%(refname)%00%(upstream:short)%00%(objectname)%00%(upstream:track)%00%(upstream:remotename)%00%(upstream:remoteref) refs/heads/main refs/remotes/main [2ms]
2024-11-28 02:57:22.161 [warning] [Git][revParse] Unable to read file: ENOENT: no such file or directory, open '/workspace/boilerplate-project-american-british-english-translator/.git/refs/remotes/origin/main'
2024-11-28 02:57:22.164 [info] > git rev-parse refs/remotes/origin/main [2ms]
2024-11-28 02:57:22.174 [info] > git status -z -uall [6ms]
2024-11-28 02:57:22.177 [info] > git for-each-ref --sort -committerdate --format %(refname) %(objectname) %(*objectname) [2ms]
2024-11-28 02:58:02.114 [info] > git config --get commit.template [7ms]
2024-11-28 02:58:02.116 [info] > git for-each-ref --format=%(refname)%00%(upstream:short)%00%(objectname)%00%(upstream:track)%00%(upstream:remotename)%00%(upstream:remoteref) refs/heads/main refs/remotes/main [3ms]
2024-11-28 02:58:02.121 [warning] [Git][revParse] Unable to read file: ENOENT: no such file or directory, open '/workspace/boilerplate-project-american-british-english-translator/.git/refs/remotes/origin/main'
2024-11-28 02:58:02.123 [info] > git rev-parse refs/remotes/origin/main [2ms]
2024-11-28 02:58:02.136 [info] > git status -z -uall [7ms]
2024-11-28 02:58:02.138 [info] > git for-each-ref --sort -committerdate --format %(refname) %(objectname) %(*objectname) [3ms]
2024-11-28 02:58:07.151 [info] > git config --get commit.template [5ms]
2024-11-28 02:58:07.152 [info] > git for-each-ref --format=%(refname)%00%(upstream:short)%00%(objectname)%00%(upstream:track)%00%(upstream:remotename)%00%(upstream:remoteref) refs/heads/main refs/remotes/main [2ms]
2024-11-28 02:58:07.157 [warning] [Git][revParse] Unable to read file: ENOENT: no such file or directory, open '/workspace/boilerplate-project-american-british-english-translator/.git/refs/remotes/origin/main'
2024-11-28 02:58:07.159 [info] > git rev-parse refs/remotes/origin/main [2ms]
2024-11-28 02:58:07.169 [info] > git status -z -uall [5ms]
2024-11-28 02:58:07.170 [info] > git for-each-ref --sort -committerdate --format %(refname) %(objectname) %(*objectname) [2ms]
2024-11-28 02:58:12.348 [info] > git config --get commit.template [7ms]
2024-11-28 02:58:12.349 [info] > git for-each-ref --format=%(refname)%00%(upstream:short)%00%(objectname)%00%(upstream:track)%00%(upstream:remotename)%00%(upstream:remoteref) refs/heads/main refs/remotes/main [2ms]
2024-11-28 02:58:12.354 [warning] [Git][revParse] Unable to read file: ENOENT: no such file or directory, open '/workspace/boilerplate-project-american-british-english-translator/.git/refs/remotes/origin/main'
2024-11-28 02:58:12.370 [info] > git rev-parse refs/remotes/origin/main [16ms]
2024-11-28 02:58:12.380 [info] > git status -z -uall [5ms]
2024-11-28 02:58:12.382 [info] > git for-each-ref --sort -committerdate --format %(refname) %(objectname) %(*objectname) [2ms]
2024-11-28 02:58:17.395 [info] > git config --get commit.template [5ms]
2024-11-28 02:58:17.396 [info] > git for-each-ref --format=%(refname)%00%(upstream:short)%00%(objectname)%00%(upstream:track)%00%(upstream:remotename)%00%(upstream:remoteref) refs/heads/main refs/remotes/main [2ms]
2024-11-28 02:58:17.400 [warning] [Git][revParse] Unable to read file: ENOENT: no such file or directory, open '/workspace/boilerplate-project-american-british-english-translator/.git/refs/remotes/origin/main'
2024-11-28 02:58:17.402 [info] > git rev-parse refs/remotes/origin/main [2ms]
2024-11-28 02:58:17.411 [info] > git status -z -uall [5ms]
2024-11-28 02:58:17.413 [info] > git for-each-ref --sort -committerdate --format %(refname) %(objectname) %(*objectname) [3ms]
2024-11-28 02:58:22.426 [info] > git config --get commit.template [5ms]
2024-11-28 02:58:22.427 [info] > git for-each-ref --format=%(refname)%00%(upstream:short)%00%(objectname)%00%(upstream:track)%00%(upstream:remotename)%00%(upstream:remoteref) refs/heads/main refs/remotes/main [2ms]
2024-11-28 02:58:22.433 [warning] [Git][revParse] Unable to read file: ENOENT: no such file or directory, open '/workspace/boilerplate-project-american-british-english-translator/.git/refs/remotes/origin/main'
2024-11-28 02:58:22.435 [info] > git rev-parse refs/remotes/origin/main [2ms]
2024-11-28 02:58:22.445 [info] > git status -z -uall [5ms]
2024-11-28 02:58:22.448 [info] > git for-each-ref --sort -committerdate --format %(refname) %(objectname) %(*objectname) [2ms]
2024-11-28 02:58:27.460 [info] > git config --get commit.template [2ms]
2024-11-28 02:58:27.467 [info] > git for-each-ref --format=%(refname)%00%(upstream:short)%00%(objectname)%00%(upstream:track)%00%(upstream:remotename)%00%(upstream:remoteref) refs/heads/main refs/remotes/main [2ms]
2024-11-28 02:58:27.472 [warning] [Git][revParse] Unable to read file: ENOENT: no such file or directory, open '/workspace/boilerplate-project-american-british-english-translator/.git/refs/remotes/origin/main'
2024-11-28 02:58:27.473 [info] > git rev-parse refs/remotes/origin/main [1ms]
2024-11-28 02:58:27.483 [info] > git status -z -uall [5ms]
2024-11-28 02:58:27.485 [info] > git for-each-ref --sort -committerdate --format %(refname) %(objectname) %(*objectname) [3ms]
2024-11-28 02:58:46.338 [info] > git config --get commit.template [6ms]
2024-11-28 02:58:46.340 [info] > git for-each-ref --format=%(refname)%00%(upstream:short)%00%(objectname)%00%(upstream:track)%00%(upstream:remotename)%00%(upstream:remoteref) refs/heads/main refs/remotes/main [2ms]
2024-11-28 02:58:46.344 [warning] [Git][revParse] Unable to read file: ENOENT: no such file or directory, open '/workspace/boilerplate-project-american-british-english-translator/.git/refs/remotes/origin/main'
2024-11-28 02:58:46.346 [info] > git rev-parse refs/remotes/origin/main [2ms]
2024-11-28 02:58:46.356 [info] > git status -z -uall [5ms]
2024-11-28 02:58:46.357 [info] > git for-each-ref --sort -committerdate --format %(refname) %(objectname) %(*objectname) [2ms]
2024-11-28 02:58:47.786 [info] > git show --textconv :components/translator.js [4ms]
2024-11-28 02:58:47.787 [info] > git ls-files --stage -- /workspace/boilerplate-project-american-british-english-translator/components/translator.js [2ms]
2024-11-28 02:58:47.794 [info] > git cat-file -s 75f7ccb798ff159911da18a1251d19cca90c29cf [2ms]
2024-11-28 02:58:50.283 [info] > git show --textconv :routes/api.js [4ms]
2024-11-28 02:58:50.285 [info] > git ls-files --stage -- /workspace/boilerplate-project-american-british-english-translator/routes/api.js [2ms]
2024-11-28 02:58:50.291 [info] > git cat-file -s 2cd7778f546c1c346c39d003964c592a7f893232 [3ms]
2024-11-28 02:58:56.242 [info] > git config --get commit.template [2ms]
2024-11-28 02:58:56.248 [info] > git for-each-ref --format=%(refname)%00%(upstream:short)%00%(objectname)%00%(upstream:track)%00%(upstream:remotename)%00%(upstream:remoteref) refs/heads/main refs/remotes/main [2ms]
2024-11-28 02:58:56.252 [warning] [Git][revParse] Unable to read file: ENOENT: no such file or directory, open '/workspace/boilerplate-project-american-british-english-translator/.git/refs/remotes/origin/main'
2024-11-28 02:58:56.253 [info] > git rev-parse refs/remotes/origin/main [1ms]
2024-11-28 02:58:56.261 [info] > git status -z -uall [4ms]
2024-11-28 02:58:56.263 [info] > git for-each-ref --sort -committerdate --format %(refname) %(objectname) %(*objectname) [2ms]
2024-11-28 02:59:01.276 [info] > git config --get commit.template [5ms]
2024-11-28 02:59:01.277 [info] > git for-each-ref --format=%(refname)%00%(upstream:short)%00%(objectname)%00%(upstream:track)%00%(upstream:remotename)%00%(upstream:remoteref) refs/heads/main refs/remotes/main [2ms]
2024-11-28 02:59:01.281 [warning] [Git][revParse] Unable to read file: ENOENT: no such file or directory, open '/workspace/boilerplate-project-american-british-english-translator/.git/refs/remotes/origin/main'
2024-11-28 02:59:01.283 [info] > git rev-parse refs/remotes/origin/main [2ms]
2024-11-28 02:59:01.293 [info] > git status -z -uall [6ms]
2024-11-28 02:59:01.295 [info] > git for-each-ref --sort -committerdate --format %(refname) %(objectname) %(*objectname) [3ms]
2024-11-28 02:59:06.309 [info] > git config --get commit.template [5ms]
2024-11-28 02:59:06.311 [info] > git for-each-ref --format=%(refname)%00%(upstream:short)%00%(objectname)%00%(upstream:track)%00%(upstream:remotename)%00%(upstream:remoteref) refs/heads/main refs/remotes/main [2ms]
2024-11-28 02:59:06.315 [warning] [Git][revParse] Unable to read file: ENOENT: no such file or directory, open '/workspace/boilerplate-project-american-british-english-translator/.git/refs/remotes/origin/main'
2024-11-28 02:59:06.317 [info] > git rev-parse refs/remotes/origin/main [2ms]
2024-11-28 02:59:06.326 [info] > git status -z -uall [5ms]
2024-11-28 02:59:06.328 [info] > git for-each-ref --sort -committerdate --format %(refname) %(objectname) %(*objectname) [3ms]
2024-11-28 02:59:11.344 [info] > git config --get commit.template [6ms]
2024-11-28 02:59:11.346 [info] > git for-each-ref --format=%(refname)%00%(upstream:short)%00%(objectname)%00%(upstream:track)%00%(upstream:remotename)%00%(upstream:remoteref) refs/heads/main refs/remotes/main [2ms]
2024-11-28 02:59:11.351 [warning] [Git][revParse] Unable to read file: ENOENT: no such file or directory, open '/workspace/boilerplate-project-american-british-english-translator/.git/refs/remotes/origin/main'
2024-11-28 02:59:11.352 [info] > git rev-parse refs/remotes/origin/main [1ms]
2024-11-28 02:59:11.365 [info] > git status -z -uall [6ms]
2024-11-28 02:59:11.367 [info] > git for-each-ref --sort -committerdate --format %(refname) %(objectname) %(*objectname) [3ms]
2024-11-28 03:00:06.696 [info] > git show --textconv :components/american-only.js [5ms]
2024-11-28 03:00:06.698 [info] > git ls-files --stage -- /workspace/boilerplate-project-american-british-english-translator/components/american-only.js [2ms]
2024-11-28 03:00:06.703 [info] > git cat-file -s 4c2d667e074b55b34caa174584abc648675af521 [2ms]
2024-11-28 03:04:55.151 [info] > git config --get commit.template [4ms]
2024-11-28 03:04:55.152 [info] > git for-each-ref --format=%(refname)%00%(upstream:short)%00%(objectname)%00%(upstream:track)%00%(upstream:remotename)%00%(upstream:remoteref) refs/heads/main refs/remotes/main [2ms]
2024-11-28 03:04:55.156 [warning] [Git][revParse] Unable to read file: ENOENT: no such file or directory, open '/workspace/boilerplate-project-american-british-english-translator/.git/refs/remotes/origin/main'
2024-11-28 03:04:55.158 [info] > git rev-parse refs/remotes/origin/main [2ms]
2024-11-28 03:04:55.166 [info] > git status -z -uall [4ms]
2024-11-28 03:04:55.168 [info] > git for-each-ref --sort -committerdate --format %(refname) %(objectname) %(*objectname) [2ms]
2024-11-28 03:05:00.178 [info] > git config --get commit.template [4ms]
2024-11-28 03:05:00.179 [info] > git for-each-ref --format=%(refname)%00%(upstream:short)%00%(objectname)%00%(upstream:track)%00%(upstream:remotename)%00%(upstream:remoteref) refs/heads/main refs/remotes/main [2ms]
2024-11-28 03:05:00.183 [warning] [Git][revParse] Unable to read file: ENOENT: no such file or directory, open '/workspace/boilerplate-project-american-british-english-translator/.git/refs/remotes/origin/main'
2024-11-28 03:05:00.185 [info] > git rev-parse refs/remotes/origin/main [2ms]
2024-11-28 03:05:00.192 [info] > git status -z -uall [4ms]
2024-11-28 03:05:00.194 [info] > git for-each-ref --sort -committerdate --format %(refname) %(objectname) %(*objectname) [2ms]
2024-11-28 03:05:05.208 [info] > git config --get commit.template [7ms]
2024-11-28 03:05:05.210 [info] > git for-each-ref --format=%(refname)%00%(upstream:short)%00%(objectname)%00%(upstream:track)%00%(upstream:remotename)%00%(upstream:remoteref) refs/heads/main refs/remotes/main [3ms]
2024-11-28 03:05:05.215 [warning] [Git][revParse] Unable to read file: ENOENT: no such file or directory, open '/workspace/boilerplate-project-american-british-english-translator/.git/refs/remotes/origin/main'
2024-11-28 03:05:05.217 [info] > git rev-parse refs/remotes/origin/main [2ms]
2024-11-28 03:05:05.228 [info] > git status -z -uall [6ms]
2024-11-28 03:05:05.230 [info] > git for-each-ref --sort -committerdate --format %(refname) %(objectname) %(*objectname) [2ms]
2024-11-28 03:05:10.243 [info] > git config --get commit.template [5ms]
2024-11-28 03:05:10.244 [info] > git for-each-ref --format=%(refname)%00%(upstream:short)%00%(objectname)%00%(upstream:track)%00%(upstream:remotename)%00%(upstream:remoteref) refs/heads/main refs/remotes/main [2ms]
2024-11-28 03:05:10.248 [warning] [Git][revParse] Unable to read file: ENOENT: no such file or directory, open '/workspace/boilerplate-project-american-british-english-translator/.git/refs/remotes/origin/main'
2024-11-28 03:05:10.250 [info] > git rev-parse refs/remotes/origin/main [2ms]
2024-11-28 03:05:10.258 [info] > git status -z -uall [4ms]
2024-11-28 03:05:10.260 [info] > git for-each-ref --sort -committerdate --format %(refname) %(objectname) %(*objectname) [2ms]
2024-11-28 03:05:30.183 [info] > git show --textconv :components/american-only.js [6ms]
2024-11-28 03:05:30.184 [info] > git ls-files --stage -- /workspace/boilerplate-project-american-british-english-translator/components/american-only.js [2ms]
2024-11-28 03:05:30.192 [info] > git cat-file -s 4c2d667e074b55b34caa174584abc648675af521 [2ms]
2024-11-28 03:05:30.932 [info] > git show --textconv :routes/api.js [7ms]
2024-11-28 03:05:30.932 [info] > git ls-files --stage -- /workspace/boilerplate-project-american-british-english-translator/routes/api.js [2ms]
2024-11-28 03:05:30.939 [info] > git cat-file -s 2cd7778f546c1c346c39d003964c592a7f893232 [2ms]
2024-11-28 03:05:36.811 [info] > git config --get commit.template [5ms]
2024-11-28 03:05:36.813 [info] > git for-each-ref --format=%(refname)%00%(upstream:short)%00%(objectname)%00%(upstream:track)%00%(upstream:remotename)%00%(upstream:remoteref) refs/heads/main refs/remotes/main [3ms]
2024-11-28 03:05:36.817 [warning] [Git][revParse] Unable to read file: ENOENT: no such file or directory, open '/workspace/boilerplate-project-american-british-english-translator/.git/refs/remotes/origin/main'
2024-11-28 03:05:36.818 [info] > git rev-parse refs/remotes/origin/main [1ms]
2024-11-28 03:05:36.826 [info] > git status -z -uall [4ms]
2024-11-28 03:05:36.828 [info] > git for-each-ref --sort -committerdate --format %(refname) %(objectname) %(*objectname) [2ms]
2024-11-28 03:05:38.316 [info] > git show --textconv :components/translator.js [5ms]
2024-11-28 03:05:38.317 [info] > git ls-files --stage -- /workspace/boilerplate-project-american-british-english-translator/components/translator.js [1ms]
2024-11-28 03:05:38.325 [info] > git cat-file -s 75f7ccb798ff159911da18a1251d19cca90c29cf [2ms]
2024-11-28 03:06:07.029 [info] > git config --get commit.template [7ms]
2024-11-28 03:06:07.030 [info] > git for-each-ref --format=%(refname)%00%(upstream:short)%00%(objectname)%00%(upstream:track)%00%(upstream:remotename)%00%(upstream:remoteref) refs/heads/main refs/remotes/main [2ms]
2024-11-28 03:06:07.035 [warning] [Git][revParse] Unable to read file: ENOENT: no such file or directory, open '/workspace/boilerplate-project-american-british-english-translator/.git/refs/remotes/origin/main'
2024-11-28 03:06:07.037 [info] > git rev-parse refs/remotes/origin/main [2ms]
2024-11-28 03:06:07.046 [info] > git status -z -uall [5ms]
2024-11-28 03:06:07.048 [info] > git for-each-ref --sort -committerdate --format %(refname) %(objectname) %(*objectname) [2ms]
2024-11-28 03:06:14.513 [info] > git config --get commit.template [6ms]
2024-11-28 03:06:14.515 [info] > git for-each-ref --format=%(refname)%00%(upstream:short)%00%(objectname)%00%(upstream:track)%00%(upstream:remotename)%00%(upstream:remoteref) refs/heads/main refs/remotes/main [2ms]
2024-11-28 03:06:14.519 [warning] [Git][revParse] Unable to read file: ENOENT: no such file or directory, open '/workspace/boilerplate-project-american-british-english-translator/.git/refs/remotes/origin/main'
2024-11-28 03:06:14.521 [info] > git rev-parse refs/remotes/origin/main [2ms]
2024-11-28 03:06:14.529 [info] > git status -z -uall [5ms]
2024-11-28 03:06:14.531 [info] > git for-each-ref --sort -committerdate --format %(refname) %(objectname) %(*objectname) [2ms]
2024-11-28 03:06:31.899 [info] > git config --get commit.template [5ms]
2024-11-28 03:06:31.900 [info] > git for-each-ref --format=%(refname)%00%(upstream:short)%00%(objectname)%00%(upstream:track)%00%(upstream:remotename)%00%(upstream:remoteref) refs/heads/main refs/remotes/main [2ms]
2024-11-28 03:06:31.905 [warning] [Git][revParse] Unable to read file: ENOENT: no such file or directory, open '/workspace/boilerplate-project-american-british-english-translator/.git/refs/remotes/origin/main'
2024-11-28 03:06:31.906 [info] > git rev-parse refs/remotes/origin/main [1ms]
2024-11-28 03:06:31.916 [info] > git status -z -uall [6ms]
2024-11-28 03:06:31.917 [info] > git for-each-ref --sort -committerdate --format %(refname) %(objectname) %(*objectname) [2ms]
2024-11-28 03:06:45.413 [info] > git config --get commit.template [4ms]
2024-11-28 03:06:45.415 [info] > git for-each-ref --format=%(refname)%00%(upstream:short)%00%(objectname)%00%(upstream:track)%00%(upstream:remotename)%00%(upstream:remoteref) refs/heads/main refs/remotes/main [2ms]
2024-11-28 03:06:45.419 [warning] [Git][revParse] Unable to read file: ENOENT: no such file or directory, open '/workspace/boilerplate-project-american-british-english-translator/.git/refs/remotes/origin/main'
2024-11-28 03:06:45.420 [info] > git rev-parse refs/remotes/origin/main [1ms]
2024-11-28 03:06:45.428 [info] > git status -z -uall [4ms]
2024-11-28 03:06:45.430 [info] > git for-each-ref --sort -committerdate --format %(refname) %(objectname) %(*objectname) [2ms]
2024-11-28 03:07:30.412 [info] > git config --get commit.template [7ms]
2024-11-28 03:07:30.413 [info] > git for-each-ref --format=%(refname)%00%(upstream:short)%00%(objectname)%00%(upstream:track)%00%(upstream:remotename)%00%(upstream:remoteref) refs/heads/main refs/remotes/main [2ms]
2024-11-28 03:07:30.418 [warning] [Git][revParse] Unable to read file: ENOENT: no such file or directory, open '/workspace/boilerplate-project-american-british-english-translator/.git/refs/remotes/origin/main'
2024-11-28 03:07:30.420 [info] > git rev-parse refs/remotes/origin/main [1ms]
2024-11-28 03:07:30.430 [info] > git status -z -uall [6ms]
2024-11-28 03:07:30.431 [info] > git for-each-ref --sort -committerdate --format %(refname) %(objectname) %(*objectname) [2ms]
2024-11-28 03:07:48.353 [info] > git config --get commit.template [5ms]
2024-11-28 03:07:48.354 [info] > git for-each-ref --format=%(refname)%00%(upstream:short)%00%(objectname)%00%(upstream:track)%00%(upstream:remotename)%00%(upstream:remoteref) refs/heads/main refs/remotes/main [2ms]
2024-11-28 03:07:48.359 [warning] [Git][revParse] Unable to read file: ENOENT: no such file or directory, open '/workspace/boilerplate-project-american-british-english-translator/.git/refs/remotes/origin/main'
2024-11-28 03:07:48.361 [info] > git rev-parse refs/remotes/origin/main [2ms]
2024-11-28 03:07:48.370 [info] > git status -z -uall [5ms]
2024-11-28 03:07:48.371 [info] > git for-each-ref --sort -committerdate --format %(refname) %(objectname) %(*objectname) [2ms]
2024-11-28 03:07:53.385 [info] > git config --get commit.template [6ms]
2024-11-28 03:07:53.387 [info] > git for-each-ref --format=%(refname)%00%(upstream:short)%00%(objectname)%00%(upstream:track)%00%(upstream:remotename)%00%(upstream:remoteref) refs/heads/main refs/remotes/main [3ms]
2024-11-28 03:07:53.391 [warning] [Git][revParse] Unable to read file: ENOENT: no such file or directory, open '/workspace/boilerplate-project-american-british-english-translator/.git/refs/remotes/origin/main'
2024-11-28 03:07:53.393 [info] > git rev-parse refs/remotes/origin/main [2ms]
2024-11-28 03:07:53.402 [info] > git status -z -uall [5ms]
2024-11-28 03:07:53.404 [info] > git for-each-ref --sort -committerdate --format %(refname) %(objectname) %(*objectname) [2ms]
2024-11-28 03:07:59.430 [info] > git config --get commit.template [5ms]
2024-11-28 03:07:59.431 [info] > git for-each-ref --format=%(refname)%00%(upstream:short)%00%(objectname)%00%(upstream:track)%00%(upstream:remotename)%00%(upstream:remoteref) refs/heads/main refs/remotes/main [2ms]
2024-11-28 03:07:59.435 [warning] [Git][revParse] Unable to read file: ENOENT: no such file or directory, open '/workspace/boilerplate-project-american-british-english-translator/.git/refs/remotes/origin/main'
2024-11-28 03:07:59.437 [info] > git rev-parse refs/remotes/origin/main [2ms]
2024-11-28 03:07:59.446 [info] > git status -z -uall [5ms]
2024-11-28 03:07:59.449 [info] > git for-each-ref --sort -committerdate --format %(refname) %(objectname) %(*objectname) [3ms]
2024-11-28 03:08:04.462 [info] > git config --get commit.template [6ms]
2024-11-28 03:08:04.464 [info] > git for-each-ref --format=%(refname)%00%(upstream:short)%00%(objectname)%00%(upstream:track)%00%(upstream:remotename)%00%(upstream:remoteref) refs/heads/main refs/remotes/main [2ms]
2024-11-28 03:08:04.469 [warning] [Git][revParse] Unable to read file: ENOENT: no such file or directory, open '/workspace/boilerplate-project-american-british-english-translator/.git/refs/remotes/origin/main'
2024-11-28 03:08:04.471 [info] > git rev-parse refs/remotes/origin/main [2ms]
2024-11-28 03:08:04.480 [info] > git status -z -uall [5ms]
2024-11-28 03:08:04.481 [info] > git for-each-ref --sort -committerdate --format %(refname) %(objectname) %(*objectname) [2ms]
2024-11-28 03:09:51.634 [info] > git show --textconv :components/american-only.js [5ms]
2024-11-28 03:09:51.636 [info] > git ls-files --stage -- /workspace/boilerplate-project-american-british-english-translator/components/american-only.js [1ms]
2024-11-28 03:09:51.642 [info] > git cat-file -s 4c2d667e074b55b34caa174584abc648675af521 [2ms]
2024-11-28 03:09:51.838 [info] > git show --textconv :components/american-only.js [6ms]
2024-11-28 03:09:51.839 [info] > git ls-files --stage -- /workspace/boilerplate-project-american-british-english-translator/components/american-only.js [2ms]
2024-11-28 03:09:51.845 [info] > git cat-file -s 4c2d667e074b55b34caa174584abc648675af521 [2ms]
2024-11-28 03:09:52.009 [info] > git show --textconv :routes/api.js [6ms]
2024-11-28 03:09:52.011 [info] > git ls-files --stage -- /workspace/boilerplate-project-american-british-english-translator/routes/api.js [3ms]
2024-11-28 03:09:52.017 [info] > git cat-file -s 2cd7778f546c1c346c39d003964c592a7f893232 [2ms]
2024-11-28 03:09:54.655 [info] > git show --textconv :views/index.html [5ms]
2024-11-28 03:09:54.657 [info] > git ls-files --stage -- /workspace/boilerplate-project-american-british-english-translator/views/index.html [2ms]
2024-11-28 03:09:54.665 [info] > git cat-file -s d1557722346d829f62d62312efa8a675fafa22f2 [3ms]
2024-11-28 03:09:57.689 [info] > git show --textconv :components/translator.js [7ms]
2024-11-28 03:09:57.690 [info] > git ls-files --stage -- /workspace/boilerplate-project-american-british-english-translator/components/translator.js [2ms]
2024-11-28 03:09:57.697 [info] > git cat-file -s 75f7ccb798ff159911da18a1251d19cca90c29cf [2ms]
2024-11-28 03:10:34.158 [info] > git show --textconv :routes/fcctesting.js [8ms]
2024-11-28 03:10:34.159 [info] > git ls-files --stage -- /workspace/boilerplate-project-american-british-english-translator/routes/fcctesting.js [3ms]
2024-11-28 03:10:34.180 [info] > git cat-file -s 9f0d2a2fabd8a14e09cb46de65b2451d9be74730 [3ms]
2024-11-28 03:11:15.718 [info] > git config --get commit.template [6ms]
2024-11-28 03:11:15.719 [info] > git for-each-ref --format=%(refname)%00%(upstream:short)%00%(objectname)%00%(upstream:track)%00%(upstream:remotename)%00%(upstream:remoteref) refs/heads/main refs/remotes/main [2ms]
2024-11-28 03:11:15.724 [warning] [Git][revParse] Unable to read file: ENOENT: no such file or directory, open '/workspace/boilerplate-project-american-british-english-translator/.git/refs/remotes/origin/main'
2024-11-28 03:11:15.725 [info] > git rev-parse refs/remotes/origin/main [1ms]
2024-11-28 03:11:15.735 [info] > git status -z -uall [5ms]
2024-11-28 03:11:15.737 [info] > git for-each-ref --sort -committerdate --format %(refname) %(objectname) %(*objectname) [2ms]
2024-11-28 03:11:20.748 [info] > git config --get commit.template [4ms]
2024-11-28 03:11:20.751 [info] > git for-each-ref --format=%(refname)%00%(upstream:short)%00%(objectname)%00%(upstream:track)%00%(upstream:remotename)%00%(upstream:remoteref) refs/heads/main refs/remotes/main [2ms]
2024-11-28 03:11:20.755 [warning] [Git][revParse] Unable to read file: ENOENT: no such file or directory, open '/workspace/boilerplate-project-american-british-english-translator/.git/refs/remotes/origin/main'
2024-11-28 03:11:20.756 [info] > git rev-parse refs/remotes/origin/main [1ms]
2024-11-28 03:11:20.765 [info] > git status -z -uall [5ms]
2024-11-28 03:11:20.767 [info] > git for-each-ref --sort -committerdate --format %(refname) %(objectname) %(*objectname) [2ms]
2024-11-28 03:11:25.785 [info] > git config --get commit.template [7ms]
2024-11-28 03:11:25.786 [info] > git for-each-ref --format=%(refname)%00%(upstream:short)%00%(objectname)%00%(upstream:track)%00%(upstream:remotename)%00%(upstream:remoteref) refs/heads/main refs/remotes/main [3ms]
2024-11-28 03:11:25.792 [warning] [Git][revParse] Unable to read file: ENOENT: no such file or directory, open '/workspace/boilerplate-project-american-british-english-translator/.git/refs/remotes/origin/main'
2024-11-28 03:11:25.794 [info] > git rev-parse refs/remotes/origin/main [2ms]
2024-11-28 03:11:25.807 [info] > git status -z -uall [7ms]
2024-11-28 03:11:25.809 [info] > git for-each-ref --sort -committerdate --format %(refname) %(objectname) %(*objectname) [3ms]
2024-11-28 03:11:30.823 [info] > git config --get commit.template [6ms]
2024-11-28 03:11:30.824 [info] > git for-each-ref --format=%(refname)%00%(upstream:short)%00%(objectname)%00%(upstream:track)%00%(upstream:remotename)%00%(upstream:remoteref) refs/heads/main refs/remotes/main [2ms]
2024-11-28 03:11:30.829 [warning] [Git][revParse] Unable to read file: ENOENT: no such file or directory, open '/workspace/boilerplate-project-american-british-english-translator/.git/refs/remotes/origin/main'
2024-11-28 03:11:30.831 [info] > git rev-parse refs/remotes/origin/main [2ms]
2024-11-28 03:11:30.842 [info] > git status -z -uall [6ms]
2024-11-28 03:11:30.844 [info] > git for-each-ref --sort -committerdate --format %(refname) %(objectname) %(*objectname) [2ms]
2024-11-28 03:11:36.477 [info] > git config --get commit.template [6ms]
2024-11-28 03:11:36.478 [info] > git for-each-ref --format=%(refname)%00%(upstream:short)%00%(objectname)%00%(upstream:track)%00%(upstream:remotename)%00%(upstream:remoteref) refs/heads/main refs/remotes/main [2ms]
2024-11-28 03:11:36.484 [warning] [Git][revParse] Unable to read file: ENOENT: no such file or directory, open '/workspace/boilerplate-project-american-british-english-translator/.git/refs/remotes/origin/main'
2024-11-28 03:11:36.485 [info] > git rev-parse refs/remotes/origin/main [1ms]
2024-11-28 03:11:36.496 [info] > git status -z -uall [6ms]
2024-11-28 03:11:36.498 [info] > git for-each-ref --sort -committerdate --format %(refname) %(objectname) %(*objectname) [3ms]
2024-11-28 03:11:41.510 [info] > git config --get commit.template [5ms]
2024-11-28 03:11:41.512 [info] > git for-each-ref --format=%(refname)%00%(upstream:short)%00%(objectname)%00%(upstream:track)%00%(upstream:remotename)%00%(upstream:remoteref) refs/heads/main refs/remotes/main [2ms]
2024-11-28 03:11:41.516 [warning] [Git][revParse] Unable to read file: ENOENT: no such file or directory, open '/workspace/boilerplate-project-american-british-english-translator/.git/refs/remotes/origin/main'
2024-11-28 03:11:41.517 [info] > git rev-parse refs/remotes/origin/main [1ms]
2024-11-28 03:11:41.525 [info] > git status -z -uall [4ms]
2024-11-28 03:11:41.527 [info] > git for-each-ref --sort -committerdate --format %(refname) %(objectname) %(*objectname) [2ms]
2024-11-28 03:11:47.459 [info] > git config --get commit.template [5ms]
2024-11-28 03:11:47.461 [info] > git for-each-ref --format=%(refname)%00%(upstream:short)%00%(objectname)%00%(upstream:track)%00%(upstream:remotename)%00%(upstream:remoteref) refs/heads/main refs/remotes/main [2ms]
2024-11-28 03:11:47.466 [warning] [Git][revParse] Unable to read file: ENOENT: no such file or directory, open '/workspace/boilerplate-project-american-british-english-translator/.git/refs/remotes/origin/main'
2024-11-28 03:11:47.468 [info] > git rev-parse refs/remotes/origin/main [2ms]
2024-11-28 03:11:47.480 [info] > git status -z -uall [7ms]
2024-11-28 03:11:47.482 [info] > git for-each-ref --sort -committerdate --format %(refname) %(objectname) %(*objectname) [4ms]
2024-11-28 03:11:52.497 [info] > git config --get commit.template [7ms]
2024-11-28 03:11:52.499 [info] > git for-each-ref --format=%(refname)%00%(upstream:short)%00%(objectname)%00%(upstream:track)%00%(upstream:remotename)%00%(upstream:remoteref) refs/heads/main refs/remotes/main [3ms]
2024-11-28 03:11:52.504 [warning] [Git][revParse] Unable to read file: ENOENT: no such file or directory, open '/workspace/boilerplate-project-american-british-english-translator/.git/refs/remotes/origin/main'
2024-11-28 03:11:52.505 [info] > git rev-parse refs/remotes/origin/main [1ms]
2024-11-28 03:11:52.518 [info] > git status -z -uall [7ms]
2024-11-28 03:11:52.520 [info] > git for-each-ref --sort -committerdate --format %(refname) %(objectname) %(*objectname) [3ms]
2024-11-28 03:11:58.876 [info] > git config --get commit.template [6ms]
2024-11-28 03:11:58.877 [info] > git for-each-ref --format=%(refname)%00%(upstream:short)%00%(objectname)%00%(upstream:track)%00%(upstream:remotename)%00%(upstream:remoteref) refs/heads/main refs/remotes/main [2ms]
2024-11-28 03:11:58.883 [warning] [Git][revParse] Unable to read file: ENOENT: no such file or directory, open '/workspace/boilerplate-project-american-british-english-translator/.git/refs/remotes/origin/main'
2024-11-28 03:11:58.885 [info] > git rev-parse refs/remotes/origin/main [2ms]
2024-11-28 03:11:58.896 [info] > git status -z -uall [6ms]
2024-11-28 03:11:58.898 [info] > git for-each-ref --sort -committerdate --format %(refname) %(objectname) %(*objectname) [2ms]
2024-11-28 03:12:22.169 [info] > git config --get commit.template [4ms]
2024-11-28 03:12:22.170 [info] > git for-each-ref --format=%(refname)%00%(upstream:short)%00%(objectname)%00%(upstream:track)%00%(upstream:remotename)%00%(upstream:remoteref) refs/heads/main refs/remotes/main [2ms]
2024-11-28 03:12:22.174 [warning] [Git][revParse] Unable to read file: ENOENT: no such file or directory, open '/workspace/boilerplate-project-american-british-english-translator/.git/refs/remotes/origin/main'
2024-11-28 03:12:22.176 [info] > git rev-parse refs/remotes/origin/main [2ms]
2024-11-28 03:12:22.188 [info] > git status -z -uall [7ms]
2024-11-28 03:12:22.189 [info] > git for-each-ref --sort -committerdate --format %(refname) %(objectname) %(*objectname) [3ms]
