2024-12-05 17:35:37.192 [info] Log level: Info
2024-12-05 17:35:37.204 [info] VSCODE_MACHINE_ID: ddd9af09-f5a9-46b8-8ac6-d1cdcbcaca4e
2024-12-05 17:35:37.204 [info] VSCODE_SESSION_ID: a4e5211a-1f9d-4f9f-84fc-e771e674e8c71733420134909
2024-12-05 17:35:37.204 [info] VSCODE_VERSION: 1.95.3
2024-12-05 17:35:37.204 [info] VSCODE_APP_NAME: Gitpod Code
2024-12-05 17:35:37.204 [info] VSCODE_APP_HOST: Gitpod
2024-12-05 17:35:37.204 [info] VSCODE_UI_KIND: web
2024-12-05 17:35:37.204 [info] GITPOD_WORKSPACE_CONTEXT_URL: https://github.com/freeCodeCamp/boilerplate-project-american-british-english-translator/
2024-12-05 17:35:37.204 [info] GITPOD_INSTANCE_ID: 17134f67-2ddf-49fd-a932-015d45feb93c
2024-12-05 17:35:37.204 [info] GITPOD_WORKSPACE_URL: https://freecodecam-boilerplate-g6jmzinuh26.ws-us117.gitpod.io
2024-12-05 17:35:37.212 [info] Gitpod Web 3953e81
2024-12-05 17:35:37.212 [info] Reading sessions from keychain...
2024-12-05 17:35:37.836 [info] Getting sessions for all scopes...
2024-12-05 17:35:37.836 [info] Getting sessions for all scopes...
2024-12-05 17:35:37.836 [info] Getting sessions for function:accessCodeSyncStorage...
2024-12-05 17:35:37.836 [info] Getting GitHub sessions for all scopes...
2024-12-05 17:35:37.836 [info] Getting sessions for function:accessCodeSyncStorage...
2024-12-05 17:35:37.836 [info] Getting sessions for function:accessCodeSyncStorage...
2024-12-05 17:35:37.836 [info] Getting sessions for function:accessCodeSyncStorage...
2024-12-05 17:35:37.836 [info] Got 1 GitHub sessions for all scopes...
2024-12-05 17:35:37.837 [info] Got stored sessions!
2024-12-05 17:35:37.838 [info] Verified session with the following scopes: function:accessCodeSyncStorage function:closePort function:controlAdmission function:deleteEnvVar function:generateNewGitpodToken function:getDefaultWorkspaceImage function:getGitpodTokenScopes function:getIDToken function:getLoggedInUser function:getOpenPorts function:getSupportedWorkspaceClasses function:getTeams function:getToken function:getWorkspace function:getWorkspaceEnvVars function:getWorkspaceOwner function:getWorkspaceTimeout function:getWorkspaceUsers function:guessGitTokenScopes function:isWorkspaceOwner function:openPort function:sendHeartBeat function:setEnvVar function:setWorkspaceTimeout function:stopWorkspace function:takeSnapshot function:trackEvent function:updateGitStatus function:waitForSnapshot resource:contentBlob::*::create/get resource:envVar::*/**::update resource:envVar::*/*::update resource:envVar::freeCodeCamp/boilerplate-project-american-british-english-translator::create/get/update/delete resource:gitpodToken::*::create resource:snapshot::ws-freecodecam-boilerplate-g6jmzinuh26::create resource:token::*::get resource:userStorage::*::create/get/update resource:workspace::freecodecam-boilerplate-g6jmzinuh26::get/update resource:workspaceInstance::17134f67-2ddf-49fd-a932-015d45feb93c::get/update/delete
2024-12-05 17:35:37.865 [info] Got 1 verified sessions.
2024-12-05 17:35:37.865 [info] Got 1 sessions for all scopes...
2024-12-05 17:35:37.865 [info] Got 1 sessions for all scopes...
2024-12-05 17:35:37.865 [info] Got 1 sessions for function:accessCodeSyncStorage...
2024-12-05 17:35:37.865 [info] Got 1 sessions for function:accessCodeSyncStorage...
2024-12-05 17:35:37.865 [info] Got 1 sessions for function:accessCodeSyncStorage...
2024-12-05 17:35:37.865 [info] Got 1 sessions for function:accessCodeSyncStorage...
2024-12-05 17:35:38.659 [info] Getting GitHub sessions for all scopes...
2024-12-05 17:35:38.659 [info] Getting GitHub sessions for all scopes...
2024-12-05 17:35:38.659 [info] Getting sessions for all scopes...
2024-12-05 17:35:38.659 [info] Got 1 GitHub sessions for all scopes...
2024-12-05 17:35:38.659 [info] Got 1 GitHub sessions for all scopes...
2024-12-05 17:35:38.659 [info] Got 1 sessions for all scopes...
2024-12-05 17:35:38.860 [info] Getting GitHub sessions for read:user,repo,user:email,workflow...
2024-12-05 17:35:38.871 [info] Got 1 GitHub sessions for read:user,repo,user:email,workflow...
2024-12-05 17:35:39.039 [info] Getting sessions for all scopes...
2024-12-05 17:35:39.039 [info] Getting GitHub sessions for all scopes...
2024-12-05 17:35:39.039 [info] Got 1 sessions for all scopes...
2024-12-05 17:35:39.039 [info] Got 1 GitHub sessions for all scopes...
2024-12-05 17:35:39.086 [info] Getting GitHub sessions for project,read:org,read:user,repo,user:email,workflow...
2024-12-05 17:35:39.086 [info] Got 0 GitHub sessions for project,read:org,read:user,repo,user:email,workflow...
2024-12-05 17:35:39.313 [info] Getting GitHub sessions for read:user,repo,user:email,workflow...
2024-12-05 17:35:39.313 [info] Got 1 GitHub sessions for read:user,repo,user:email,workflow...
2024-12-05 18:03:04.896 [error] cannot maintain connection to supervisor 13 INTERNAL: closed
2024-12-05 18:03:05.897 [error] cannot maintain connection to supervisor 13 INTERNAL: closed
2024-12-05 18:03:06.898 [error] cannot maintain connection to supervisor 13 INTERNAL: closed
2024-12-05 18:03:07.899 [error] cannot maintain connection to supervisor 13 INTERNAL: closed
2024-12-05 18:03:08.901 [error] cannot maintain connection to supervisor 13 INTERNAL: closed
2024-12-05 18:03:09.902 [error] cannot maintain connection to supervisor 13 INTERNAL: closed
2024-12-05 18:03:10.904 [error] cannot maintain connection to supervisor 13 INTERNAL: closed
2024-12-05 18:03:11.906 [error] cannot maintain connection to supervisor 13 INTERNAL: closed
2024-12-05 18:03:12.908 [error] cannot maintain connection to supervisor 13 INTERNAL: closed
2024-12-05 18:03:13.910 [error] cannot maintain connection to supervisor 13 INTERNAL: closed
2024-12-05 18:03:14.911 [error] cannot maintain connection to supervisor 13 INTERNAL: closed
2024-12-05 18:03:15.912 [error] cannot maintain connection to supervisor 13 INTERNAL: closed
2024-12-05 18:03:16.915 [error] cannot maintain connection to supervisor 13 INTERNAL: closed
2024-12-05 18:03:17.917 [error] cannot maintain connection to supervisor 13 INTERNAL: closed
