2024-12-04 08:48:02.415 [info] Log level: Info
2024-12-04 08:48:02.461 [info] VSCODE_MACHINE_ID: ddd9af09-f5a9-46b8-8ac6-d1cdcbcaca4e
2024-12-04 08:48:02.461 [info] VSCODE_SESSION_ID: 4cf39d4e-cd65-4381-ba80-a2f787e44ae81733302080005
2024-12-04 08:48:02.461 [info] VSCODE_VERSION: 1.95.3
2024-12-04 08:48:02.461 [info] VSCODE_APP_NAME: Gitpod Code
2024-12-04 08:48:02.461 [info] VSCODE_APP_HOST: Gitpod
2024-12-04 08:48:02.461 [info] VSCODE_UI_KIND: web
2024-12-04 08:48:02.461 [info] GITPOD_WORKSPACE_CONTEXT_URL: https://github.com/freeCodeCamp/boilerplate-project-american-british-english-translator/
2024-12-04 08:48:02.461 [info] GITPOD_INSTANCE_ID: 88f50d9e-7ffd-41a4-8c1a-a8b34163a542
2024-12-04 08:48:02.461 [info] GITPOD_WORKSPACE_URL: https://freecodecam-boilerplate-g6jmzinuh26.ws-us117.gitpod.io
2024-12-04 08:48:02.469 [info] Gitpod Web 3953e81
2024-12-04 08:48:02.469 [info] Reading sessions from keychain...
2024-12-04 08:48:02.790 [info] Getting sessions for all scopes...
2024-12-04 08:48:02.790 [info] Getting sessions for all scopes...
2024-12-04 08:48:02.790 [info] Getting sessions for function:accessCodeSyncStorage...
2024-12-04 08:48:02.790 [info] Getting GitHub sessions for all scopes...
2024-12-04 08:48:02.790 [info] Getting sessions for function:accessCodeSyncStorage...
2024-12-04 08:48:02.790 [info] Getting sessions for function:accessCodeSyncStorage...
2024-12-04 08:48:02.790 [info] Getting sessions for function:accessCodeSyncStorage...
2024-12-04 08:48:02.791 [info] Got stored sessions!
2024-12-04 08:48:02.791 [info] Verified session with the following scopes: function:accessCodeSyncStorage function:closePort function:controlAdmission function:deleteEnvVar function:generateNewGitpodToken function:getDefaultWorkspaceImage function:getGitpodTokenScopes function:getIDToken function:getLoggedInUser function:getOpenPorts function:getSupportedWorkspaceClasses function:getTeams function:getToken function:getWorkspace function:getWorkspaceEnvVars function:getWorkspaceOwner function:getWorkspaceTimeout function:getWorkspaceUsers function:guessGitTokenScopes function:isWorkspaceOwner function:openPort function:sendHeartBeat function:setEnvVar function:setWorkspaceTimeout function:stopWorkspace function:takeSnapshot function:trackEvent function:updateGitStatus function:waitForSnapshot resource:contentBlob::*::create/get resource:envVar::*/**::update resource:envVar::*/*::update resource:envVar::freeCodeCamp/boilerplate-project-american-british-english-translator::create/get/update/delete resource:gitpodToken::*::create resource:snapshot::ws-freecodecam-boilerplate-g6jmzinuh26::create resource:token::*::get resource:userStorage::*::create/get/update resource:workspace::freecodecam-boilerplate-g6jmzinuh26::get/update resource:workspaceInstance::88f50d9e-7ffd-41a4-8c1a-a8b34163a542::get/update/delete
2024-12-04 08:48:02.795 [info] Got 1 verified sessions.
2024-12-04 08:48:02.795 [info] Got 1 sessions for all scopes...
2024-12-04 08:48:02.795 [info] Got 1 sessions for all scopes...
2024-12-04 08:48:02.795 [info] Got 1 sessions for function:accessCodeSyncStorage...
2024-12-04 08:48:02.795 [info] Got 1 sessions for function:accessCodeSyncStorage...
2024-12-04 08:48:02.795 [info] Got 1 sessions for function:accessCodeSyncStorage...
2024-12-04 08:48:02.795 [info] Got 1 sessions for function:accessCodeSyncStorage...
2024-12-04 08:48:02.992 [info] Got 1 GitHub sessions for all scopes...
2024-12-04 08:48:03.974 [info] Getting GitHub sessions for all scopes...
2024-12-04 08:48:03.974 [info] Getting sessions for all scopes...
2024-12-04 08:48:03.974 [info] Got 1 GitHub sessions for all scopes...
2024-12-04 08:48:03.974 [info] Got 1 sessions for all scopes...
2024-12-04 08:48:03.978 [info] Getting GitHub sessions for all scopes...
2024-12-04 08:48:03.978 [info] Got 1 GitHub sessions for all scopes...
2024-12-04 08:48:04.165 [info] Getting GitHub sessions for read:user,repo,user:email,workflow...
2024-12-04 08:48:04.165 [info] Got 1 GitHub sessions for read:user,repo,user:email,workflow...
2024-12-04 08:48:04.188 [info] Getting sessions for all scopes...
2024-12-04 08:48:04.188 [info] Getting GitHub sessions for all scopes...
2024-12-04 08:48:04.189 [info] Got 1 sessions for all scopes...
2024-12-04 08:48:04.189 [info] Got 1 GitHub sessions for all scopes...
2024-12-04 08:48:04.349 [info] Getting GitHub sessions for project,read:org,read:user,repo,user:email,workflow...
2024-12-04 08:48:04.349 [info] Got 0 GitHub sessions for project,read:org,read:user,repo,user:email,workflow...
2024-12-04 08:48:04.575 [info] Getting GitHub sessions for read:user,repo,user:email,workflow...
2024-12-04 08:48:04.575 [info] Got 1 GitHub sessions for read:user,repo,user:email,workflow...
2024-12-04 11:09:40.196 [error] cannot maintain connection to supervisor 13 INTERNAL: closed
2024-12-04 11:09:41.198 [error] cannot maintain connection to supervisor 13 INTERNAL: closed
2024-12-04 11:09:42.200 [error] cannot maintain connection to supervisor 13 INTERNAL: closed
2024-12-04 11:09:43.201 [error] cannot maintain connection to supervisor 13 INTERNAL: closed
2024-12-04 11:09:44.203 [error] cannot maintain connection to supervisor 13 INTERNAL: closed
2024-12-04 11:09:45.204 [error] cannot maintain connection to supervisor 13 INTERNAL: closed
2024-12-04 11:09:46.207 [error] cannot maintain connection to supervisor 13 INTERNAL: closed
2024-12-04 11:09:47.209 [error] cannot maintain connection to supervisor 13 INTERNAL: closed
2024-12-04 11:09:48.211 [error] cannot maintain connection to supervisor 13 INTERNAL: closed
2024-12-04 11:09:49.213 [error] cannot maintain connection to supervisor 13 INTERNAL: closed
2024-12-04 11:09:50.215 [error] cannot maintain connection to supervisor 13 INTERNAL: closed
2024-12-04 11:09:51.217 [error] cannot maintain connection to supervisor 13 INTERNAL: closed
2024-12-04 11:09:52.219 [error] cannot maintain connection to supervisor 13 INTERNAL: closed
2024-12-04 11:09:53.221 [error] cannot maintain connection to supervisor 13 INTERNAL: closed
