2024-11-28 02:05:51.732 [info] Log level: Info
2024-11-28 02:05:51.732 [info] VSCODE_MACHINE_ID: 79a4b633-62e5-4286-ab71-5205259ce51a
2024-11-28 02:05:51.732 [info] VSCODE_SESSION_ID: 52bb06cd-7e5e-42f0-b095-5e6d138d508e1732759547983
2024-11-28 02:05:51.732 [info] VSCODE_VERSION: 1.95.3
2024-11-28 02:05:51.732 [info] VSCODE_APP_NAME: Gitpod Code
2024-11-28 02:05:51.732 [info] VSCODE_APP_HOST: Gitpod
2024-11-28 02:05:51.732 [info] VSCODE_UI_KIND: web
2024-11-28 02:05:51.732 [info] GITPOD_WORKSPACE_CONTEXT_URL: https://github.com/freeCodeCamp/boilerplate-project-american-british-english-translator/
2024-11-28 02:05:51.732 [info] GITPOD_INSTANCE_ID: 9a637d02-f8bb-45cc-8a14-10c4d73f6639
2024-11-28 02:05:51.732 [info] GITPOD_WORKSPACE_URL: https://freecodecam-boilerplate-g6jmzinuh26.ws-us116.gitpod.io
2024-11-28 02:05:51.732 [info] Gitpod Web 3953e81
2024-11-28 02:05:51.732 [info] Reading sessions from keychain...
2024-11-28 02:05:52.001 [info] Getting sessions for all scopes...
2024-11-28 02:05:52.001 [info] Getting sessions for all scopes...
2024-11-28 02:05:52.001 [info] Getting GitHub sessions for all scopes...
2024-11-28 02:05:52.001 [info] Getting sessions for function:accessCodeSyncStorage...
2024-11-28 02:05:52.002 [info] Got stored sessions!
2024-11-28 02:05:52.002 [info] Verified session with the following scopes: function:accessCodeSyncStorage function:closePort function:controlAdmission function:deleteEnvVar function:generateNewGitpodToken function:getDefaultWorkspaceImage function:getGitpodTokenScopes function:getIDToken function:getLoggedInUser function:getOpenPorts function:getSupportedWorkspaceClasses function:getTeams function:getToken function:getWorkspace function:getWorkspaceEnvVars function:getWorkspaceOwner function:getWorkspaceTimeout function:getWorkspaceUsers function:guessGitTokenScopes function:isWorkspaceOwner function:openPort function:sendHeartBeat function:setEnvVar function:setWorkspaceTimeout function:stopWorkspace function:takeSnapshot function:trackEvent function:updateGitStatus function:waitForSnapshot resource:contentBlob::*::create/get resource:envVar::*/**::update resource:envVar::*/*::update resource:envVar::freeCodeCamp/boilerplate-project-american-british-english-translator::create/get/update/delete resource:gitpodToken::*::create resource:snapshot::ws-freecodecam-boilerplate-g6jmzinuh26::create resource:token::*::get resource:userStorage::*::create/get/update resource:workspace::freecodecam-boilerplate-g6jmzinuh26::get/update resource:workspaceInstance::9a637d02-f8bb-45cc-8a14-10c4d73f6639::get/update/delete
2024-11-28 02:05:52.002 [info] Got 1 verified sessions.
2024-11-28 02:05:52.003 [info] Got 1 sessions for all scopes...
2024-11-28 02:05:52.003 [info] Got 1 sessions for all scopes...
2024-11-28 02:05:52.003 [info] Got 1 sessions for function:accessCodeSyncStorage...
2024-11-28 02:05:52.280 [info] Got 1 GitHub sessions for all scopes...
2024-11-28 02:05:52.705 [info] Getting GitHub sessions for all scopes...
2024-11-28 02:05:52.705 [info] Getting sessions for all scopes...
2024-11-28 02:05:52.705 [info] Got 1 GitHub sessions for all scopes...
2024-11-28 02:05:52.705 [info] Got 1 sessions for all scopes...
2024-11-28 02:05:52.818 [info] Getting GitHub sessions for all scopes...
2024-11-28 02:05:52.818 [info] Got 1 GitHub sessions for all scopes...
2024-11-28 02:05:55.911 [info] Getting GitHub sessions for read:user,repo,user:email,workflow...
2024-11-28 02:05:55.911 [info] Got 1 GitHub sessions for read:user,repo,user:email,workflow...
2024-11-28 02:05:56.302 [info] Getting GitHub sessions for project,read:org,read:user,repo,user:email,workflow...
2024-11-28 02:05:56.302 [info] Got 0 GitHub sessions for project,read:org,read:user,repo,user:email,workflow...
2024-11-28 02:05:56.485 [info] Getting GitHub sessions for read:user,repo,user:email,workflow...
2024-11-28 02:05:56.485 [info] Got 1 GitHub sessions for read:user,repo,user:email,workflow...
2024-11-28 03:17:44.297 [error] cannot maintain connection to supervisor 13 INTERNAL: closed
2024-11-28 03:17:45.298 [error] cannot maintain connection to supervisor 13 INTERNAL: closed
2024-11-28 03:17:46.300 [error] cannot maintain connection to supervisor 13 INTERNAL: closed
2024-11-28 03:17:47.302 [error] cannot maintain connection to supervisor 13 INTERNAL: closed
2024-11-28 03:17:48.304 [error] cannot maintain connection to supervisor 13 INTERNAL: closed
2024-11-28 03:17:49.307 [error] cannot maintain connection to supervisor 13 INTERNAL: closed
2024-11-28 03:17:50.308 [error] cannot maintain connection to supervisor 13 INTERNAL: closed
2024-11-28 03:17:51.311 [error] cannot maintain connection to supervisor 13 INTERNAL: closed
2024-11-28 03:17:52.313 [error] cannot maintain connection to supervisor 13 INTERNAL: closed
2024-11-28 03:17:53.316 [error] cannot maintain connection to supervisor 13 INTERNAL: closed
2024-11-28 03:17:54.318 [error] cannot maintain connection to supervisor 13 INTERNAL: closed
2024-11-28 03:17:55.320 [error] cannot maintain connection to supervisor 13 INTERNAL: closed
2024-11-28 03:17:56.322 [error] cannot maintain connection to supervisor 13 INTERNAL: closed
2024-11-28 03:17:57.324 [error] cannot maintain connection to supervisor 13 INTERNAL: closed
