[409ns] Shutting down all processes 
[540.659µs] Terminating process supervisor with PID 36 (state: S, cmdlind: [supervisor run] <nil>). 
[15.000148082s] Terminating process didn't finish, but had to be force killed 
[15.000705942s] Terminating process bash with PID 278 (state: S, cmdlind: [/bin/bash --init-file /ide/out/vs/workbench/contrib/terminal/common/scripts/shellIntegration-bash.sh] <nil>). 
[15.000757202s] Terminating process node with PID 162 (state: S, cmdlind: [/ide/node --max-old-space-size=3072 /ide/extensions/node_modules/typescript/lib/tsserver.js --serverMode partialSemantic --useInferredProjectPerProjectRoot --disableAutomaticTypingAcquisition --cancellationPipeName /tmp/vscode-typescript33333/7c5abf8172090c429425/tscancellation-cca4affedcda79779712.tmp* --locale en --noGetErrOnBackgroundUpdate --canUseWatchEvents --validateDefaultNpmLocation --useNodeIpc] <nil>). 
[15.000767512s] Terminating process node with PID 73 (state: S, cmdlind: [/ide/node /ide/out/server-main.js --log=info --install-builtin-extension gitpod.gitpod-theme --install-builtin-extension github.vscode-pull-request-github --port 23000 --host 0.0.0.0 --without-connection-token --server-data-dir /workspace/.vscode-remote --do-not-sync --start-server] <nil>). 
[15.000779732s] Terminating process bash with PID 85 (state: S, cmdlind: [/bin/bash] <nil>). 
[15.000810822s] Terminating process didn't finish, but had to be force killed 
[15.000964792s] Terminating process node with PID 277 (state: S, cmdlind: [/ide/node /ide/extensions/json-language-features/server/dist/node/jsonServerMain --node-ipc --clientProcessId=141] <nil>). 
[15.000987122s] Terminating process didn't finish, but had to be force killed 
[15.001020822s] Terminating process node with PID 239 (state: S, cmdlind: [/ide/node /ide/extensions/redhat.vscode-yaml/dist/languageserver.js --node-ipc --clientProcessId=141] <nil>). 
[15.001089662s] Terminating process node with PID 246 (state: S, cmdlind: [/ide/node /ide/out/bootstrap-fork --type=ptyHost --logsPath /workspace/.vscode-remote/data/logs/20241205T181052] <nil>). 
[15.001112882s] Process supervisor with PID 36 is a zombie, skipping termination. 
[15.000994402s] Terminating process node with PID 141 (state: S, cmdlind: [/ide/node --dns-result-order=ipv4first /ide/out/bootstrap-fork --type=extensionHost --transformURIs --useHostProxy=false] <nil>). 
[15.001110632s] Terminating process didn't finish, but had to be force killed 
[15.001169052s] Terminating process didn't finish, but had to be force killed 
[15.001178382s] Terminating process node with PID 163 (state: S, cmdlind: [/ide/node --max-old-space-size=3072 /ide/extensions/node_modules/typescript/lib/tsserver.js --useInferredProjectPerProjectRoot --enableTelemetry --cancellationPipeName /tmp/vscode-typescript33333/7c5abf8172090c429425/tscancellation-31a91873b0ae77f7a93b.tmp* --locale en --noGetErrOnBackgroundUpdate --canUseWatchEvents --validateDefaultNpmLocation --useNodeIpc] <nil>). 
[15.001224712s] Terminating process didn't finish, but had to be force killed 
[15.001320952s] Terminating process didn't finish, but had to be force killed 
[15.001520542s] Terminating process node with PID 176 (state: S, cmdlind: [/ide/node /ide/extensions/node_modules/typescript/lib/typingsInstaller.js --globalTypingsCacheLocation /home/gitpod/.cache/typescript/5.6 --enableTelemetry --typesMapLocation /ide/extensions/node_modules/typescript/lib/typesMap.json --validateDefaultNpmLocation] <nil>). 
[15.001691152s] Terminating process didn't finish, but had to be force killed 
[15.001788442s] Terminating process didn't finish, but had to be force killed 
[15.004343772s] Terminating process didn't finish, but had to be force killed 
[15.004407702s] Terminating process didn't finish, but had to be force killed 
[15.004966162s] Process node with PID 277 is a zombie, skipping termination. 
[15.005061812s] Terminating process node with PID 162 (state: R, cmdlind: [] <nil>). 
[15.005111602s] Process node with PID 163 is a zombie, skipping termination. 
[15.005116432s] Process node with PID 73 is a zombie, skipping termination. 
[15.005167492s] Terminating process didn't finish, but had to be force killed 
[15.005185702s] Process node with PID 176 is a zombie, skipping termination. 
[15.005195722s] Process supervisor with PID 36 is a zombie, skipping termination. 
[15.005253802s] Process node with PID 246 is a zombie, skipping termination. 
[15.005253782s] Process node with PID 239 is a zombie, skipping termination. 
[15.005325602s] Process node with PID 141 is a zombie, skipping termination. 
[15.005720302s] Process node with PID 277 is a zombie, skipping termination. 
[15.005766862s] Terminating process node with PID 162 (state: R, cmdlind: [] <nil>). 
[15.005869452s] Couldn't obtain process information for PID 36. 
[15.005898352s] Process node with PID 73 is a zombie, skipping termination. 
[15.005909782s] Process node with PID 141 is a zombie, skipping termination. 
[15.005914932s] Process node with PID 176 is a zombie, skipping termination. 
[15.005924122s] Terminating process didn't finish, but had to be force killed 
[15.005972862s] Process node with PID 163 is a zombie, skipping termination. 
[15.006011342s] Process node with PID 246 is a zombie, skipping termination. 
[15.006027482s] Process node with PID 239 is a zombie, skipping termination. 
[15.006493462s] Process node with PID 277 is a zombie, skipping termination. 
[15.006521571s] Process node with PID 163 is a zombie, skipping termination. 
[15.006546942s] Process node with PID 141 is a zombie, skipping termination. 
[15.006575762s] Process node with PID 73 is a zombie, skipping termination. 
[15.006592191s] Process node with PID 239 is a zombie, skipping termination. 
[15.006601002s] Process node with PID 246 is a zombie, skipping termination. 
[15.006663902s] Terminating process node with PID 162 (state: R, cmdlind: [] <nil>). 
[15.006754431s] Terminating process didn't finish, but had to be force killed 
[15.006754842s] Process node with PID 176 is a zombie, skipping termination. 
[15.007083122s] Process node with PID 277 is a zombie, skipping termination. 
[15.007147331s] Process node with PID 163 is a zombie, skipping termination. 
[15.007182791s] Process node with PID 239 is a zombie, skipping termination. 
[15.007222502s] Process node with PID 141 is a zombie, skipping termination. 
[15.007244431s] Process node with PID 246 is a zombie, skipping termination. 
[15.007253342s] Process node with PID 73 is a zombie, skipping termination. 
[15.007349902s] Process node with PID 176 is a zombie, skipping termination. 
[15.007390002s] Terminating process node with PID 162 (state: R, cmdlind: [] <nil>). 
[15.007981602s] Terminating process didn't finish, but had to be force killed 
[15.008399882s] Process node with PID 73 is a zombie, skipping termination. 
[15.008431062s] Process node with PID 176 is a zombie, skipping termination. 
[15.008448791s] Terminating process node with PID 162 (state: R, cmdlind: [] <nil>). 
[15.008431411s] Process node with PID 239 is a zombie, skipping termination. 
[15.008478611s] Process node with PID 141 is a zombie, skipping termination. 
[15.008499382s] Process node with PID 246 is a zombie, skipping termination. 
[15.008524842s] Process node with PID 163 is a zombie, skipping termination. 
[15.008555182s] Process node with PID 277 is a zombie, skipping termination. 
[15.008789901s] Terminating process didn't finish, but had to be force killed 
[15.009567931s] Process node with PID 277 is a zombie, skipping termination. 
[15.009615351s] Process node with PID 176 is a zombie, skipping termination. 
[15.009621041s] Terminating process node with PID 162 (state: R, cmdlind: [] <nil>). 
[15.009670241s] Process node with PID 239 is a zombie, skipping termination. 
[15.009684511s] Process node with PID 73 is a zombie, skipping termination. 
[15.009689721s] Process node with PID 141 is a zombie, skipping termination. 
[15.009703151s] Terminating process didn't finish, but had to be force killed 
[15.009708071s] Process node with PID 163 is a zombie, skipping termination. 
[15.010087811s] Process node with PID 277 is a zombie, skipping termination. 
[15.010124021s] Process node with PID 73 is a zombie, skipping termination. 
[15.010147331s] Process node with PID 141 is a zombie, skipping termination. 
[15.010155041s] Terminating process node with PID 162 (state: R, cmdlind: [] <nil>). 
[15.010171231s] Process node with PID 176 is a zombie, skipping termination. 
[15.010191211s] Process node with PID 163 is a zombie, skipping termination. 
[15.010227161s] Process node with PID 239 is a zombie, skipping termination. 
[15.010333991s] Terminating process didn't finish, but had to be force killed 
[15.010687261s] Process node with PID 277 is a zombie, skipping termination. 
[15.010723251s] Process node with PID 73 is a zombie, skipping termination. 
[15.010729291s] Terminating process node with PID 162 (state: R, cmdlind: [] <nil>). 
[15.010787791s] Process node with PID 141 is a zombie, skipping termination. 
[15.010794251s] Process node with PID 176 is a zombie, skipping termination. 
[15.010796491s] Process node with PID 239 is a zombie, skipping termination. 
[15.010843841s] Process node with PID 163 is a zombie, skipping termination. 
[15.010851291s] Terminating process didn't finish, but had to be force killed 
[15.011173121s] Process node with PID 277 is a zombie, skipping termination. 
[15.011278961s] Process node with PID 73 is a zombie, skipping termination. 
[15.011398601s] Process node with PID 141 is a zombie, skipping termination. 
[15.011545671s] Terminating process node with PID 162 (state: R, cmdlind: [] <nil>). 
[15.011604331s] Terminating process didn't finish, but had to be force killed 
[15.011733611s] Process node with PID 163 is a zombie, skipping termination. 
[15.011891971s] Process node with PID 176 is a zombie, skipping termination. 
[15.011916911s] Process node with PID 239 is a zombie, skipping termination. 
[15.012517281s] Process node with PID 277 is a zombie, skipping termination. 
[15.012567171s] Terminating process node with PID 162 (state: R, cmdlind: [] <nil>). 
[15.012612451s] Process node with PID 73 is a zombie, skipping termination. 
[15.012636411s] Process node with PID 141 is a zombie, skipping termination. 
[15.012658911s] Terminating process didn't finish, but had to be force killed 
[15.012668171s] Process node with PID 239 is a zombie, skipping termination. 
[15.012672931s] Process node with PID 176 is a zombie, skipping termination. 
[15.012798971s] Process node with PID 163 is a zombie, skipping termination. 
[15.013117981s] Process node with PID 277 is a zombie, skipping termination. 
[15.013178941s] Terminating process node with PID 162 (state: R, cmdlind: [] <nil>). 
[15.013185331s] Process node with PID 73 is a zombie, skipping termination. 
[15.013201301s] Process node with PID 141 is a zombie, skipping termination. 
[15.013222841s] Process node with PID 163 is a zombie, skipping termination. 
[15.013227011s] Process node with PID 239 is a zombie, skipping termination. 
[15.013179441s] Process node with PID 176 is a zombie, skipping termination. 
[15.013272391s] Terminating process didn't finish, but had to be force killed 
[15.013566981s] Process node with PID 277 is a zombie, skipping termination. 
[15.013615521s] Process node with PID 176 is a zombie, skipping termination. 
[15.013649011s] Process node with PID 163 is a zombie, skipping termination. 
[15.013677611s] Process node with PID 239 is a zombie, skipping termination. 
[15.013680011s] Process node with PID 141 is a zombie, skipping termination. 
[15.013619471s] Terminating process node with PID 162 (state: R, cmdlind: [] <nil>). 
[15.013712901s] Process node with PID 73 is a zombie, skipping termination. 
[15.013745951s] Terminating process didn't finish, but had to be force killed 
[15.014058911s] Process node with PID 277 is a zombie, skipping termination. 
[15.014104121s] Terminating process node with PID 162 (state: R, cmdlind: [] <nil>). 
[15.014122131s] Process node with PID 176 is a zombie, skipping termination. 
[15.014138121s] Process node with PID 239 is a zombie, skipping termination. 
[15.014162251s] Process node with PID 73 is a zombie, skipping termination. 
[15.014175741s] Process node with PID 141 is a zombie, skipping termination. 
[15.014163851s] Terminating process didn't finish, but had to be force killed 
[15.014189991s] Process node with PID 163 is a zombie, skipping termination. 
[15.014495571s] Process node with PID 277 is a zombie, skipping termination. 
[15.014538391s] Process node with PID 176 is a zombie, skipping termination. 
[15.014543251s] Terminating process node with PID 162 (state: R, cmdlind: [] <nil>). 
[15.014561201s] Process node with PID 239 is a zombie, skipping termination. 
[15.014601591s] Process node with PID 141 is a zombie, skipping termination. 
[15.014606351s] Process node with PID 163 is a zombie, skipping termination. 
[15.014615591s] Process node with PID 73 is a zombie, skipping termination. 
[15.014829361s] Terminating process didn't finish, but had to be force killed 
[15.015020441s] Process node with PID 277 is a zombie, skipping termination. 
[15.015054021s] Process node with PID 73 is a zombie, skipping termination. 
[15.015066571s] Terminating process node with PID 162 (state: R, cmdlind: [] <nil>). 
[15.015085501s] Process node with PID 141 is a zombie, skipping termination. 
[15.015118091s] Process node with PID 239 is a zombie, skipping termination. 
[15.015131191s] Process node with PID 176 is a zombie, skipping termination. 
[15.015137821s] Process node with PID 163 is a zombie, skipping termination. 
[15.015266261s] Terminating process didn't finish, but had to be force killed 
[15.015600601s] Process node with PID 277 is a zombie, skipping termination. 
[15.015645541s] Terminating process node with PID 162 (state: R, cmdlind: [] <nil>). 
[15.01566725s] Process node with PID 176 is a zombie, skipping termination. 
[15.015673481s] Process node with PID 73 is a zombie, skipping termination. 
[15.01570411s] Process node with PID 163 is a zombie, skipping termination. 
[15.01571007s] Process node with PID 239 is a zombie, skipping termination. 
[15.015710061s] Process node with PID 141 is a zombie, skipping termination. 
[15.01588537s] Terminating process didn't finish, but had to be force killed 
[15.016151301s] Process node with PID 277 is a zombie, skipping termination. 
[15.01618043s] Terminating process node with PID 162 (state: R, cmdlind: [] <nil>). 
[15.01618719s] Process node with PID 73 is a zombie, skipping termination. 
[15.016235521s] Process node with PID 141 is a zombie, skipping termination. 
[15.01625515s] Process node with PID 239 is a zombie, skipping termination. 
[15.016260041s] Process node with PID 163 is a zombie, skipping termination. 
[15.01626229s] Process node with PID 176 is a zombie, skipping termination. 
[15.016394661s] Terminating process didn't finish, but had to be force killed 
[15.016583601s] Process node with PID 277 is a zombie, skipping termination. 
[15.01665313s] Terminating process node with PID 162 (state: R, cmdlind: [] <nil>). 
[15.016660541s] Process node with PID 163 is a zombie, skipping termination. 
[15.01666593s] Process node with PID 176 is a zombie, skipping termination. 
[15.01667585s] Process node with PID 239 is a zombie, skipping termination. 
[15.016706861s] Process node with PID 141 is a zombie, skipping termination. 
[15.01684217s] Terminating process didn't finish, but had to be force killed 
[15.016848521s] Process node with PID 73 is a zombie, skipping termination. 
[15.01705518s] Process node with PID 277 is a zombie, skipping termination. 
[15.01708868s] Terminating process node with PID 162 (state: R, cmdlind: [] <nil>). 
[15.01709404s] Process node with PID 176 is a zombie, skipping termination. 
[15.01717736s] Process node with PID 73 is a zombie, skipping termination. 
[15.01718557s] Terminating process didn't finish, but had to be force killed 
[15.0171801s] Process node with PID 239 is a zombie, skipping termination. 
[15.01722849s] Process node with PID 163 is a zombie, skipping termination. 
[15.01718011s] Process node with PID 141 is a zombie, skipping termination. 
[15.01754653s] Process node with PID 277 is a zombie, skipping termination. 
[15.01756289s] Terminating process node with PID 162 (state: R, cmdlind: [] <nil>). 
[15.01758103s] Process node with PID 176 is a zombie, skipping termination. 
[15.0175661s] Process node with PID 73 is a zombie, skipping termination. 
[15.01763077s] Process node with PID 163 is a zombie, skipping termination. 
[15.01763252s] Terminating process didn't finish, but had to be force killed 
[15.0176547s] Process node with PID 141 is a zombie, skipping termination. 
[15.01760673s] Process node with PID 239 is a zombie, skipping termination. 
[15.01807609s] Process node with PID 277 is a zombie, skipping termination. 
[15.01819719s] Process node with PID 73 is a zombie, skipping termination. 
[15.01834431s] Process node with PID 141 is a zombie, skipping termination. 
[15.01843999s] Process node with PID 239 is a zombie, skipping termination. 
[15.01844376s] Process node with PID 163 is a zombie, skipping termination. 
[15.01847099s] Process node with PID 176 is a zombie, skipping termination. 
[15.01848363s] Terminating process node with PID 162 (state: R, cmdlind: [] <nil>). 
[15.01856021s] Terminating process didn't finish, but had to be force killed 
[15.01880169s] Process node with PID 277 is a zombie, skipping termination. 
[15.01882861s] Terminating process node with PID 162 (state: R, cmdlind: [] <nil>). 
[15.0188419s] Process node with PID 73 is a zombie, skipping termination. 
[15.01885743s] Process node with PID 141 is a zombie, skipping termination. 
[15.01888798s] Process node with PID 176 is a zombie, skipping termination. 
[15.01889802s] Terminating process didn't finish, but had to be force killed 
[15.01892145s] Process node with PID 239 is a zombie, skipping termination. 
[15.01895578s] Process node with PID 163 is a zombie, skipping termination. 
[15.01926911s] Process node with PID 277 is a zombie, skipping termination. 
[15.01928861s] Terminating process node with PID 162 (state: R, cmdlind: [] <nil>). 
[15.01929567s] Process node with PID 176 is a zombie, skipping termination. 
[15.01933633s] Process node with PID 73 is a zombie, skipping termination. 
[15.01936311s] Process node with PID 163 is a zombie, skipping termination. 
[15.01936806s] Process node with PID 141 is a zombie, skipping termination. 
[15.01936367s] Terminating process didn't finish, but had to be force killed 
[15.01946972s] Process node with PID 239 is a zombie, skipping termination. 
[15.01969249s] Process node with PID 277 is a zombie, skipping termination. 
[15.01985604s] Process node with PID 73 is a zombie, skipping termination. 
[15.01989276s] Process node with PID 163 is a zombie, skipping termination. 
[15.0199619s] Process node with PID 141 is a zombie, skipping termination. 
[15.02000215s] Process node with PID 176 is a zombie, skipping termination. 
[15.0200699s] Process node with PID 239 is a zombie, skipping termination. 
[15.02015055s] Terminating process node with PID 162 (state: R, cmdlind: [] <nil>). 
[15.02024251s] Terminating process didn't finish, but had to be force killed 
[15.02044374s] Process node with PID 277 is a zombie, skipping termination. 
[15.02051585s] Terminating process node with PID 162 (state: R, cmdlind: [] <nil>). 
[15.02057616s] Process node with PID 163 is a zombie, skipping termination. 
[15.02059173s] Terminating process didn't finish, but had to be force killed 
[15.02063278s] Process node with PID 73 is a zombie, skipping termination. 
[15.02067773s] Process node with PID 141 is a zombie, skipping termination. 
[15.02070604s] Process node with PID 239 is a zombie, skipping termination. 
[15.02071206s] Process node with PID 176 is a zombie, skipping termination. 
[15.02094822s] Process node with PID 277 is a zombie, skipping termination. 
[15.0210023s] Couldn't obtain process information for PID 176. 
[15.02138001s] Process node with PID 73 is a zombie, skipping termination. 
[15.02100504s] Terminating process node with PID 162 (state: R, cmdlind: [] <nil>). 
[15.02140332s] Process node with PID 163 is a zombie, skipping termination. 
[15.02153919s] Process node with PID 141 is a zombie, skipping termination. 
[15.02157952s] Terminating process didn't finish, but had to be force killed 
[15.02165334s] Process node with PID 239 is a zombie, skipping termination. 
[15.02243419s] Process node with PID 73 is a zombie, skipping termination. 
[15.02249059s] Process node with PID 141 is a zombie, skipping termination. 
[15.02251383s] Process node with PID 277 is a zombie, skipping termination. 
[15.02252809s] Terminating process node with PID 162 (state: R, cmdlind: [] <nil>). 
[15.02253678s] Process node with PID 163 is a zombie, skipping termination. 
[15.02255151s] Process node with PID 239 is a zombie, skipping termination. 
[15.02265758s] Terminating process didn't finish, but had to be force killed 
[15.02293516s] Process node with PID 277 is a zombie, skipping termination. 
[15.0229569s] Terminating process node with PID 162 (state: R, cmdlind: [] <nil>). 
[15.02296154s] Process node with PID 163 is a zombie, skipping termination. 
[15.02298121s] Process node with PID 73 is a zombie, skipping termination. 
[15.02299437s] Process node with PID 141 is a zombie, skipping termination. 
[15.02302523s] Process node with PID 239 is a zombie, skipping termination. 
[15.02323813s] Terminating process didn't finish, but had to be force killed 
[15.02344046s] Process node with PID 277 is a zombie, skipping termination. 
[15.02347368s] Process node with PID 141 is a zombie, skipping termination. 
[15.0234817s] Process node with PID 163 is a zombie, skipping termination. 
[15.02354607s] Process node with PID 73 is a zombie, skipping termination. 
[15.02355236s] Process node with PID 239 is a zombie, skipping termination. 
[15.02357733s] Terminating process node with PID 162 (state: R, cmdlind: [] <nil>). 
[15.02367806s] Terminating process didn't finish, but had to be force killed 
[15.02401797s] Process node with PID 277 is a zombie, skipping termination. 
[15.02404937s] Process node with PID 73 is a zombie, skipping termination. 
[15.02405655s] Terminating process node with PID 162 (state: R, cmdlind: [] <nil>). 
[15.02413314s] Process node with PID 141 is a zombie, skipping termination. 
[15.02415691s] Process node with PID 163 is a zombie, skipping termination. 
[15.02415831s] Terminating process didn't finish, but had to be force killed 
[15.02420198s] Process node with PID 239 is a zombie, skipping termination. 
[15.02446442s] Process node with PID 277 is a zombie, skipping termination. 
[15.02457328s] Process node with PID 163 is a zombie, skipping termination. 
[15.024582869s] Terminating process node with PID 162 (state: R, cmdlind: [] <nil>). 
[15.024660669s] Terminating process didn't finish, but had to be force killed 
[15.0246741s] Process node with PID 239 is a zombie, skipping termination. 
[15.0247814s] Process node with PID 73 is a zombie, skipping termination. 
[15.024783329s] Process node with PID 141 is a zombie, skipping termination. 
[15.0250432s] Process node with PID 277 is a zombie, skipping termination. 
[15.02507848s] Process node with PID 163 is a zombie, skipping termination. 
[15.0251107s] Terminating process node with PID 162 (state: R, cmdlind: [] <nil>). 
[15.025126629s] Process node with PID 239 is a zombie, skipping termination. 
[15.02515222s] Process node with PID 141 is a zombie, skipping termination. 
[15.025129469s] Couldn't obtain process information for PID 73. 
[15.025298989s] Terminating process didn't finish, but had to be force killed 
[15.025535499s] Process node with PID 277 is a zombie, skipping termination. 
[15.025548069s] Process node with PID 141 is a zombie, skipping termination. 
[15.025561589s] Terminating process node with PID 162 (state: R, cmdlind: [] <nil>). 
[15.028382609s] Terminating process didn't finish, but had to be force killed 
[15.025577469s] Process node with PID 163 is a zombie, skipping termination. 
[15.025611449s] Process node with PID 239 is a zombie, skipping termination. 
[15.028676869s] Process node with PID 277 is a zombie, skipping termination. 
[15.028738519s] Terminating process node with PID 162 (state: R, cmdlind: [] <nil>). 
[15.028743149s] Process node with PID 163 is a zombie, skipping termination. 
[15.028799879s] Process node with PID 141 is a zombie, skipping termination. 
[15.028806329s] Process node with PID 239 is a zombie, skipping termination. 
[15.028854019s] Terminating process didn't finish, but had to be force killed 
[15.029189659s] Process node with PID 277 is a zombie, skipping termination. 
[15.029275409s] Process node with PID 163 is a zombie, skipping termination. 
[15.029289729s] Terminating process node with PID 162 (state: R, cmdlind: [] <nil>). 
[15.029324529s] Process node with PID 141 is a zombie, skipping termination. 
[15.029331659s] Process node with PID 239 is a zombie, skipping termination. 
[15.029372399s] Terminating process didn't finish, but had to be force killed 
[15.029701679s] Process node with PID 277 is a zombie, skipping termination. 
[15.029751309s] Terminating process node with PID 162 (state: R, cmdlind: [] <nil>). 
[15.029758699s] Process node with PID 163 is a zombie, skipping termination. 
[15.029777999s] Process node with PID 239 is a zombie, skipping termination. 
[15.029829689s] Process node with PID 141 is a zombie, skipping termination. 
[15.029907709s] Terminating process didn't finish, but had to be force killed 
[15.030169669s] Process node with PID 277 is a zombie, skipping termination. 
[15.030195729s] Process node with PID 141 is a zombie, skipping termination. 
[15.030220509s] Terminating process node with PID 162 (state: R, cmdlind: [] <nil>). 
[15.030231339s] Process node with PID 163 is a zombie, skipping termination. 
[15.030286409s] Process node with PID 239 is a zombie, skipping termination. 
[15.030412419s] Terminating process didn't finish, but had to be force killed 
[15.030691609s] Process node with PID 277 is a zombie, skipping termination. 
[15.030826719s] Process node with PID 141 is a zombie, skipping termination. 
[15.030979219s] Terminating process node with PID 162 (state: R, cmdlind: [] <nil>). 
[15.031040829s] Terminating process didn't finish, but had to be force killed 
[15.031225819s] Process node with PID 163 is a zombie, skipping termination. 
[15.031353929s] Process node with PID 239 is a zombie, skipping termination. 
[15.031543269s] Process node with PID 277 is a zombie, skipping termination. 
[15.031666739s] Process node with PID 141 is a zombie, skipping termination. 
[15.031855249s] Terminating process node with PID 162 (state: R, cmdlind: [] <nil>). 
[15.031935839s] Terminating process didn't finish, but had to be force killed 
[15.032048189s] Process node with PID 163 is a zombie, skipping termination. 
[15.032165059s] Process node with PID 239 is a zombie, skipping termination. 
[15.032357479s] Process node with PID 277 is a zombie, skipping termination. 
[15.032524579s] Process node with PID 141 is a zombie, skipping termination. 
[15.032652279s] Process node with PID 162 is a zombie, skipping termination. 
[15.032775109s] Process node with PID 163 is a zombie, skipping termination. 
[15.032890929s] Process node with PID 239 is a zombie, skipping termination. 
[15.033264348s] Process node with PID 277 is a zombie, skipping termination. 
[15.033290019s] Process node with PID 162 is a zombie, skipping termination. 
[15.033339759s] Process node with PID 141 is a zombie, skipping termination. 
[15.033406948s] Process node with PID 163 is a zombie, skipping termination. 
[15.033420239s] Process node with PID 239 is a zombie, skipping termination. 
[15.033692659s] Process node with PID 277 is a zombie, skipping termination. 
[15.033802419s] Process node with PID 141 is a zombie, skipping termination. 
[15.033951019s] Process node with PID 162 is a zombie, skipping termination. 
[15.034066348s] Process node with PID 163 is a zombie, skipping termination. 
[15.034204688s] Process node with PID 239 is a zombie, skipping termination. 
[15.034429968s] Process node with PID 277 is a zombie, skipping termination. 
[15.034444768s] Process node with PID 162 is a zombie, skipping termination. 
[15.034503598s] Process node with PID 163 is a zombie, skipping termination. 
[15.034519488s] Process node with PID 141 is a zombie, skipping termination. 
[15.034508428s] Process node with PID 239 is a zombie, skipping termination. 
[15.034808988s] Process node with PID 162 is a zombie, skipping termination. 
[15.034851868s] Process node with PID 141 is a zombie, skipping termination. 
[15.034808998s] Process node with PID 277 is a zombie, skipping termination. 
[15.034867798s] Process node with PID 239 is a zombie, skipping termination. 
[15.034911428s] Process node with PID 163 is a zombie, skipping termination. 
[15.035172648s] Process node with PID 277 is a zombie, skipping termination. 
[15.035190948s] Process node with PID 162 is a zombie, skipping termination. 
[15.035231888s] Process node with PID 163 is a zombie, skipping termination. 
[15.035255638s] Process node with PID 141 is a zombie, skipping termination. 
[15.035307118s] Process node with PID 239 is a zombie, skipping termination. 
[15.035681888s] Process node with PID 277 is a zombie, skipping termination. 
[15.035698328s] Process node with PID 162 is a zombie, skipping termination. 
[15.035740738s] Process node with PID 141 is a zombie, skipping termination. 
[15.035865168s] Process node with PID 239 is a zombie, skipping termination. 
[15.036327198s] Process node with PID 163 is a zombie, skipping termination. 
[15.036630448s] Process node with PID 277 is a zombie, skipping termination. 
[15.036653338s] Process node with PID 162 is a zombie, skipping termination. 
[15.036684758s] Process node with PID 163 is a zombie, skipping termination. 
[15.036704128s] Process node with PID 239 is a zombie, skipping termination. 
[15.036704578s] Process node with PID 141 is a zombie, skipping termination. 
[15.037019488s] Process node with PID 277 is a zombie, skipping termination. 
[15.037134288s] Process node with PID 141 is a zombie, skipping termination. 
[15.037244638s] Process node with PID 162 is a zombie, skipping termination. 
[15.037349068s] Process node with PID 163 is a zombie, skipping termination. 
[15.037481608s] Process node with PID 239 is a zombie, skipping termination. 
[15.037660978s] Process node with PID 277 is a zombie, skipping termination. 
[15.037765998s] Process node with PID 141 is a zombie, skipping termination. 
[15.037801968s] Process node with PID 163 is a zombie, skipping termination. 
[15.037831318s] Process node with PID 239 is a zombie, skipping termination. 
[15.037884258s] Process node with PID 162 is a zombie, skipping termination. 
[15.038134258s] Process node with PID 277 is a zombie, skipping termination. 
[15.038140358s] Process node with PID 162 is a zombie, skipping termination. 
[15.038153248s] Process node with PID 141 is a zombie, skipping termination. 
[15.038182218s] Process node with PID 163 is a zombie, skipping termination. 
[15.038207798s] Process node with PID 239 is a zombie, skipping termination. 
[15.038428928s] Process node with PID 277 is a zombie, skipping termination. 
[15.038453458s] Process node with PID 162 is a zombie, skipping termination. 
[15.038486268s] Process node with PID 163 is a zombie, skipping termination. 
[15.038529648s] Process node with PID 141 is a zombie, skipping termination. 
[15.038540178s] Process node with PID 239 is a zombie, skipping termination. 
[15.038841508s] Process node with PID 277 is a zombie, skipping termination. 
[15.038876018s] Process node with PID 141 is a zombie, skipping termination. 
[15.038875348s] Process node with PID 162 is a zombie, skipping termination. 
[15.038905198s] Process node with PID 163 is a zombie, skipping termination. 
[15.038945138s] Process node with PID 239 is a zombie, skipping termination. 
[15.039195338s] Process node with PID 277 is a zombie, skipping termination. 
[15.039213798s] Process node with PID 162 is a zombie, skipping termination. 
[15.039247308s] Process node with PID 141 is a zombie, skipping termination. 
[15.039293418s] Process node with PID 239 is a zombie, skipping termination. 
[15.039311068s] Process node with PID 163 is a zombie, skipping termination. 
[15.039555838s] Process node with PID 277 is a zombie, skipping termination. 
[15.039580228s] Process node with PID 162 is a zombie, skipping termination. 
[15.039589248s] Process node with PID 163 is a zombie, skipping termination. 
[15.039623398s] Process node with PID 141 is a zombie, skipping termination. 
[15.039660588s] Process node with PID 239 is a zombie, skipping termination. 
[15.039926658s] Process node with PID 277 is a zombie, skipping termination. 
[15.039942878s] Process node with PID 163 is a zombie, skipping termination. 
[15.039961018s] Process node with PID 239 is a zombie, skipping termination. 
[15.039966468s] Process node with PID 162 is a zombie, skipping termination. 
[15.040016498s] Couldn't obtain process information for PID 141. 
[15.040291458s] Process node with PID 163 is a zombie, skipping termination. 
[15.040488198s] Process node with PID 163 is a zombie, skipping termination. 
[15.040663938s] Process node with PID 163 is a zombie, skipping termination. 
[15.040869938s] Process node with PID 163 is a zombie, skipping termination. 
[15.041046878s] Process node with PID 163 is a zombie, skipping termination. 
[15.041180078s] Process node with PID 163 is a zombie, skipping termination. 
[15.041337058s] Process node with PID 163 is a zombie, skipping termination. 
[15.041480798s] Process node with PID 163 is a zombie, skipping termination. 
[15.041618227s] Process node with PID 163 is a zombie, skipping termination. 
[15.041753447s] Process node with PID 163 is a zombie, skipping termination. 
[15.041915727s] Process node with PID 163 is a zombie, skipping termination. 
[15.042093207s] Process node with PID 163 is a zombie, skipping termination. 
[15.042285298s] Process node with PID 163 is a zombie, skipping termination. 
[15.042491027s] Process node with PID 163 is a zombie, skipping termination. 
[15.042681467s] Process node with PID 163 is a zombie, skipping termination. 
[15.042882647s] Process node with PID 163 is a zombie, skipping termination. 
[15.043078867s] Process node with PID 163 is a zombie, skipping termination. 
[15.043244747s] Process node with PID 163 is a zombie, skipping termination. 
[15.044347677s] Process node with PID 163 is a zombie, skipping termination. 
[15.044570187s] Process node with PID 163 is a zombie, skipping termination. 
[15.044791777s] Process node with PID 163 is a zombie, skipping termination. 
[15.045153667s] Process node with PID 163 is a zombie, skipping termination. 
[15.045334767s] Process node with PID 163 is a zombie, skipping termination. 
[15.045509667s] Process node with PID 163 is a zombie, skipping termination. 
[15.045715367s] Process node with PID 163 is a zombie, skipping termination. 
[15.045930707s] Process node with PID 163 is a zombie, skipping termination. 
[15.046134737s] Process node with PID 163 is a zombie, skipping termination. 
[15.046337007s] Process node with PID 163 is a zombie, skipping termination. 
[15.046536197s] Process node with PID 163 is a zombie, skipping termination. 
[15.046736667s] Process node with PID 163 is a zombie, skipping termination. 
[15.046942237s] Process node with PID 163 is a zombie, skipping termination. 
[15.047135437s] Process node with PID 163 is a zombie, skipping termination. 
[15.047324637s] Process node with PID 163 is a zombie, skipping termination. 
[15.047522177s] Process node with PID 163 is a zombie, skipping termination. 
[15.047724487s] Process node with PID 163 is a zombie, skipping termination. 
[15.047998767s] Process node with PID 163 is a zombie, skipping termination. 
[15.048219997s] Process node with PID 163 is a zombie, skipping termination. 
[15.048430957s] Process node with PID 163 is a zombie, skipping termination. 
[15.048771367s] Process node with PID 163 is a zombie, skipping termination. 
[15.049027187s] Process node with PID 163 is a zombie, skipping termination. 
[15.049296007s] Process node with PID 163 is a zombie, skipping termination. 
[15.049523107s] Process node with PID 163 is a zombie, skipping termination. 
[15.049767977s] Process node with PID 163 is a zombie, skipping termination. 
[15.049916907s] Process node with PID 163 is a zombie, skipping termination. 
[15.050105166s] Process node with PID 163 is a zombie, skipping termination. 
[15.050303537s] Process node with PID 163 is a zombie, skipping termination. 
[15.050507666s] Process node with PID 163 is a zombie, skipping termination. 
[15.050691146s] Process node with PID 163 is a zombie, skipping termination. 
[15.050879286s] Process node with PID 163 is a zombie, skipping termination. 
[15.051069057s] Process node with PID 163 is a zombie, skipping termination. 
[15.051274396s] Process node with PID 163 is a zombie, skipping termination. 
[15.051483406s] Process node with PID 163 is a zombie, skipping termination. 
[15.051680666s] Process node with PID 163 is a zombie, skipping termination. 
[15.052014796s] Process node with PID 163 is a zombie, skipping termination. 
[15.052187636s] Process node with PID 163 is a zombie, skipping termination. 
[15.052380016s] Process node with PID 163 is a zombie, skipping termination. 
[15.052564176s] Process node with PID 163 is a zombie, skipping termination. 
[15.052743116s] Process node with PID 163 is a zombie, skipping termination. 
[15.052958186s] Process node with PID 163 is a zombie, skipping termination. 
[15.053156986s] Process node with PID 163 is a zombie, skipping termination. 
[15.053350006s] Process node with PID 163 is a zombie, skipping termination. 
[15.053836216s] Process node with PID 163 is a zombie, skipping termination. 
[15.054095956s] Process node with PID 163 is a zombie, skipping termination. 
[15.054305996s] Process node with PID 163 is a zombie, skipping termination. 
[15.054504876s] Process node with PID 163 is a zombie, skipping termination. 
[15.054690296s] Process node with PID 163 is a zombie, skipping termination. 
[15.054909486s] Process node with PID 163 is a zombie, skipping termination. 
[15.055114906s] Process node with PID 163 is a zombie, skipping termination. 
[15.055333976s] Process node with PID 163 is a zombie, skipping termination. 
[15.055492956s] Process node with PID 163 is a zombie, skipping termination. 
[15.055681196s] Process node with PID 163 is a zombie, skipping termination. 
[15.055897966s] Process node with PID 163 is a zombie, skipping termination. 
[15.056141206s] Process node with PID 163 is a zombie, skipping termination. 
[15.056365636s] Process node with PID 163 is a zombie, skipping termination. 
[15.056569856s] Process node with PID 163 is a zombie, skipping termination. 
[15.056770596s] Process node with PID 163 is a zombie, skipping termination. 
[15.056958496s] Process node with PID 163 is a zombie, skipping termination. 
[15.057140376s] Process node with PID 163 is a zombie, skipping termination. 
[15.057326676s] Process node with PID 163 is a zombie, skipping termination. 
[15.057535796s] Process node with PID 163 is a zombie, skipping termination. 
[15.057717566s] Process node with PID 163 is a zombie, skipping termination. 
[15.057903966s] Process node with PID 163 is a zombie, skipping termination. 
[15.058065086s] Process node with PID 163 is a zombie, skipping termination. 
[15.058229096s] Process node with PID 163 is a zombie, skipping termination. 
[15.058412066s] Process node with PID 163 is a zombie, skipping termination. 
[15.058604946s] Process node with PID 163 is a zombie, skipping termination. 
[15.058791645s] Process node with PID 163 is a zombie, skipping termination. 
[15.058976736s] Process node with PID 163 is a zombie, skipping termination. 
[15.059162356s] Process node with PID 163 is a zombie, skipping termination. 
[15.059349605s] Process node with PID 163 is a zombie, skipping termination. 
[15.059542116s] Process node with PID 163 is a zombie, skipping termination. 
[15.059759745s] Process node with PID 163 is a zombie, skipping termination. 
[15.060007465s] Process node with PID 163 is a zombie, skipping termination. 
[15.060196875s] Process node with PID 163 is a zombie, skipping termination. 
[15.060372015s] Process node with PID 163 is a zombie, skipping termination. 
[15.060553325s] Process node with PID 163 is a zombie, skipping termination. 
[15.060735015s] Process node with PID 163 is a zombie, skipping termination. 
[15.060907475s] Process node with PID 163 is a zombie, skipping termination. 
[15.061088865s] Process node with PID 163 is a zombie, skipping termination. 
[15.061269505s] Process node with PID 163 is a zombie, skipping termination. 
[15.061448555s] Process node with PID 163 is a zombie, skipping termination. 
[15.061616165s] Process node with PID 163 is a zombie, skipping termination. 
[15.061747095s] Process node with PID 163 is a zombie, skipping termination. 
[15.061919745s] Process node with PID 163 is a zombie, skipping termination. 
[15.062098845s] Process node with PID 163 is a zombie, skipping termination. 
[15.062230515s] Process node with PID 163 is a zombie, skipping termination. 
[15.062368255s] Process node with PID 163 is a zombie, skipping termination. 
[15.062500285s] Process node with PID 163 is a zombie, skipping termination. 
[15.062636455s] Process node with PID 163 is a zombie, skipping termination. 
[15.062763995s] Process node with PID 163 is a zombie, skipping termination. 
[15.062911735s] Process node with PID 163 is a zombie, skipping termination. 
[15.063035365s] Process node with PID 163 is a zombie, skipping termination. 
[15.063160195s] Process node with PID 163 is a zombie, skipping termination. 
[15.063310255s] Process node with PID 163 is a zombie, skipping termination. 
[15.063502235s] Process node with PID 163 is a zombie, skipping termination. 
[15.063691575s] Process node with PID 163 is a zombie, skipping termination. 
[15.063958095s] Process node with PID 163 is a zombie, skipping termination. 
[15.064154945s] Process node with PID 163 is a zombie, skipping termination. 
[15.064289035s] Process node with PID 163 is a zombie, skipping termination. 
[15.064438415s] Process node with PID 163 is a zombie, skipping termination. 
[15.064574545s] Process node with PID 163 is a zombie, skipping termination. 
[15.064751455s] Process node with PID 163 is a zombie, skipping termination. 
[15.064992584s] Process node with PID 163 is a zombie, skipping termination. 
[15.065206164s] Process node with PID 163 is a zombie, skipping termination. 
[15.065446315s] Process node with PID 163 is a zombie, skipping termination. 
[15.065633504s] Process node with PID 163 is a zombie, skipping termination. 
[15.065817284s] Process node with PID 163 is a zombie, skipping termination. 
[15.066016275s] Process node with PID 163 is a zombie, skipping termination. 
[15.066204735s] Process node with PID 163 is a zombie, skipping termination. 
[15.066342724s] Process node with PID 163 is a zombie, skipping termination. 
[15.066477084s] Process node with PID 163 is a zombie, skipping termination. 
[15.066667964s] Process node with PID 163 is a zombie, skipping termination. 
[15.066867244s] Process node with PID 163 is a zombie, skipping termination. 
[15.067079415s] Process node with PID 163 is a zombie, skipping termination. 
[15.067325375s] Process node with PID 163 is a zombie, skipping termination. 
[15.067700195s] Process node with PID 163 is a zombie, skipping termination. 
[15.067965335s] Process node with PID 163 is a zombie, skipping termination. 
[15.068230975s] Process node with PID 163 is a zombie, skipping termination. 
[15.068471254s] Process node with PID 163 is a zombie, skipping termination. 
[15.068729494s] Process node with PID 163 is a zombie, skipping termination. 
[15.116098749s] Process node with PID 163 is a zombie, skipping termination. 
[15.116351829s] Process node with PID 163 is a zombie, skipping termination. 
[15.116521829s] Process node with PID 163 is a zombie, skipping termination. 
[15.116669589s] Process node with PID 163 is a zombie, skipping termination. 
[15.116850649s] Process node with PID 163 is a zombie, skipping termination. 
[15.117012839s] Process node with PID 163 is a zombie, skipping termination. 
[15.117161399s] Process node with PID 163 is a zombie, skipping termination. 
[15.117339419s] Process node with PID 163 is a zombie, skipping termination. 
[15.117493199s] Process node with PID 163 is a zombie, skipping termination. 
[15.117667639s] Process node with PID 163 is a zombie, skipping termination. 
[15.117843719s] Process node with PID 163 is a zombie, skipping termination. 
[15.118022409s] Process node with PID 163 is a zombie, skipping termination. 
[15.118207229s] Process node with PID 163 is a zombie, skipping termination. 
[15.118388669s] Process node with PID 163 is a zombie, skipping termination. 
[15.118592589s] Process node with PID 163 is a zombie, skipping termination. 
[15.118782838s] Process node with PID 163 is a zombie, skipping termination. 
[15.118968618s] Process node with PID 163 is a zombie, skipping termination. 
[15.119151529s] Process node with PID 163 is a zombie, skipping termination. 
[15.119356398s] Process node with PID 163 is a zombie, skipping termination. 
[15.119562678s] Process node with PID 163 is a zombie, skipping termination. 
[15.119773898s] Process node with PID 163 is a zombie, skipping termination. 
[15.119999038s] Process node with PID 163 is a zombie, skipping termination. 
[15.120181198s] Process node with PID 163 is a zombie, skipping termination. 
[15.120372678s] Process node with PID 163 is a zombie, skipping termination. 
[15.120557108s] Process node with PID 163 is a zombie, skipping termination. 
[15.120762838s] Process node with PID 163 is a zombie, skipping termination. 
[15.120898918s] Process node with PID 163 is a zombie, skipping termination. 
[15.121028478s] Process node with PID 163 is a zombie, skipping termination. 
[15.121160848s] Process node with PID 163 is a zombie, skipping termination. 
[15.121284168s] Process node with PID 163 is a zombie, skipping termination. 
[15.121412398s] Process node with PID 163 is a zombie, skipping termination. 
[15.121548588s] Process node with PID 163 is a zombie, skipping termination. 
[15.121699738s] Process node with PID 163 is a zombie, skipping termination. 
[15.121915988s] Process node with PID 163 is a zombie, skipping termination. 
[15.122097508s] Process node with PID 163 is a zombie, skipping termination. 
[15.122288868s] Process node with PID 163 is a zombie, skipping termination. 
[15.122480278s] Process node with PID 163 is a zombie, skipping termination. 
[15.122705638s] Process node with PID 163 is a zombie, skipping termination. 
[15.122864898s] Process node with PID 163 is a zombie, skipping termination. 
[15.123020498s] Process node with PID 163 is a zombie, skipping termination. 
[15.123158838s] Process node with PID 163 is a zombie, skipping termination. 
[15.123309318s] Process node with PID 163 is a zombie, skipping termination. 
[15.123442978s] Process node with PID 163 is a zombie, skipping termination. 
[15.123582648s] Process node with PID 163 is a zombie, skipping termination. 
[15.123712998s] Process node with PID 163 is a zombie, skipping termination. 
[15.123967198s] Process node with PID 163 is a zombie, skipping termination. 
[15.124122958s] Process node with PID 163 is a zombie, skipping termination. 
[15.124250018s] Process node with PID 163 is a zombie, skipping termination. 
[15.124384988s] Process node with PID 163 is a zombie, skipping termination. 
[15.124514608s] Process node with PID 163 is a zombie, skipping termination. 
[15.124642418s] Process node with PID 163 is a zombie, skipping termination. 
[15.124771648s] Process node with PID 163 is a zombie, skipping termination. 
[15.124898128s] Process node with PID 163 is a zombie, skipping termination. 
[15.125358868s] Process node with PID 163 is a zombie, skipping termination. 
[15.125961938s] Process node with PID 163 is a zombie, skipping termination. 
[15.126185848s] Process node with PID 163 is a zombie, skipping termination. 
[15.126372528s] Process node with PID 163 is a zombie, skipping termination. 
[15.126548528s] Process node with PID 163 is a zombie, skipping termination. 
[15.126736158s] Process node with PID 163 is a zombie, skipping termination. 
[15.126920598s] Process node with PID 163 is a zombie, skipping termination. 
[15.127103498s] Process node with PID 163 is a zombie, skipping termination. 
[15.127287408s] Process node with PID 163 is a zombie, skipping termination. 
[15.127461917s] Process node with PID 163 is a zombie, skipping termination. 
[15.127642948s] Process node with PID 163 is a zombie, skipping termination. 
[15.127869837s] Process node with PID 163 is a zombie, skipping termination. 
[15.128060948s] Process node with PID 163 is a zombie, skipping termination. 
[15.128242657s] Process node with PID 163 is a zombie, skipping termination. 
[15.128437708s] Process node with PID 163 is a zombie, skipping termination. 
[15.128626237s] Process node with PID 163 is a zombie, skipping termination. 
[15.128775348s] Process node with PID 163 is a zombie, skipping termination. 
[15.128910777s] Process node with PID 163 is a zombie, skipping termination. 
[15.129039877s] Process node with PID 163 is a zombie, skipping termination. 
[15.129164377s] Process node with PID 163 is a zombie, skipping termination. 
[15.129293057s] Process node with PID 163 is a zombie, skipping termination. 
[15.129418508s] Process node with PID 163 is a zombie, skipping termination. 
[15.129560977s] Process node with PID 163 is a zombie, skipping termination. 
[15.129691468s] Process node with PID 163 is a zombie, skipping termination. 
[15.129824708s] Process node with PID 163 is a zombie, skipping termination. 
[15.129955697s] Process node with PID 163 is a zombie, skipping termination. 
[15.130079888s] Process node with PID 163 is a zombie, skipping termination. 
[15.130205667s] Process node with PID 163 is a zombie, skipping termination. 
[15.130332167s] Process node with PID 163 is a zombie, skipping termination. 
[15.130460737s] Process node with PID 163 is a zombie, skipping termination. 
[15.130665317s] Process node with PID 163 is a zombie, skipping termination. 
[15.130820527s] Process node with PID 163 is a zombie, skipping termination. 
[15.130953167s] Process node with PID 163 is a zombie, skipping termination. 
[15.131099597s] Process node with PID 163 is a zombie, skipping termination. 
[15.131226707s] Process node with PID 163 is a zombie, skipping termination. 
[15.131369307s] Process node with PID 163 is a zombie, skipping termination. 
[15.131498587s] Process node with PID 163 is a zombie, skipping termination. 
[15.131632417s] Process node with PID 163 is a zombie, skipping termination. 
[15.131839487s] Process node with PID 163 is a zombie, skipping termination. 
[15.132009477s] Process node with PID 163 is a zombie, skipping termination. 
[15.132145277s] Process node with PID 163 is a zombie, skipping termination. 
[15.132276187s] Process node with PID 163 is a zombie, skipping termination. 
[15.132446847s] Process node with PID 163 is a zombie, skipping termination. 
[15.132586967s] Process node with PID 163 is a zombie, skipping termination. 
[15.132750957s] Process node with PID 163 is a zombie, skipping termination. 
[15.132923577s] Process node with PID 163 is a zombie, skipping termination. 
[15.133058907s] Process node with PID 163 is a zombie, skipping termination. 
[15.133188377s] Process node with PID 163 is a zombie, skipping termination. 
[15.133323347s] Process node with PID 163 is a zombie, skipping termination. 
[15.133473357s] Process node with PID 163 is a zombie, skipping termination. 
[15.133616007s] Process node with PID 163 is a zombie, skipping termination. 
[15.133767617s] Process node with PID 163 is a zombie, skipping termination. 
[15.133906187s] Process node with PID 163 is a zombie, skipping termination. 
[15.134061117s] Process node with PID 163 is a zombie, skipping termination. 
[15.134208557s] Process node with PID 163 is a zombie, skipping termination. 
[15.134340597s] Process node with PID 163 is a zombie, skipping termination. 
[15.134469857s] Process node with PID 163 is a zombie, skipping termination. 
[15.134652847s] Process node with PID 163 is a zombie, skipping termination. 
[15.134804877s] Process node with PID 163 is a zombie, skipping termination. 
[15.134936227s] Process node with PID 163 is a zombie, skipping termination. 
[15.135096607s] Process node with PID 163 is a zombie, skipping termination. 
[15.135233667s] Process node with PID 163 is a zombie, skipping termination. 
[15.135383157s] Process node with PID 163 is a zombie, skipping termination. 
[15.135529587s] Process node with PID 163 is a zombie, skipping termination. 
[15.135661947s] Process node with PID 163 is a zombie, skipping termination. 
[15.135823227s] Process node with PID 163 is a zombie, skipping termination. 
[15.135974567s] Process node with PID 163 is a zombie, skipping termination. 
[15.136129487s] Process node with PID 163 is a zombie, skipping termination. 
[15.136268136s] Process node with PID 163 is a zombie, skipping termination. 
[15.136394516s] Process node with PID 163 is a zombie, skipping termination. 
[15.136525727s] Process node with PID 163 is a zombie, skipping termination. 
[15.136654407s] Process node with PID 163 is a zombie, skipping termination. 
[15.136785147s] Process node with PID 163 is a zombie, skipping termination. 
[15.136916466s] Process node with PID 163 is a zombie, skipping termination. 
[15.137050366s] Process node with PID 163 is a zombie, skipping termination. 
[15.137242306s] Process node with PID 163 is a zombie, skipping termination. 
[15.137379326s] Process node with PID 163 is a zombie, skipping termination. 
[15.137511086s] Process node with PID 163 is a zombie, skipping termination. 
[15.137639526s] Process node with PID 163 is a zombie, skipping termination. 
[15.137774536s] Process node with PID 163 is a zombie, skipping termination. 
[15.137909066s] Process node with PID 163 is a zombie, skipping termination. 
[15.138039996s] Process node with PID 163 is a zombie, skipping termination. 
[15.138168236s] Process node with PID 163 is a zombie, skipping termination. 
[15.138319796s] Process node with PID 163 is a zombie, skipping termination. 
[15.138458486s] Process node with PID 163 is a zombie, skipping termination. 
[15.138618306s] Process node with PID 163 is a zombie, skipping termination. 
[15.138762036s] Process node with PID 163 is a zombie, skipping termination. 
[15.138889736s] Process node with PID 163 is a zombie, skipping termination. 
[15.139032026s] Process node with PID 163 is a zombie, skipping termination. 
[15.139173176s] Process node with PID 163 is a zombie, skipping termination. 
[15.139311056s] Process node with PID 163 is a zombie, skipping termination. 
[15.139464656s] Process node with PID 163 is a zombie, skipping termination. 
[15.139602176s] Process node with PID 163 is a zombie, skipping termination. 
[16.000950696s] Finished shutting down all processes. 
