2024-12-05 14:51:14.168 [info] Log level: Info
2024-12-05 14:51:14.183 [info] VSCODE_MACHINE_ID: ddd9af09-f5a9-46b8-8ac6-d1cdcbcaca4e
2024-12-05 14:51:14.183 [info] VSCODE_SESSION_ID: 60d03a89-014e-4206-9556-3b1e28adb5701733410270884
2024-12-05 14:51:14.183 [info] VSCODE_VERSION: 1.95.3
2024-12-05 14:51:14.183 [info] VSCODE_APP_NAME: Gitpod Code
2024-12-05 14:51:14.183 [info] VSCODE_APP_HOST: Gitpod
2024-12-05 14:51:14.183 [info] VSCODE_UI_KIND: web
2024-12-05 14:51:14.183 [info] GITPOD_WORKSPACE_CONTEXT_URL: https://github.com/freeCodeCamp/boilerplate-project-american-british-english-translator/
2024-12-05 14:51:14.183 [info] GITPOD_INSTANCE_ID: 17134f67-2ddf-49fd-a932-015d45feb93c
2024-12-05 14:51:14.183 [info] GITPOD_WORKSPACE_URL: https://freecodecam-boilerplate-g6jmzinuh26.ws-us117.gitpod.io
2024-12-05 14:51:14.189 [info] Gitpod Web 3953e81
2024-12-05 14:51:14.189 [info] Reading sessions from keychain...
2024-12-05 14:51:15.682 [info] Getting sessions for all scopes...
2024-12-05 14:51:15.682 [info] Getting sessions for all scopes...
2024-12-05 14:51:15.682 [info] Getting sessions for function:accessCodeSyncStorage...
2024-12-05 14:51:15.682 [info] Getting GitHub sessions for all scopes...
2024-12-05 14:51:15.682 [info] Getting sessions for function:accessCodeSyncStorage...
2024-12-05 14:51:15.682 [info] Getting sessions for function:accessCodeSyncStorage...
2024-12-05 14:51:15.682 [info] Getting sessions for function:accessCodeSyncStorage...
2024-12-05 14:51:15.682 [info] Got 1 GitHub sessions for all scopes...
2024-12-05 14:51:15.764 [info] Got stored sessions!
2024-12-05 14:51:15.764 [info] Verified session with the following scopes: function:accessCodeSyncStorage function:closePort function:controlAdmission function:deleteEnvVar function:generateNewGitpodToken function:getDefaultWorkspaceImage function:getGitpodTokenScopes function:getIDToken function:getLoggedInUser function:getOpenPorts function:getSupportedWorkspaceClasses function:getTeams function:getToken function:getWorkspace function:getWorkspaceEnvVars function:getWorkspaceOwner function:getWorkspaceTimeout function:getWorkspaceUsers function:guessGitTokenScopes function:isWorkspaceOwner function:openPort function:sendHeartBeat function:setEnvVar function:setWorkspaceTimeout function:stopWorkspace function:takeSnapshot function:trackEvent function:updateGitStatus function:waitForSnapshot resource:contentBlob::*::create/get resource:envVar::*/**::update resource:envVar::*/*::update resource:envVar::freeCodeCamp/boilerplate-project-american-british-english-translator::create/get/update/delete resource:gitpodToken::*::create resource:snapshot::ws-freecodecam-boilerplate-g6jmzinuh26::create resource:token::*::get resource:userStorage::*::create/get/update resource:workspace::freecodecam-boilerplate-g6jmzinuh26::get/update resource:workspaceInstance::17134f67-2ddf-49fd-a932-015d45feb93c::get/update/delete
2024-12-05 14:51:15.767 [info] Got 1 verified sessions.
2024-12-05 14:51:15.768 [info] Got 1 sessions for all scopes...
2024-12-05 14:51:15.768 [info] Got 1 sessions for all scopes...
2024-12-05 14:51:15.768 [info] Got 1 sessions for function:accessCodeSyncStorage...
2024-12-05 14:51:15.768 [info] Got 1 sessions for function:accessCodeSyncStorage...
2024-12-05 14:51:15.768 [info] Got 1 sessions for function:accessCodeSyncStorage...
2024-12-05 14:51:15.768 [info] Got 1 sessions for function:accessCodeSyncStorage...
2024-12-05 14:51:16.764 [info] Getting GitHub sessions for all scopes...
2024-12-05 14:51:16.765 [info] Getting GitHub sessions for all scopes...
2024-12-05 14:51:16.765 [info] Getting sessions for all scopes...
2024-12-05 14:51:16.765 [info] Got 1 GitHub sessions for all scopes...
2024-12-05 14:51:16.765 [info] Got 1 GitHub sessions for all scopes...
2024-12-05 14:51:16.765 [info] Got 1 sessions for all scopes...
2024-12-05 14:51:16.873 [info] Getting GitHub sessions for read:user,repo,user:email,workflow...
2024-12-05 14:51:16.873 [info] Got 1 GitHub sessions for read:user,repo,user:email,workflow...
2024-12-05 14:51:16.873 [info] Getting sessions for all scopes...
2024-12-05 14:51:16.873 [info] Getting GitHub sessions for all scopes...
2024-12-05 14:51:16.873 [info] Got 1 sessions for all scopes...
2024-12-05 14:51:16.873 [info] Got 1 GitHub sessions for all scopes...
2024-12-05 14:51:17.063 [info] Getting GitHub sessions for project,read:org,read:user,repo,user:email,workflow...
2024-12-05 14:51:17.064 [info] Got 0 GitHub sessions for project,read:org,read:user,repo,user:email,workflow...
2024-12-05 14:51:17.250 [info] Getting GitHub sessions for read:user,repo,user:email,workflow...
2024-12-05 14:51:17.250 [info] Got 1 GitHub sessions for read:user,repo,user:email,workflow...
